running egg_info
writing ../../build/follow_waypoints/follow_waypoints.egg-info/PKG-INFO
writing dependency_links to ../../build/follow_waypoints/follow_waypoints.egg-info/dependency_links.txt
writing entry points to ../../build/follow_waypoints/follow_waypoints.egg-info/entry_points.txt
writing requirements to ../../build/follow_waypoints/follow_waypoints.egg-info/requires.txt
writing top-level names to ../../build/follow_waypoints/follow_waypoints.egg-info/top_level.txt
reading manifest file '../../build/follow_waypoints/follow_waypoints.egg-info/SOURCES.txt'
writing manifest file '../../build/follow_waypoints/follow_waypoints.egg-info/SOURCES.txt'
running build
running build_py
running install
running install_lib
running install_data
running install_egg_info
removing '/home/tarun_56/lmas_ws/install/follow_waypoints/lib/python3.10/site-packages/follow_waypoints-0.0.0-py3.10.egg-info' (and everything under it)
Copying ../../build/follow_waypoints/follow_waypoints.egg-info to /home/tarun_56/lmas_ws/install/follow_waypoints/lib/python3.10/site-packages/follow_waypoints-0.0.0-py3.10.egg-info
running install_scripts
Installing follow_waypoints_exe script to /home/tarun_56/lmas_ws/install/follow_waypoints/lib/follow_waypoints
Installing go_to_points_exe script to /home/tarun_56/lmas_ws/install/follow_waypoints/lib/follow_waypoints
writing list of installed files to '/home/tarun_56/lmas_ws/build/follow_waypoints/install.log'
