[1.035s] Invoking command in '/home/tarun_56/lmas_ws/src/follow_waypoints': PYTHONPATH=/home/tarun_56/lmas_ws/build/follow_waypoints/prefix_override:/home/tarun_56/lmas_ws/install/follow_waypoints/lib/python3.10/site-packages:${PYTHONPATH} /usr/bin/python3 -W ignore:setup.py install is deprecated setup.py egg_info --egg-base ../../build/follow_waypoints build --build-base /home/tarun_56/lmas_ws/build/follow_waypoints/build install --record /home/tarun_56/lmas_ws/build/follow_waypoints/install.log --single-version-externally-managed install_data
[1.293s] running egg_info
[1.293s] writing ../../build/follow_waypoints/follow_waypoints.egg-info/PKG-INFO
[1.294s] writing dependency_links to ../../build/follow_waypoints/follow_waypoints.egg-info/dependency_links.txt
[1.294s] writing entry points to ../../build/follow_waypoints/follow_waypoints.egg-info/entry_points.txt
[1.295s] writing requirements to ../../build/follow_waypoints/follow_waypoints.egg-info/requires.txt
[1.295s] writing top-level names to ../../build/follow_waypoints/follow_waypoints.egg-info/top_level.txt
[1.297s] reading manifest file '../../build/follow_waypoints/follow_waypoints.egg-info/SOURCES.txt'
[1.299s] writing manifest file '../../build/follow_waypoints/follow_waypoints.egg-info/SOURCES.txt'
[1.299s] running build
[1.299s] running build_py
[1.299s] running install
[1.300s] running install_lib
[1.301s] running install_data
[1.301s] running install_egg_info
[1.303s] removing '/home/tarun_56/lmas_ws/install/follow_waypoints/lib/python3.10/site-packages/follow_waypoints-0.0.0-py3.10.egg-info' (and everything under it)
[1.303s] Copying ../../build/follow_waypoints/follow_waypoints.egg-info to /home/tarun_56/lmas_ws/install/follow_waypoints/lib/python3.10/site-packages/follow_waypoints-0.0.0-py3.10.egg-info
[1.305s] running install_scripts
[1.324s] Installing follow_waypoints_exe script to /home/tarun_56/lmas_ws/install/follow_waypoints/lib/follow_waypoints
[1.324s] Installing go_to_points_exe script to /home/tarun_56/lmas_ws/install/follow_waypoints/lib/follow_waypoints
[1.325s] writing list of installed files to '/home/tarun_56/lmas_ws/build/follow_waypoints/install.log'
[1.352s] Invoked command in '/home/tarun_56/lmas_ws/src/follow_waypoints' returned '0': PYTHONPATH=/home/tarun_56/lmas_ws/build/follow_waypoints/prefix_override:/home/tarun_56/lmas_ws/install/follow_waypoints/lib/python3.10/site-packages:${PYTHONPATH} /usr/bin/python3 -W ignore:setup.py install is deprecated setup.py egg_info --egg-base ../../build/follow_waypoints build --build-base /home/tarun_56/lmas_ws/build/follow_waypoints/build install --record /home/tarun_56/lmas_ws/build/follow_waypoints/install.log --single-version-externally-managed install_data
