[0.026s] Invoking command in '/home/tarun_56/lmas_ws/build/autobot': CMAKE_PREFIX_PATH=/opt/ros/humble /usr/bin/cmake --build /home/tarun_56/lmas_ws/build/autobot -- -j4 -l4
[0.612s] Invoked command in '/home/tarun_56/lmas_ws/build/autobot' returned '0': CMAKE_PREFIX_PATH=/opt/ros/humble /usr/bin/cmake --build /home/tarun_56/lmas_ws/build/autobot -- -j4 -l4
[0.670s] Invoking command in '/home/tarun_56/lmas_ws/build/autobot': CMAKE_PREFIX_PATH=/opt/ros/humble /usr/bin/cmake --install /home/tarun_56/lmas_ws/build/autobot
[0.683s] -- Install configuration: ""
[0.685s] -- Execute custom install script
[0.686s] -- Up-to-date symlink: /home/tarun_56/lmas_ws/install/autobot/share/autobot/config/ball_tracker_params_robot.yaml
[0.688s] -- Up-to-date symlink: /home/tarun_56/lmas_ws/install/autobot/share/autobot/config/ball_tracker_params_sim.yaml
[0.689s] -- Up-to-date symlink: /home/tarun_56/lmas_ws/install/autobot/share/autobot/config/drive_bot.rviz
[0.689s] -- Up-to-date symlink: /home/tarun_56/lmas_ws/install/autobot/share/autobot/config/empty.yaml
[0.690s] -- Up-to-date symlink: /home/tarun_56/lmas_ws/install/autobot/share/autobot/config/gaz_ros2_ctl_use_sim.yaml
[0.692s] -- Up-to-date symlink: /home/tarun_56/lmas_ws/install/autobot/share/autobot/config/gazebo_params.yaml
[0.692s] -- Up-to-date symlink: /home/tarun_56/lmas_ws/install/autobot/share/autobot/config/joystick.yaml
[0.693s] -- Up-to-date symlink: /home/tarun_56/lmas_ws/install/autobot/share/autobot/config/main.rviz
[0.694s] -- Up-to-date symlink: /home/tarun_56/lmas_ws/install/autobot/share/autobot/config/map.rviz
[0.694s] -- Up-to-date symlink: /home/tarun_56/lmas_ws/install/autobot/share/autobot/config/map_filter_params.yaml
[0.695s] -- Up-to-date symlink: /home/tarun_56/lmas_ws/install/autobot/share/autobot/config/mapper_params_online_async.yaml
[0.696s] -- Up-to-date symlink: /home/tarun_56/lmas_ws/install/autobot/share/autobot/config/my_controllers.yaml
[0.697s] -- Up-to-date symlink: /home/tarun_56/lmas_ws/install/autobot/share/autobot/config/nav2_params.yaml
[0.697s] -- Up-to-date symlink: /home/tarun_56/lmas_ws/install/autobot/share/autobot/config/twist_mux.yaml
[0.698s] -- Up-to-date symlink: /home/tarun_56/lmas_ws/install/autobot/share/autobot/config/view_bot.rviz
[0.699s] -- Up-to-date symlink: /home/tarun_56/lmas_ws/install/autobot/share/autobot/config/warehouse.rviz
[0.700s] -- Up-to-date symlink: /home/tarun_56/lmas_ws/install/autobot/share/autobot/description/camera.xacro
[0.700s] -- Up-to-date symlink: /home/tarun_56/lmas_ws/install/autobot/share/autobot/description/depth_camera.xacro
[0.701s] -- Up-to-date symlink: /home/tarun_56/lmas_ws/install/autobot/share/autobot/description/face.xacro
[0.702s] -- Up-to-date symlink: /home/tarun_56/lmas_ws/install/autobot/share/autobot/description/gazebo_control.xacro
[0.703s] -- Up-to-date symlink: /home/tarun_56/lmas_ws/install/autobot/share/autobot/description/inertial_macros.xacro
[0.704s] -- Up-to-date symlink: /home/tarun_56/lmas_ws/install/autobot/share/autobot/description/lidar.xacro
[0.704s] -- Up-to-date symlink: /home/tarun_56/lmas_ws/install/autobot/share/autobot/description/robot.urdf.xacro
[0.705s] -- Up-to-date symlink: /home/tarun_56/lmas_ws/install/autobot/share/autobot/description/robot_core.xacro
[0.706s] -- Up-to-date symlink: /home/tarun_56/lmas_ws/install/autobot/share/autobot/description/ros2_control.xacro
[0.706s] -- Up-to-date symlink: /home/tarun_56/lmas_ws/install/autobot/share/autobot/launch/ball_tracker.launch.py
[0.707s] -- Up-to-date symlink: /home/tarun_56/lmas_ws/install/autobot/share/autobot/launch/camera.launch.py
[0.708s] -- Up-to-date symlink: /home/tarun_56/lmas_ws/install/autobot/share/autobot/launch/detect_robot_launch.py
[0.709s] -- Up-to-date symlink: /home/tarun_56/lmas_ws/install/autobot/share/autobot/launch/joystick.launch.py
[0.709s] -- Up-to-date symlink: /home/tarun_56/lmas_ws/install/autobot/share/autobot/launch/launch_robot.launch.py
[0.710s] -- Up-to-date symlink: /home/tarun_56/lmas_ws/install/autobot/share/autobot/launch/launch_sim.launch.py
[0.711s] -- Up-to-date symlink: /home/tarun_56/lmas_ws/install/autobot/share/autobot/launch/localization_launch.py
[0.712s] -- Up-to-date symlink: /home/tarun_56/lmas_ws/install/autobot/share/autobot/launch/main_two_robots.launch.xml
[0.713s] -- Up-to-date symlink: /home/tarun_56/lmas_ws/install/autobot/share/autobot/launch/map_filters_launch.py
[0.714s] -- Up-to-date symlink: /home/tarun_56/lmas_ws/install/autobot/share/autobot/launch/navigation_launch.py
[0.715s] -- Up-to-date symlink: /home/tarun_56/lmas_ws/install/autobot/share/autobot/launch/online_async_launch.py
[0.716s] -- Up-to-date symlink: /home/tarun_56/lmas_ws/install/autobot/share/autobot/launch/rplidar.launch.py
[0.717s] -- Up-to-date symlink: /home/tarun_56/lmas_ws/install/autobot/share/autobot/launch/rsp.launch.py
[0.718s] -- Up-to-date symlink: /home/tarun_56/lmas_ws/install/autobot/share/autobot/launch/start_world_standalone.launch.py
[0.718s] -- Up-to-date symlink: /home/tarun_56/lmas_ws/install/autobot/share/autobot/launch/test_launch.py
[0.719s] -- Up-to-date symlink: /home/tarun_56/lmas_ws/install/autobot/share/autobot/worlds/empty.world
[0.719s] -- Up-to-date symlink: /home/tarun_56/lmas_ws/install/autobot/share/autobot/worlds/new_warehouse.world
[0.720s] -- Up-to-date symlink: /home/tarun_56/lmas_ws/install/autobot/share/autobot/worlds/obstacles.world
[0.721s] -- Up-to-date symlink: /home/tarun_56/lmas_ws/install/autobot/share/autobot/worlds/room.world/model.config
[0.721s] -- Up-to-date symlink: /home/tarun_56/lmas_ws/install/autobot/share/autobot/worlds/room.world/model.sdf
[0.722s] -- Up-to-date symlink: /home/tarun_56/lmas_ws/install/autobot/share/autobot/worlds/test.world
[0.722s] -- Up-to-date symlink: /home/tarun_56/lmas_ws/install/autobot/share/autobot/worlds/track.world
[0.723s] -- Up-to-date symlink: /home/tarun_56/lmas_ws/install/autobot/share/autobot/worlds/warehouse.world
[0.723s] -- Up-to-date symlink: /home/tarun_56/lmas_ws/install/autobot/share/ament_index/resource_index/package_run_dependencies/autobot
[0.724s] -- Up-to-date symlink: /home/tarun_56/lmas_ws/install/autobot/share/ament_index/resource_index/parent_prefix_path/autobot
[0.725s] -- Up-to-date symlink: /home/tarun_56/lmas_ws/install/autobot/share/autobot/environment/ament_prefix_path.sh
[0.725s] -- Up-to-date symlink: /home/tarun_56/lmas_ws/install/autobot/share/autobot/environment/ament_prefix_path.dsv
[0.726s] -- Up-to-date symlink: /home/tarun_56/lmas_ws/install/autobot/share/autobot/environment/path.sh
[0.726s] -- Up-to-date symlink: /home/tarun_56/lmas_ws/install/autobot/share/autobot/environment/path.dsv
[0.727s] -- Up-to-date symlink: /home/tarun_56/lmas_ws/install/autobot/share/autobot/local_setup.bash
[0.727s] -- Up-to-date symlink: /home/tarun_56/lmas_ws/install/autobot/share/autobot/local_setup.sh
[0.728s] -- Up-to-date symlink: /home/tarun_56/lmas_ws/install/autobot/share/autobot/local_setup.zsh
[0.729s] -- Up-to-date symlink: /home/tarun_56/lmas_ws/install/autobot/share/autobot/local_setup.dsv
[0.729s] -- Symlinking: /home/tarun_56/lmas_ws/install/autobot/share/autobot/package.dsv
[0.733s] -- Up-to-date symlink: /home/tarun_56/lmas_ws/install/autobot/share/ament_index/resource_index/packages/autobot
[0.734s] -- Up-to-date symlink: /home/tarun_56/lmas_ws/install/autobot/share/autobot/cmake/autobotConfig.cmake
[0.735s] -- Up-to-date symlink: /home/tarun_56/lmas_ws/install/autobot/share/autobot/cmake/autobotConfig-version.cmake
[0.737s] -- Up-to-date symlink: /home/tarun_56/lmas_ws/install/autobot/share/autobot/package.xml
[0.738s] Invoked command in '/home/tarun_56/lmas_ws/build/autobot' returned '0': CMAKE_PREFIX_PATH=/opt/ros/humble /usr/bin/cmake --install /home/tarun_56/lmas_ws/build/autobot
