[0.125s] DEBUG:colcon:Command line arguments: ['/usr/bin/colcon', 'build', '--symlink-install']
[0.125s] DEBUG:colcon:Parsed command line arguments: Namespace(log_base=None, log_level=None, verb_name='build', build_base='build', install_base='install', merge_install=False, symlink_install=True, test_result_base=None, continue_on_error=False, executor='parallel', parallel_workers=4, event_handlers=None, ignore_user_meta=False, metas=['./colcon.meta'], base_paths=['.'], packages_ignore=None, packages_ignore_regex=None, paths=None, packages_up_to=None, packages_up_to_regex=None, packages_above=None, packages_above_and_dependencies=None, packages_above_depth=None, packages_select_by_dep=None, packages_skip_by_dep=None, packages_skip_up_to=None, packages_select_build_failed=False, packages_skip_build_finished=False, packages_select_test_failures=False, packages_skip_test_passed=False, packages_select=None, packages_skip=None, packages_select_regex=None, packages_skip_regex=None, packages_start=None, packages_end=None, allow_overriding=[], cmake_args=None, cmake_target=None, cmake_target_skip_unavailable=False, cmake_clean_cache=False, cmake_clean_first=False, cmake_force_configure=False, ament_cmake_args=None, catkin_cmake_args=None, catkin_skip_building_tests=False, verb_parser=<colcon_defaults.argument_parser.defaults.DefaultArgumentsDecorator object at 0x720f87c256f0>, verb_extension=<colcon_core.verb.build.BuildVerb object at 0x720f87c250f0>, main=<bound method BuildVerb.main of <colcon_core.verb.build.BuildVerb object at 0x720f87c250f0>>)
[0.342s] Level 1:colcon.colcon_core.package_discovery:discover_packages(colcon_meta) check parameters
[0.342s] Level 1:colcon.colcon_core.package_discovery:discover_packages(recursive) check parameters
[0.342s] Level 1:colcon.colcon_core.package_discovery:discover_packages(ignore) check parameters
[0.342s] Level 1:colcon.colcon_core.package_discovery:discover_packages(path) check parameters
[0.342s] Level 1:colcon.colcon_core.package_discovery:discover_packages(colcon_meta) discover
[0.342s] Level 1:colcon.colcon_core.package_discovery:discover_packages(recursive) discover
[0.342s] INFO:colcon.colcon_core.package_discovery:Crawling recursively for packages in '/home/tarun_56/lmas_ws'
[0.342s] Level 1:colcon.colcon_core.package_identification:_identify(.) by extensions ['ignore', 'ignore_ament_install']
[0.343s] Level 1:colcon.colcon_core.package_identification:_identify(.) by extension 'ignore'
[0.343s] Level 1:colcon.colcon_core.package_identification:_identify(.) by extension 'ignore_ament_install'
[0.343s] Level 1:colcon.colcon_core.package_identification:_identify(.) by extensions ['colcon_pkg']
[0.343s] Level 1:colcon.colcon_core.package_identification:_identify(.) by extension 'colcon_pkg'
[0.343s] Level 1:colcon.colcon_core.package_identification:_identify(.) by extensions ['colcon_meta']
[0.343s] Level 1:colcon.colcon_core.package_identification:_identify(.) by extension 'colcon_meta'
[0.343s] Level 1:colcon.colcon_core.package_identification:_identify(.) by extensions ['ros']
[0.343s] Level 1:colcon.colcon_core.package_identification:_identify(.) by extension 'ros'
[0.354s] Level 1:colcon.colcon_core.package_identification:_identify(.) by extensions ['cmake', 'python']
[0.354s] Level 1:colcon.colcon_core.package_identification:_identify(.) by extension 'cmake'
[0.354s] Level 1:colcon.colcon_core.package_identification:_identify(.) by extension 'python'
[0.354s] Level 1:colcon.colcon_core.package_identification:_identify(.) by extensions ['python_setup_py']
[0.354s] Level 1:colcon.colcon_core.package_identification:_identify(.) by extension 'python_setup_py'
[0.354s] Level 1:colcon.colcon_core.package_identification:_identify(build) by extensions ['ignore', 'ignore_ament_install']
[0.354s] Level 1:colcon.colcon_core.package_identification:_identify(build) by extension 'ignore'
[0.354s] Level 1:colcon.colcon_core.package_identification:_identify(build) ignored
[0.354s] Level 1:colcon.colcon_core.package_identification:_identify(install) by extensions ['ignore', 'ignore_ament_install']
[0.355s] Level 1:colcon.colcon_core.package_identification:_identify(install) by extension 'ignore'
[0.355s] Level 1:colcon.colcon_core.package_identification:_identify(install) ignored
[0.355s] Level 1:colcon.colcon_core.package_identification:_identify(log) by extensions ['ignore', 'ignore_ament_install']
[0.355s] Level 1:colcon.colcon_core.package_identification:_identify(log) by extension 'ignore'
[0.355s] Level 1:colcon.colcon_core.package_identification:_identify(log) ignored
[0.355s] Level 1:colcon.colcon_core.package_identification:_identify(src) by extensions ['ignore', 'ignore_ament_install']
[0.355s] Level 1:colcon.colcon_core.package_identification:_identify(src) by extension 'ignore'
[0.355s] Level 1:colcon.colcon_core.package_identification:_identify(src) by extension 'ignore_ament_install'
[0.355s] Level 1:colcon.colcon_core.package_identification:_identify(src) by extensions ['colcon_pkg']
[0.355s] Level 1:colcon.colcon_core.package_identification:_identify(src) by extension 'colcon_pkg'
[0.355s] Level 1:colcon.colcon_core.package_identification:_identify(src) by extensions ['colcon_meta']
[0.355s] Level 1:colcon.colcon_core.package_identification:_identify(src) by extension 'colcon_meta'
[0.355s] Level 1:colcon.colcon_core.package_identification:_identify(src) by extensions ['ros']
[0.356s] Level 1:colcon.colcon_core.package_identification:_identify(src) by extension 'ros'
[0.356s] Level 1:colcon.colcon_core.package_identification:_identify(src) by extensions ['cmake', 'python']
[0.356s] Level 1:colcon.colcon_core.package_identification:_identify(src) by extension 'cmake'
[0.356s] Level 1:colcon.colcon_core.package_identification:_identify(src) by extension 'python'
[0.356s] Level 1:colcon.colcon_core.package_identification:_identify(src) by extensions ['python_setup_py']
[0.356s] Level 1:colcon.colcon_core.package_identification:_identify(src) by extension 'python_setup_py'
[0.356s] Level 1:colcon.colcon_core.package_identification:_identify(src/JS_tt) by extensions ['ignore', 'ignore_ament_install']
[0.356s] Level 1:colcon.colcon_core.package_identification:_identify(src/JS_tt) by extension 'ignore'
[0.356s] Level 1:colcon.colcon_core.package_identification:_identify(src/JS_tt) by extension 'ignore_ament_install'
[0.356s] Level 1:colcon.colcon_core.package_identification:_identify(src/JS_tt) by extensions ['colcon_pkg']
[0.356s] Level 1:colcon.colcon_core.package_identification:_identify(src/JS_tt) by extension 'colcon_pkg'
[0.356s] Level 1:colcon.colcon_core.package_identification:_identify(src/JS_tt) by extensions ['colcon_meta']
[0.356s] Level 1:colcon.colcon_core.package_identification:_identify(src/JS_tt) by extension 'colcon_meta'
[0.356s] Level 1:colcon.colcon_core.package_identification:_identify(src/JS_tt) by extensions ['ros']
[0.356s] Level 1:colcon.colcon_core.package_identification:_identify(src/JS_tt) by extension 'ros'
[0.357s] Level 1:colcon.colcon_core.package_identification:_identify(src/JS_tt) by extensions ['cmake', 'python']
[0.357s] Level 1:colcon.colcon_core.package_identification:_identify(src/JS_tt) by extension 'cmake'
[0.357s] Level 1:colcon.colcon_core.package_identification:_identify(src/JS_tt) by extension 'python'
[0.357s] Level 1:colcon.colcon_core.package_identification:_identify(src/JS_tt) by extensions ['python_setup_py']
[0.357s] Level 1:colcon.colcon_core.package_identification:_identify(src/JS_tt) by extension 'python_setup_py'
[0.357s] Level 1:colcon.colcon_core.package_identification:_identify(src/JS_tt/JobShopGA) by extensions ['ignore', 'ignore_ament_install']
[0.357s] Level 1:colcon.colcon_core.package_identification:_identify(src/JS_tt/JobShopGA) by extension 'ignore'
[0.357s] Level 1:colcon.colcon_core.package_identification:_identify(src/JS_tt/JobShopGA) by extension 'ignore_ament_install'
[0.357s] Level 1:colcon.colcon_core.package_identification:_identify(src/JS_tt/JobShopGA) by extensions ['colcon_pkg']
[0.357s] Level 1:colcon.colcon_core.package_identification:_identify(src/JS_tt/JobShopGA) by extension 'colcon_pkg'
[0.357s] Level 1:colcon.colcon_core.package_identification:_identify(src/JS_tt/JobShopGA) by extensions ['colcon_meta']
[0.357s] Level 1:colcon.colcon_core.package_identification:_identify(src/JS_tt/JobShopGA) by extension 'colcon_meta'
[0.357s] Level 1:colcon.colcon_core.package_identification:_identify(src/JS_tt/JobShopGA) by extensions ['ros']
[0.357s] Level 1:colcon.colcon_core.package_identification:_identify(src/JS_tt/JobShopGA) by extension 'ros'
[0.357s] Level 1:colcon.colcon_core.package_identification:_identify(src/JS_tt/JobShopGA) by extensions ['cmake', 'python']
[0.357s] Level 1:colcon.colcon_core.package_identification:_identify(src/JS_tt/JobShopGA) by extension 'cmake'
[0.358s] Level 1:colcon.colcon_core.package_identification:_identify(src/JS_tt/JobShopGA) by extension 'python'
[0.358s] Level 1:colcon.colcon_core.package_identification:_identify(src/JS_tt/JobShopGA) by extensions ['python_setup_py']
[0.358s] Level 1:colcon.colcon_core.package_identification:_identify(src/JS_tt/JobShopGA) by extension 'python_setup_py'
[0.358s] Level 1:colcon.colcon_core.package_identification:_identify(src/JS_tt/JobShopGA/__pycache__) by extensions ['ignore', 'ignore_ament_install']
[0.358s] Level 1:colcon.colcon_core.package_identification:_identify(src/JS_tt/JobShopGA/__pycache__) by extension 'ignore'
[0.358s] Level 1:colcon.colcon_core.package_identification:_identify(src/JS_tt/JobShopGA/__pycache__) by extension 'ignore_ament_install'
[0.358s] Level 1:colcon.colcon_core.package_identification:_identify(src/JS_tt/JobShopGA/__pycache__) by extensions ['colcon_pkg']
[0.358s] Level 1:colcon.colcon_core.package_identification:_identify(src/JS_tt/JobShopGA/__pycache__) by extension 'colcon_pkg'
[0.358s] Level 1:colcon.colcon_core.package_identification:_identify(src/JS_tt/JobShopGA/__pycache__) by extensions ['colcon_meta']
[0.358s] Level 1:colcon.colcon_core.package_identification:_identify(src/JS_tt/JobShopGA/__pycache__) by extension 'colcon_meta'
[0.358s] Level 1:colcon.colcon_core.package_identification:_identify(src/JS_tt/JobShopGA/__pycache__) by extensions ['ros']
[0.358s] Level 1:colcon.colcon_core.package_identification:_identify(src/JS_tt/JobShopGA/__pycache__) by extension 'ros'
[0.358s] Level 1:colcon.colcon_core.package_identification:_identify(src/JS_tt/JobShopGA/__pycache__) by extensions ['cmake', 'python']
[0.358s] Level 1:colcon.colcon_core.package_identification:_identify(src/JS_tt/JobShopGA/__pycache__) by extension 'cmake'
[0.358s] Level 1:colcon.colcon_core.package_identification:_identify(src/JS_tt/JobShopGA/__pycache__) by extension 'python'
[0.358s] Level 1:colcon.colcon_core.package_identification:_identify(src/JS_tt/JobShopGA/__pycache__) by extensions ['python_setup_py']
[0.358s] Level 1:colcon.colcon_core.package_identification:_identify(src/JS_tt/JobShopGA/__pycache__) by extension 'python_setup_py'
[0.359s] Level 1:colcon.colcon_core.package_identification:_identify(src/JobShopGA) by extensions ['ignore', 'ignore_ament_install']
[0.359s] Level 1:colcon.colcon_core.package_identification:_identify(src/JobShopGA) by extension 'ignore'
[0.359s] Level 1:colcon.colcon_core.package_identification:_identify(src/JobShopGA) by extension 'ignore_ament_install'
[0.359s] Level 1:colcon.colcon_core.package_identification:_identify(src/JobShopGA) by extensions ['colcon_pkg']
[0.359s] Level 1:colcon.colcon_core.package_identification:_identify(src/JobShopGA) by extension 'colcon_pkg'
[0.359s] Level 1:colcon.colcon_core.package_identification:_identify(src/JobShopGA) by extensions ['colcon_meta']
[0.359s] Level 1:colcon.colcon_core.package_identification:_identify(src/JobShopGA) by extension 'colcon_meta'
[0.359s] Level 1:colcon.colcon_core.package_identification:_identify(src/JobShopGA) by extensions ['ros']
[0.359s] Level 1:colcon.colcon_core.package_identification:_identify(src/JobShopGA) by extension 'ros'
[0.359s] Level 1:colcon.colcon_core.package_identification:_identify(src/JobShopGA) by extensions ['cmake', 'python']
[0.359s] Level 1:colcon.colcon_core.package_identification:_identify(src/JobShopGA) by extension 'cmake'
[0.359s] Level 1:colcon.colcon_core.package_identification:_identify(src/JobShopGA) by extension 'python'
[0.359s] Level 1:colcon.colcon_core.package_identification:_identify(src/JobShopGA) by extensions ['python_setup_py']
[0.359s] Level 1:colcon.colcon_core.package_identification:_identify(src/JobShopGA) by extension 'python_setup_py'
[0.360s] Level 1:colcon.colcon_core.package_identification:_identify(src/JobShopGA/Results) by extensions ['ignore', 'ignore_ament_install']
[0.360s] Level 1:colcon.colcon_core.package_identification:_identify(src/JobShopGA/Results) by extension 'ignore'
[0.360s] Level 1:colcon.colcon_core.package_identification:_identify(src/JobShopGA/Results) by extension 'ignore_ament_install'
[0.360s] Level 1:colcon.colcon_core.package_identification:_identify(src/JobShopGA/Results) by extensions ['colcon_pkg']
[0.360s] Level 1:colcon.colcon_core.package_identification:_identify(src/JobShopGA/Results) by extension 'colcon_pkg'
[0.360s] Level 1:colcon.colcon_core.package_identification:_identify(src/JobShopGA/Results) by extensions ['colcon_meta']
[0.360s] Level 1:colcon.colcon_core.package_identification:_identify(src/JobShopGA/Results) by extension 'colcon_meta'
[0.360s] Level 1:colcon.colcon_core.package_identification:_identify(src/JobShopGA/Results) by extensions ['ros']
[0.360s] Level 1:colcon.colcon_core.package_identification:_identify(src/JobShopGA/Results) by extension 'ros'
[0.360s] Level 1:colcon.colcon_core.package_identification:_identify(src/JobShopGA/Results) by extensions ['cmake', 'python']
[0.360s] Level 1:colcon.colcon_core.package_identification:_identify(src/JobShopGA/Results) by extension 'cmake'
[0.360s] Level 1:colcon.colcon_core.package_identification:_identify(src/JobShopGA/Results) by extension 'python'
[0.360s] Level 1:colcon.colcon_core.package_identification:_identify(src/JobShopGA/Results) by extensions ['python_setup_py']
[0.360s] Level 1:colcon.colcon_core.package_identification:_identify(src/JobShopGA/Results) by extension 'python_setup_py'
[0.361s] Level 1:colcon.colcon_core.package_identification:_identify(src/JobShopGA/Results/ft06) by extensions ['ignore', 'ignore_ament_install']
[0.361s] Level 1:colcon.colcon_core.package_identification:_identify(src/JobShopGA/Results/ft06) by extension 'ignore'
[0.361s] Level 1:colcon.colcon_core.package_identification:_identify(src/JobShopGA/Results/ft06) by extension 'ignore_ament_install'
[0.361s] Level 1:colcon.colcon_core.package_identification:_identify(src/JobShopGA/Results/ft06) by extensions ['colcon_pkg']
[0.361s] Level 1:colcon.colcon_core.package_identification:_identify(src/JobShopGA/Results/ft06) by extension 'colcon_pkg'
[0.361s] Level 1:colcon.colcon_core.package_identification:_identify(src/JobShopGA/Results/ft06) by extensions ['colcon_meta']
[0.361s] Level 1:colcon.colcon_core.package_identification:_identify(src/JobShopGA/Results/ft06) by extension 'colcon_meta'
[0.361s] Level 1:colcon.colcon_core.package_identification:_identify(src/JobShopGA/Results/ft06) by extensions ['ros']
[0.361s] Level 1:colcon.colcon_core.package_identification:_identify(src/JobShopGA/Results/ft06) by extension 'ros'
[0.361s] Level 1:colcon.colcon_core.package_identification:_identify(src/JobShopGA/Results/ft06) by extensions ['cmake', 'python']
[0.361s] Level 1:colcon.colcon_core.package_identification:_identify(src/JobShopGA/Results/ft06) by extension 'cmake'
[0.361s] Level 1:colcon.colcon_core.package_identification:_identify(src/JobShopGA/Results/ft06) by extension 'python'
[0.361s] Level 1:colcon.colcon_core.package_identification:_identify(src/JobShopGA/Results/ft06) by extensions ['python_setup_py']
[0.361s] Level 1:colcon.colcon_core.package_identification:_identify(src/JobShopGA/Results/ft06) by extension 'python_setup_py'
[0.361s] Level 1:colcon.colcon_core.package_identification:_identify(src/JobShopGA/Results/la01) by extensions ['ignore', 'ignore_ament_install']
[0.362s] Level 1:colcon.colcon_core.package_identification:_identify(src/JobShopGA/Results/la01) by extension 'ignore'
[0.362s] Level 1:colcon.colcon_core.package_identification:_identify(src/JobShopGA/Results/la01) by extension 'ignore_ament_install'
[0.362s] Level 1:colcon.colcon_core.package_identification:_identify(src/JobShopGA/Results/la01) by extensions ['colcon_pkg']
[0.362s] Level 1:colcon.colcon_core.package_identification:_identify(src/JobShopGA/Results/la01) by extension 'colcon_pkg'
[0.362s] Level 1:colcon.colcon_core.package_identification:_identify(src/JobShopGA/Results/la01) by extensions ['colcon_meta']
[0.362s] Level 1:colcon.colcon_core.package_identification:_identify(src/JobShopGA/Results/la01) by extension 'colcon_meta'
[0.362s] Level 1:colcon.colcon_core.package_identification:_identify(src/JobShopGA/Results/la01) by extensions ['ros']
[0.362s] Level 1:colcon.colcon_core.package_identification:_identify(src/JobShopGA/Results/la01) by extension 'ros'
[0.362s] Level 1:colcon.colcon_core.package_identification:_identify(src/JobShopGA/Results/la01) by extensions ['cmake', 'python']
[0.362s] Level 1:colcon.colcon_core.package_identification:_identify(src/JobShopGA/Results/la01) by extension 'cmake'
[0.362s] Level 1:colcon.colcon_core.package_identification:_identify(src/JobShopGA/Results/la01) by extension 'python'
[0.362s] Level 1:colcon.colcon_core.package_identification:_identify(src/JobShopGA/Results/la01) by extensions ['python_setup_py']
[0.362s] Level 1:colcon.colcon_core.package_identification:_identify(src/JobShopGA/Results/la01) by extension 'python_setup_py'
[0.363s] Level 1:colcon.colcon_core.package_identification:_identify(src/JobShopGA/Results/la02) by extensions ['ignore', 'ignore_ament_install']
[0.363s] Level 1:colcon.colcon_core.package_identification:_identify(src/JobShopGA/Results/la02) by extension 'ignore'
[0.363s] Level 1:colcon.colcon_core.package_identification:_identify(src/JobShopGA/Results/la02) by extension 'ignore_ament_install'
[0.363s] Level 1:colcon.colcon_core.package_identification:_identify(src/JobShopGA/Results/la02) by extensions ['colcon_pkg']
[0.363s] Level 1:colcon.colcon_core.package_identification:_identify(src/JobShopGA/Results/la02) by extension 'colcon_pkg'
[0.363s] Level 1:colcon.colcon_core.package_identification:_identify(src/JobShopGA/Results/la02) by extensions ['colcon_meta']
[0.363s] Level 1:colcon.colcon_core.package_identification:_identify(src/JobShopGA/Results/la02) by extension 'colcon_meta'
[0.363s] Level 1:colcon.colcon_core.package_identification:_identify(src/JobShopGA/Results/la02) by extensions ['ros']
[0.363s] Level 1:colcon.colcon_core.package_identification:_identify(src/JobShopGA/Results/la02) by extension 'ros'
[0.363s] Level 1:colcon.colcon_core.package_identification:_identify(src/JobShopGA/Results/la02) by extensions ['cmake', 'python']
[0.363s] Level 1:colcon.colcon_core.package_identification:_identify(src/JobShopGA/Results/la02) by extension 'cmake'
[0.363s] Level 1:colcon.colcon_core.package_identification:_identify(src/JobShopGA/Results/la02) by extension 'python'
[0.363s] Level 1:colcon.colcon_core.package_identification:_identify(src/JobShopGA/Results/la02) by extensions ['python_setup_py']
[0.363s] Level 1:colcon.colcon_core.package_identification:_identify(src/JobShopGA/Results/la02) by extension 'python_setup_py'
[0.363s] Level 1:colcon.colcon_core.package_identification:_identify(src/JobShopGA/Results/la03) by extensions ['ignore', 'ignore_ament_install']
[0.364s] Level 1:colcon.colcon_core.package_identification:_identify(src/JobShopGA/Results/la03) by extension 'ignore'
[0.364s] Level 1:colcon.colcon_core.package_identification:_identify(src/JobShopGA/Results/la03) by extension 'ignore_ament_install'
[0.364s] Level 1:colcon.colcon_core.package_identification:_identify(src/JobShopGA/Results/la03) by extensions ['colcon_pkg']
[0.364s] Level 1:colcon.colcon_core.package_identification:_identify(src/JobShopGA/Results/la03) by extension 'colcon_pkg'
[0.364s] Level 1:colcon.colcon_core.package_identification:_identify(src/JobShopGA/Results/la03) by extensions ['colcon_meta']
[0.364s] Level 1:colcon.colcon_core.package_identification:_identify(src/JobShopGA/Results/la03) by extension 'colcon_meta'
[0.364s] Level 1:colcon.colcon_core.package_identification:_identify(src/JobShopGA/Results/la03) by extensions ['ros']
[0.364s] Level 1:colcon.colcon_core.package_identification:_identify(src/JobShopGA/Results/la03) by extension 'ros'
[0.364s] Level 1:colcon.colcon_core.package_identification:_identify(src/JobShopGA/Results/la03) by extensions ['cmake', 'python']
[0.364s] Level 1:colcon.colcon_core.package_identification:_identify(src/JobShopGA/Results/la03) by extension 'cmake'
[0.364s] Level 1:colcon.colcon_core.package_identification:_identify(src/JobShopGA/Results/la03) by extension 'python'
[0.364s] Level 1:colcon.colcon_core.package_identification:_identify(src/JobShopGA/Results/la03) by extensions ['python_setup_py']
[0.364s] Level 1:colcon.colcon_core.package_identification:_identify(src/JobShopGA/Results/la03) by extension 'python_setup_py'
[0.364s] Level 1:colcon.colcon_core.package_identification:_identify(src/JobShopGA/Results/la04) by extensions ['ignore', 'ignore_ament_install']
[0.365s] Level 1:colcon.colcon_core.package_identification:_identify(src/JobShopGA/Results/la04) by extension 'ignore'
[0.365s] Level 1:colcon.colcon_core.package_identification:_identify(src/JobShopGA/Results/la04) by extension 'ignore_ament_install'
[0.365s] Level 1:colcon.colcon_core.package_identification:_identify(src/JobShopGA/Results/la04) by extensions ['colcon_pkg']
[0.365s] Level 1:colcon.colcon_core.package_identification:_identify(src/JobShopGA/Results/la04) by extension 'colcon_pkg'
[0.365s] Level 1:colcon.colcon_core.package_identification:_identify(src/JobShopGA/Results/la04) by extensions ['colcon_meta']
[0.365s] Level 1:colcon.colcon_core.package_identification:_identify(src/JobShopGA/Results/la04) by extension 'colcon_meta'
[0.365s] Level 1:colcon.colcon_core.package_identification:_identify(src/JobShopGA/Results/la04) by extensions ['ros']
[0.365s] Level 1:colcon.colcon_core.package_identification:_identify(src/JobShopGA/Results/la04) by extension 'ros'
[0.365s] Level 1:colcon.colcon_core.package_identification:_identify(src/JobShopGA/Results/la04) by extensions ['cmake', 'python']
[0.365s] Level 1:colcon.colcon_core.package_identification:_identify(src/JobShopGA/Results/la04) by extension 'cmake'
[0.365s] Level 1:colcon.colcon_core.package_identification:_identify(src/JobShopGA/Results/la04) by extension 'python'
[0.365s] Level 1:colcon.colcon_core.package_identification:_identify(src/JobShopGA/Results/la04) by extensions ['python_setup_py']
[0.365s] Level 1:colcon.colcon_core.package_identification:_identify(src/JobShopGA/Results/la04) by extension 'python_setup_py'
[0.366s] Level 1:colcon.colcon_core.package_identification:_identify(src/JobShopGA/Results/la05) by extensions ['ignore', 'ignore_ament_install']
[0.366s] Level 1:colcon.colcon_core.package_identification:_identify(src/JobShopGA/Results/la05) by extension 'ignore'
[0.366s] Level 1:colcon.colcon_core.package_identification:_identify(src/JobShopGA/Results/la05) by extension 'ignore_ament_install'
[0.366s] Level 1:colcon.colcon_core.package_identification:_identify(src/JobShopGA/Results/la05) by extensions ['colcon_pkg']
[0.366s] Level 1:colcon.colcon_core.package_identification:_identify(src/JobShopGA/Results/la05) by extension 'colcon_pkg'
[0.366s] Level 1:colcon.colcon_core.package_identification:_identify(src/JobShopGA/Results/la05) by extensions ['colcon_meta']
[0.366s] Level 1:colcon.colcon_core.package_identification:_identify(src/JobShopGA/Results/la05) by extension 'colcon_meta'
[0.366s] Level 1:colcon.colcon_core.package_identification:_identify(src/JobShopGA/Results/la05) by extensions ['ros']
[0.366s] Level 1:colcon.colcon_core.package_identification:_identify(src/JobShopGA/Results/la05) by extension 'ros'
[0.366s] Level 1:colcon.colcon_core.package_identification:_identify(src/JobShopGA/Results/la05) by extensions ['cmake', 'python']
[0.366s] Level 1:colcon.colcon_core.package_identification:_identify(src/JobShopGA/Results/la05) by extension 'cmake'
[0.366s] Level 1:colcon.colcon_core.package_identification:_identify(src/JobShopGA/Results/la05) by extension 'python'
[0.366s] Level 1:colcon.colcon_core.package_identification:_identify(src/JobShopGA/Results/la05) by extensions ['python_setup_py']
[0.366s] Level 1:colcon.colcon_core.package_identification:_identify(src/JobShopGA/Results/la05) by extension 'python_setup_py'
[0.367s] Level 1:colcon.colcon_core.package_identification:_identify(src/JobShopGA/__pycache__) by extensions ['ignore', 'ignore_ament_install']
[0.367s] Level 1:colcon.colcon_core.package_identification:_identify(src/JobShopGA/__pycache__) by extension 'ignore'
[0.367s] Level 1:colcon.colcon_core.package_identification:_identify(src/JobShopGA/__pycache__) by extension 'ignore_ament_install'
[0.367s] Level 1:colcon.colcon_core.package_identification:_identify(src/JobShopGA/__pycache__) by extensions ['colcon_pkg']
[0.367s] Level 1:colcon.colcon_core.package_identification:_identify(src/JobShopGA/__pycache__) by extension 'colcon_pkg'
[0.367s] Level 1:colcon.colcon_core.package_identification:_identify(src/JobShopGA/__pycache__) by extensions ['colcon_meta']
[0.367s] Level 1:colcon.colcon_core.package_identification:_identify(src/JobShopGA/__pycache__) by extension 'colcon_meta'
[0.367s] Level 1:colcon.colcon_core.package_identification:_identify(src/JobShopGA/__pycache__) by extensions ['ros']
[0.367s] Level 1:colcon.colcon_core.package_identification:_identify(src/JobShopGA/__pycache__) by extension 'ros'
[0.367s] Level 1:colcon.colcon_core.package_identification:_identify(src/JobShopGA/__pycache__) by extensions ['cmake', 'python']
[0.367s] Level 1:colcon.colcon_core.package_identification:_identify(src/JobShopGA/__pycache__) by extension 'cmake'
[0.367s] Level 1:colcon.colcon_core.package_identification:_identify(src/JobShopGA/__pycache__) by extension 'python'
[0.367s] Level 1:colcon.colcon_core.package_identification:_identify(src/JobShopGA/__pycache__) by extensions ['python_setup_py']
[0.367s] Level 1:colcon.colcon_core.package_identification:_identify(src/JobShopGA/__pycache__) by extension 'python_setup_py'
[0.367s] Level 1:colcon.colcon_core.package_identification:_identify(src/autobot) by extensions ['ignore', 'ignore_ament_install']
[0.368s] Level 1:colcon.colcon_core.package_identification:_identify(src/autobot) by extension 'ignore'
[0.368s] Level 1:colcon.colcon_core.package_identification:_identify(src/autobot) by extension 'ignore_ament_install'
[0.368s] Level 1:colcon.colcon_core.package_identification:_identify(src/autobot) by extensions ['colcon_pkg']
[0.368s] Level 1:colcon.colcon_core.package_identification:_identify(src/autobot) by extension 'colcon_pkg'
[0.368s] Level 1:colcon.colcon_core.package_identification:_identify(src/autobot) by extensions ['colcon_meta']
[0.368s] Level 1:colcon.colcon_core.package_identification:_identify(src/autobot) by extension 'colcon_meta'
[0.368s] Level 1:colcon.colcon_core.package_identification:_identify(src/autobot) by extensions ['ros']
[0.368s] Level 1:colcon.colcon_core.package_identification:_identify(src/autobot) by extension 'ros'
[0.370s] DEBUG:colcon.colcon_core.package_identification:Package 'src/autobot' with type 'ros.ament_cmake' and name 'autobot'
[0.370s] Level 1:colcon.colcon_core.package_identification:_identify(src/ball_tracker) by extensions ['ignore', 'ignore_ament_install']
[0.371s] Level 1:colcon.colcon_core.package_identification:_identify(src/ball_tracker) by extension 'ignore'
[0.371s] Level 1:colcon.colcon_core.package_identification:_identify(src/ball_tracker) by extension 'ignore_ament_install'
[0.371s] Level 1:colcon.colcon_core.package_identification:_identify(src/ball_tracker) by extensions ['colcon_pkg']
[0.371s] Level 1:colcon.colcon_core.package_identification:_identify(src/ball_tracker) by extension 'colcon_pkg'
[0.371s] Level 1:colcon.colcon_core.package_identification:_identify(src/ball_tracker) by extensions ['colcon_meta']
[0.371s] Level 1:colcon.colcon_core.package_identification:_identify(src/ball_tracker) by extension 'colcon_meta'
[0.371s] Level 1:colcon.colcon_core.package_identification:_identify(src/ball_tracker) by extensions ['ros']
[0.371s] Level 1:colcon.colcon_core.package_identification:_identify(src/ball_tracker) by extension 'ros'
[0.372s] DEBUG:colcon.colcon_core.package_identification:Package 'src/ball_tracker' with type 'ros.ament_python' and name 'ball_tracker'
[0.372s] Level 1:colcon.colcon_core.package_identification:_identify(src/follow_waypoints) by extensions ['ignore', 'ignore_ament_install']
[0.372s] Level 1:colcon.colcon_core.package_identification:_identify(src/follow_waypoints) by extension 'ignore'
[0.372s] Level 1:colcon.colcon_core.package_identification:_identify(src/follow_waypoints) by extension 'ignore_ament_install'
[0.372s] Level 1:colcon.colcon_core.package_identification:_identify(src/follow_waypoints) by extensions ['colcon_pkg']
[0.372s] Level 1:colcon.colcon_core.package_identification:_identify(src/follow_waypoints) by extension 'colcon_pkg'
[0.372s] Level 1:colcon.colcon_core.package_identification:_identify(src/follow_waypoints) by extensions ['colcon_meta']
[0.372s] Level 1:colcon.colcon_core.package_identification:_identify(src/follow_waypoints) by extension 'colcon_meta'
[0.372s] Level 1:colcon.colcon_core.package_identification:_identify(src/follow_waypoints) by extensions ['ros']
[0.372s] Level 1:colcon.colcon_core.package_identification:_identify(src/follow_waypoints) by extension 'ros'
[0.373s] DEBUG:colcon.colcon_core.package_identification:Package 'src/follow_waypoints' with type 'ros.ament_python' and name 'follow_waypoints'
[0.373s] Level 1:colcon.colcon_core.package_discovery:discover_packages(recursive) using defaults
[0.373s] Level 1:colcon.colcon_core.package_discovery:discover_packages(ignore) discover
[0.373s] Level 1:colcon.colcon_core.package_discovery:discover_packages(ignore) using defaults
[0.373s] Level 1:colcon.colcon_core.package_discovery:discover_packages(path) discover
[0.373s] Level 1:colcon.colcon_core.package_discovery:discover_packages(path) using defaults
[0.393s] Level 1:colcon.colcon_core.package_discovery:discover_packages(prefix_path) check parameters
[0.393s] Level 1:colcon.colcon_core.package_discovery:discover_packages(prefix_path) discover
[0.395s] DEBUG:colcon.colcon_installed_package_information.package_discovery:Found 3 installed packages in /home/tarun_56/lmas_ws/install
[0.397s] DEBUG:colcon.colcon_installed_package_information.package_discovery:Found 405 installed packages in /opt/ros/humble
[0.399s] Level 1:colcon.colcon_core.package_discovery:discover_packages(prefix_path) using defaults
[0.460s] Level 5:colcon.colcon_core.verb:set package 'autobot' build argument 'cmake_args' from command line to 'None'
[0.460s] Level 5:colcon.colcon_core.verb:set package 'autobot' build argument 'cmake_target' from command line to 'None'
[0.460s] Level 5:colcon.colcon_core.verb:set package 'autobot' build argument 'cmake_target_skip_unavailable' from command line to 'False'
[0.460s] Level 5:colcon.colcon_core.verb:set package 'autobot' build argument 'cmake_clean_cache' from command line to 'False'
[0.460s] Level 5:colcon.colcon_core.verb:set package 'autobot' build argument 'cmake_clean_first' from command line to 'False'
[0.460s] Level 5:colcon.colcon_core.verb:set package 'autobot' build argument 'cmake_force_configure' from command line to 'False'
[0.461s] Level 5:colcon.colcon_core.verb:set package 'autobot' build argument 'ament_cmake_args' from command line to 'None'
[0.461s] Level 5:colcon.colcon_core.verb:set package 'autobot' build argument 'catkin_cmake_args' from command line to 'None'
[0.461s] Level 5:colcon.colcon_core.verb:set package 'autobot' build argument 'catkin_skip_building_tests' from command line to 'False'
[0.461s] DEBUG:colcon.colcon_core.verb:Building package 'autobot' with the following arguments: {'ament_cmake_args': None, 'build_base': '/home/tarun_56/lmas_ws/build/autobot', 'catkin_cmake_args': None, 'catkin_skip_building_tests': False, 'cmake_args': None, 'cmake_clean_cache': False, 'cmake_clean_first': False, 'cmake_force_configure': False, 'cmake_target': None, 'cmake_target_skip_unavailable': False, 'install_base': '/home/tarun_56/lmas_ws/install/autobot', 'merge_install': False, 'path': '/home/tarun_56/lmas_ws/src/autobot', 'symlink_install': True, 'test_result_base': None}
[0.461s] Level 5:colcon.colcon_core.verb:set package 'ball_tracker' build argument 'cmake_args' from command line to 'None'
[0.461s] Level 5:colcon.colcon_core.verb:set package 'ball_tracker' build argument 'cmake_target' from command line to 'None'
[0.461s] Level 5:colcon.colcon_core.verb:set package 'ball_tracker' build argument 'cmake_target_skip_unavailable' from command line to 'False'
[0.461s] Level 5:colcon.colcon_core.verb:set package 'ball_tracker' build argument 'cmake_clean_cache' from command line to 'False'
[0.461s] Level 5:colcon.colcon_core.verb:set package 'ball_tracker' build argument 'cmake_clean_first' from command line to 'False'
[0.461s] Level 5:colcon.colcon_core.verb:set package 'ball_tracker' build argument 'cmake_force_configure' from command line to 'False'
[0.461s] Level 5:colcon.colcon_core.verb:set package 'ball_tracker' build argument 'ament_cmake_args' from command line to 'None'
[0.462s] Level 5:colcon.colcon_core.verb:set package 'ball_tracker' build argument 'catkin_cmake_args' from command line to 'None'
[0.462s] Level 5:colcon.colcon_core.verb:set package 'ball_tracker' build argument 'catkin_skip_building_tests' from command line to 'False'
[0.462s] DEBUG:colcon.colcon_core.verb:Building package 'ball_tracker' with the following arguments: {'ament_cmake_args': None, 'build_base': '/home/tarun_56/lmas_ws/build/ball_tracker', 'catkin_cmake_args': None, 'catkin_skip_building_tests': False, 'cmake_args': None, 'cmake_clean_cache': False, 'cmake_clean_first': False, 'cmake_force_configure': False, 'cmake_target': None, 'cmake_target_skip_unavailable': False, 'install_base': '/home/tarun_56/lmas_ws/install/ball_tracker', 'merge_install': False, 'path': '/home/tarun_56/lmas_ws/src/ball_tracker', 'symlink_install': True, 'test_result_base': None}
[0.462s] Level 5:colcon.colcon_core.verb:set package 'follow_waypoints' build argument 'cmake_args' from command line to 'None'
[0.462s] Level 5:colcon.colcon_core.verb:set package 'follow_waypoints' build argument 'cmake_target' from command line to 'None'
[0.462s] Level 5:colcon.colcon_core.verb:set package 'follow_waypoints' build argument 'cmake_target_skip_unavailable' from command line to 'False'
[0.462s] Level 5:colcon.colcon_core.verb:set package 'follow_waypoints' build argument 'cmake_clean_cache' from command line to 'False'
[0.462s] Level 5:colcon.colcon_core.verb:set package 'follow_waypoints' build argument 'cmake_clean_first' from command line to 'False'
[0.462s] Level 5:colcon.colcon_core.verb:set package 'follow_waypoints' build argument 'cmake_force_configure' from command line to 'False'
[0.462s] Level 5:colcon.colcon_core.verb:set package 'follow_waypoints' build argument 'ament_cmake_args' from command line to 'None'
[0.462s] Level 5:colcon.colcon_core.verb:set package 'follow_waypoints' build argument 'catkin_cmake_args' from command line to 'None'
[0.462s] Level 5:colcon.colcon_core.verb:set package 'follow_waypoints' build argument 'catkin_skip_building_tests' from command line to 'False'
[0.462s] DEBUG:colcon.colcon_core.verb:Building package 'follow_waypoints' with the following arguments: {'ament_cmake_args': None, 'build_base': '/home/tarun_56/lmas_ws/build/follow_waypoints', 'catkin_cmake_args': None, 'catkin_skip_building_tests': False, 'cmake_args': None, 'cmake_clean_cache': False, 'cmake_clean_first': False, 'cmake_force_configure': False, 'cmake_target': None, 'cmake_target_skip_unavailable': False, 'install_base': '/home/tarun_56/lmas_ws/install/follow_waypoints', 'merge_install': False, 'path': '/home/tarun_56/lmas_ws/src/follow_waypoints', 'symlink_install': True, 'test_result_base': None}
[0.463s] INFO:colcon.colcon_core.executor:Executing jobs using 'parallel' executor
[0.464s] DEBUG:colcon.colcon_parallel_executor.executor.parallel:run_until_complete
[0.464s] INFO:colcon.colcon_ros.task.ament_cmake.build:Building ROS package in '/home/tarun_56/lmas_ws/src/autobot' with build type 'ament_cmake'
[0.465s] INFO:colcon.colcon_cmake.task.cmake.build:Building CMake package in '/home/tarun_56/lmas_ws/src/autobot'
[0.468s] INFO:colcon.colcon_core.plugin_system:Skipping extension 'colcon_core.shell.bat': Not used on non-Windows systems
[0.468s] INFO:colcon.colcon_core.shell:Skip shell extension 'powershell' for command environment: Not usable outside of PowerShell
[0.469s] DEBUG:colcon.colcon_core.shell:Skip shell extension 'dsv' for command environment
[0.474s] INFO:colcon.colcon_ros.task.ament_python.build:Building ROS package in '/home/tarun_56/lmas_ws/src/ball_tracker' with build type 'ament_python'
[0.474s] Level 1:colcon.colcon_core.shell:create_environment_hook('ball_tracker', 'ament_prefix_path')
[0.474s] INFO:colcon.colcon_core.shell:Creating environment hook '/home/tarun_56/lmas_ws/install/ball_tracker/share/ball_tracker/hook/ament_prefix_path.ps1'
[0.475s] INFO:colcon.colcon_core.shell:Creating environment descriptor '/home/tarun_56/lmas_ws/install/ball_tracker/share/ball_tracker/hook/ament_prefix_path.dsv'
[0.476s] INFO:colcon.colcon_core.shell:Creating environment hook '/home/tarun_56/lmas_ws/install/ball_tracker/share/ball_tracker/hook/ament_prefix_path.sh'
[0.477s] INFO:colcon.colcon_core.shell:Skip shell extension 'powershell' for command environment: Not usable outside of PowerShell
[0.477s] DEBUG:colcon.colcon_core.shell:Skip shell extension 'dsv' for command environment
[0.482s] INFO:colcon.colcon_ros.task.ament_python.build:Building ROS package in '/home/tarun_56/lmas_ws/src/follow_waypoints' with build type 'ament_python'
[0.482s] Level 1:colcon.colcon_core.shell:create_environment_hook('follow_waypoints', 'ament_prefix_path')
[0.483s] INFO:colcon.colcon_core.shell:Creating environment hook '/home/tarun_56/lmas_ws/install/follow_waypoints/share/follow_waypoints/hook/ament_prefix_path.ps1'
[0.484s] INFO:colcon.colcon_core.shell:Creating environment descriptor '/home/tarun_56/lmas_ws/install/follow_waypoints/share/follow_waypoints/hook/ament_prefix_path.dsv'
[0.484s] INFO:colcon.colcon_core.shell:Creating environment hook '/home/tarun_56/lmas_ws/install/follow_waypoints/share/follow_waypoints/hook/ament_prefix_path.sh'
[0.485s] INFO:colcon.colcon_core.shell:Skip shell extension 'powershell' for command environment: Not usable outside of PowerShell
[0.485s] DEBUG:colcon.colcon_core.shell:Skip shell extension 'dsv' for command environment
[0.501s] DEBUG:colcon.colcon_core.event_handler.log_command:Invoking command in '/home/tarun_56/lmas_ws/build/autobot': CMAKE_PREFIX_PATH=${CMAKE_PREFIX_PATH}:/home/tarun_56/lmas_ws/install/follow_waypoints:/home/tarun_56/lmas_ws/install/ball_tracker:/opt/ros/humble /usr/bin/cmake --build /home/tarun_56/lmas_ws/build/autobot -- -j4 -l4
[0.872s] INFO:colcon.colcon_core.task.python.build:Building Python package in '/home/tarun_56/lmas_ws/src/ball_tracker'
[0.872s] INFO:colcon.colcon_core.shell:Skip shell extension 'powershell' for command environment: Not usable outside of PowerShell
[0.872s] DEBUG:colcon.colcon_core.shell:Skip shell extension 'dsv' for command environment
[1.228s] INFO:colcon.colcon_core.task.python.build:Building Python package in '/home/tarun_56/lmas_ws/src/follow_waypoints'
[1.229s] INFO:colcon.colcon_core.shell:Skip shell extension 'powershell' for command environment: Not usable outside of PowerShell
[1.229s] DEBUG:colcon.colcon_core.shell:Skip shell extension 'dsv' for command environment
[1.234s] DEBUG:colcon.colcon_core.event_handler.log_command:Invoked command in '/home/tarun_56/lmas_ws/build/autobot' returned '0': CMAKE_PREFIX_PATH=${CMAKE_PREFIX_PATH}:/home/tarun_56/lmas_ws/install/follow_waypoints:/home/tarun_56/lmas_ws/install/ball_tracker:/opt/ros/humble /usr/bin/cmake --build /home/tarun_56/lmas_ws/build/autobot -- -j4 -l4
[1.292s] DEBUG:colcon.colcon_core.event_handler.log_command:Invoking command in '/home/tarun_56/lmas_ws/build/autobot': CMAKE_PREFIX_PATH=${CMAKE_PREFIX_PATH}:/home/tarun_56/lmas_ws/install/follow_waypoints:/home/tarun_56/lmas_ws/install/ball_tracker:/opt/ros/humble /usr/bin/cmake --install /home/tarun_56/lmas_ws/build/autobot
[1.351s] Level 1:colcon.colcon_core.environment:create_environment_scripts_only(autobot)
[1.352s] DEBUG:colcon.colcon_core.event_handler.log_command:Invoked command in '/home/tarun_56/lmas_ws/build/autobot' returned '0': CMAKE_PREFIX_PATH=${CMAKE_PREFIX_PATH}:/home/tarun_56/lmas_ws/install/follow_waypoints:/home/tarun_56/lmas_ws/install/ball_tracker:/opt/ros/humble /usr/bin/cmake --install /home/tarun_56/lmas_ws/build/autobot
[1.355s] Level 1:colcon.colcon_core.environment:checking '/home/tarun_56/lmas_ws/install/autobot' for CMake module files
[1.356s] Level 1:colcon.colcon_core.environment:checking '/home/tarun_56/lmas_ws/install/autobot' for CMake config files
[1.357s] Level 1:colcon.colcon_core.shell:create_environment_hook('autobot', 'cmake_prefix_path')
[1.357s] INFO:colcon.colcon_core.shell:Creating environment hook '/home/tarun_56/lmas_ws/install/autobot/share/autobot/hook/cmake_prefix_path.ps1'
[1.358s] INFO:colcon.colcon_core.shell:Creating environment descriptor '/home/tarun_56/lmas_ws/install/autobot/share/autobot/hook/cmake_prefix_path.dsv'
[1.359s] INFO:colcon.colcon_core.shell:Creating environment hook '/home/tarun_56/lmas_ws/install/autobot/share/autobot/hook/cmake_prefix_path.sh'
[1.360s] Level 1:colcon.colcon_core.environment:checking '/home/tarun_56/lmas_ws/install/autobot/bin'
[1.360s] Level 1:colcon.colcon_core.environment:checking '/home/tarun_56/lmas_ws/install/autobot/lib/pkgconfig/autobot.pc'
[1.360s] Level 1:colcon.colcon_core.environment:checking '/home/tarun_56/lmas_ws/install/autobot/lib/python3.10/site-packages'
[1.361s] Level 1:colcon.colcon_core.environment:checking '/home/tarun_56/lmas_ws/install/autobot/bin'
[1.361s] INFO:colcon.colcon_core.shell:Creating package script '/home/tarun_56/lmas_ws/install/autobot/share/autobot/package.ps1'
[1.362s] INFO:colcon.colcon_core.shell:Creating package descriptor '/home/tarun_56/lmas_ws/install/autobot/share/autobot/package.dsv'
[1.363s] INFO:colcon.colcon_core.shell:Creating package script '/home/tarun_56/lmas_ws/install/autobot/share/autobot/package.sh'
[1.366s] INFO:colcon.colcon_core.shell:Creating package script '/home/tarun_56/lmas_ws/install/autobot/share/autobot/package.bash'
[1.367s] INFO:colcon.colcon_core.shell:Creating package script '/home/tarun_56/lmas_ws/install/autobot/share/autobot/package.zsh'
[1.368s] Level 1:colcon.colcon_core.environment:create_file_with_runtime_dependencies(/home/tarun_56/lmas_ws/install/autobot/share/colcon-core/packages/autobot)
[1.414s] Level 1:colcon.colcon_core.environment:create_environment_scripts_only(autobot)
[1.414s] Level 1:colcon.colcon_core.environment:checking '/home/tarun_56/lmas_ws/install/autobot' for CMake module files
[1.415s] Level 1:colcon.colcon_core.environment:checking '/home/tarun_56/lmas_ws/install/autobot' for CMake config files
[1.417s] Level 1:colcon.colcon_core.shell:create_environment_hook('autobot', 'cmake_prefix_path')
[1.417s] INFO:colcon.colcon_core.shell:Creating environment hook '/home/tarun_56/lmas_ws/install/autobot/share/autobot/hook/cmake_prefix_path.ps1'
[1.418s] INFO:colcon.colcon_core.shell:Creating environment descriptor '/home/tarun_56/lmas_ws/install/autobot/share/autobot/hook/cmake_prefix_path.dsv'
[1.419s] INFO:colcon.colcon_core.shell:Creating environment hook '/home/tarun_56/lmas_ws/install/autobot/share/autobot/hook/cmake_prefix_path.sh'
[1.420s] Level 1:colcon.colcon_core.environment:checking '/home/tarun_56/lmas_ws/install/autobot/bin'
[1.420s] Level 1:colcon.colcon_core.environment:checking '/home/tarun_56/lmas_ws/install/autobot/lib/pkgconfig/autobot.pc'
[1.421s] Level 1:colcon.colcon_core.environment:checking '/home/tarun_56/lmas_ws/install/autobot/lib/python3.10/site-packages'
[1.421s] Level 1:colcon.colcon_core.environment:checking '/home/tarun_56/lmas_ws/install/autobot/bin'
[1.422s] INFO:colcon.colcon_core.shell:Creating package script '/home/tarun_56/lmas_ws/install/autobot/share/autobot/package.ps1'
[1.423s] INFO:colcon.colcon_core.shell:Creating package descriptor '/home/tarun_56/lmas_ws/install/autobot/share/autobot/package.dsv'
[1.424s] INFO:colcon.colcon_core.shell:Creating package script '/home/tarun_56/lmas_ws/install/autobot/share/autobot/package.sh'
[1.425s] INFO:colcon.colcon_core.shell:Creating package script '/home/tarun_56/lmas_ws/install/autobot/share/autobot/package.bash'
[1.426s] INFO:colcon.colcon_core.shell:Creating package script '/home/tarun_56/lmas_ws/install/autobot/share/autobot/package.zsh'
[1.427s] Level 1:colcon.colcon_core.environment:create_file_with_runtime_dependencies(/home/tarun_56/lmas_ws/install/autobot/share/colcon-core/packages/autobot)
[1.698s] DEBUG:colcon.colcon_core.event_handler.log_command:Invoking command in '/home/tarun_56/lmas_ws/build/follow_waypoints': PYTHONPATH=/home/tarun_56/lmas_ws/build/follow_waypoints/prefix_override:/usr/lib/python3/dist-packages/colcon_core/task/python/colcon_distutils_commands:/home/tarun_56/lmas_ws/install/follow_waypoints/lib/python3.10/site-packages:${PYTHONPATH} /usr/bin/python3 -W ignore:setup.py install is deprecated setup.py develop --editable --build-directory /home/tarun_56/lmas_ws/build/follow_waypoints/build --no-deps symlink_data
[1.741s] DEBUG:colcon.colcon_core.event_handler.log_command:Invoking command in '/home/tarun_56/lmas_ws/build/ball_tracker': PYTHONPATH=/home/tarun_56/lmas_ws/build/ball_tracker/prefix_override:/usr/lib/python3/dist-packages/colcon_core/task/python/colcon_distutils_commands:/home/tarun_56/lmas_ws/install/ball_tracker/lib/python3.10/site-packages:${PYTHONPATH} /usr/bin/python3 -W ignore:setup.py install is deprecated setup.py develop --editable --build-directory /home/tarun_56/lmas_ws/build/ball_tracker/build --no-deps symlink_data
[2.302s] Level 1:colcon.colcon_core.shell:create_environment_hook('follow_waypoints', 'pythonpath_develop')
[2.302s] INFO:colcon.colcon_core.shell:Creating environment hook '/home/tarun_56/lmas_ws/build/follow_waypoints/share/follow_waypoints/hook/pythonpath_develop.ps1'
[2.303s] INFO:colcon.colcon_core.shell:Creating environment descriptor '/home/tarun_56/lmas_ws/build/follow_waypoints/share/follow_waypoints/hook/pythonpath_develop.dsv'
[2.304s] DEBUG:colcon.colcon_core.event_handler.log_command:Invoked command in '/home/tarun_56/lmas_ws/build/follow_waypoints' returned '0': PYTHONPATH=/home/tarun_56/lmas_ws/build/follow_waypoints/prefix_override:/usr/lib/python3/dist-packages/colcon_core/task/python/colcon_distutils_commands:/home/tarun_56/lmas_ws/install/follow_waypoints/lib/python3.10/site-packages:${PYTHONPATH} /usr/bin/python3 -W ignore:setup.py install is deprecated setup.py develop --editable --build-directory /home/tarun_56/lmas_ws/build/follow_waypoints/build --no-deps symlink_data
[2.304s] INFO:colcon.colcon_core.shell:Creating environment hook '/home/tarun_56/lmas_ws/build/follow_waypoints/share/follow_waypoints/hook/pythonpath_develop.sh'
[2.305s] Level 1:colcon.colcon_core.environment:checking '/home/tarun_56/lmas_ws/install/follow_waypoints' for CMake module files
[2.305s] Level 1:colcon.colcon_core.environment:checking '/home/tarun_56/lmas_ws/install/follow_waypoints' for CMake config files
[2.306s] Level 1:colcon.colcon_core.environment:checking '/home/tarun_56/lmas_ws/install/follow_waypoints/lib'
[2.306s] Level 1:colcon.colcon_core.environment:checking '/home/tarun_56/lmas_ws/install/follow_waypoints/bin'
[2.306s] Level 1:colcon.colcon_core.environment:checking '/home/tarun_56/lmas_ws/install/follow_waypoints/lib/pkgconfig/follow_waypoints.pc'
[2.307s] Level 1:colcon.colcon_core.environment:checking '/home/tarun_56/lmas_ws/install/follow_waypoints/lib/python3.10/site-packages'
[2.307s] Level 1:colcon.colcon_core.shell:create_environment_hook('follow_waypoints', 'pythonpath')
[2.307s] INFO:colcon.colcon_core.shell:Creating environment hook '/home/tarun_56/lmas_ws/install/follow_waypoints/share/follow_waypoints/hook/pythonpath.ps1'
[2.310s] INFO:colcon.colcon_core.shell:Creating environment descriptor '/home/tarun_56/lmas_ws/install/follow_waypoints/share/follow_waypoints/hook/pythonpath.dsv'
[2.311s] INFO:colcon.colcon_core.shell:Creating environment hook '/home/tarun_56/lmas_ws/install/follow_waypoints/share/follow_waypoints/hook/pythonpath.sh'
[2.312s] Level 1:colcon.colcon_core.environment:checking '/home/tarun_56/lmas_ws/install/follow_waypoints/bin'
[2.312s] Level 1:colcon.colcon_core.environment:create_environment_scripts_only(follow_waypoints)
[2.313s] INFO:colcon.colcon_core.shell:Creating package script '/home/tarun_56/lmas_ws/install/follow_waypoints/share/follow_waypoints/package.ps1'
[2.315s] INFO:colcon.colcon_core.shell:Creating package descriptor '/home/tarun_56/lmas_ws/install/follow_waypoints/share/follow_waypoints/package.dsv'
[2.316s] INFO:colcon.colcon_core.shell:Creating package script '/home/tarun_56/lmas_ws/install/follow_waypoints/share/follow_waypoints/package.sh'
[2.317s] INFO:colcon.colcon_core.shell:Creating package script '/home/tarun_56/lmas_ws/install/follow_waypoints/share/follow_waypoints/package.bash'
[2.317s] INFO:colcon.colcon_core.shell:Creating package script '/home/tarun_56/lmas_ws/install/follow_waypoints/share/follow_waypoints/package.zsh'
[2.318s] Level 1:colcon.colcon_core.environment:create_file_with_runtime_dependencies(/home/tarun_56/lmas_ws/install/follow_waypoints/share/colcon-core/packages/follow_waypoints)
[2.359s] Level 1:colcon.colcon_core.shell:create_environment_hook('ball_tracker', 'pythonpath_develop')
[2.360s] DEBUG:colcon.colcon_core.event_handler.log_command:Invoked command in '/home/tarun_56/lmas_ws/build/ball_tracker' returned '0': PYTHONPATH=/home/tarun_56/lmas_ws/build/ball_tracker/prefix_override:/usr/lib/python3/dist-packages/colcon_core/task/python/colcon_distutils_commands:/home/tarun_56/lmas_ws/install/ball_tracker/lib/python3.10/site-packages:${PYTHONPATH} /usr/bin/python3 -W ignore:setup.py install is deprecated setup.py develop --editable --build-directory /home/tarun_56/lmas_ws/build/ball_tracker/build --no-deps symlink_data
[2.360s] INFO:colcon.colcon_core.shell:Creating environment hook '/home/tarun_56/lmas_ws/build/ball_tracker/share/ball_tracker/hook/pythonpath_develop.ps1'
[2.361s] INFO:colcon.colcon_core.shell:Creating environment descriptor '/home/tarun_56/lmas_ws/build/ball_tracker/share/ball_tracker/hook/pythonpath_develop.dsv'
[2.362s] INFO:colcon.colcon_core.shell:Creating environment hook '/home/tarun_56/lmas_ws/build/ball_tracker/share/ball_tracker/hook/pythonpath_develop.sh'
[2.363s] Level 1:colcon.colcon_core.environment:checking '/home/tarun_56/lmas_ws/install/ball_tracker' for CMake module files
[2.363s] Level 1:colcon.colcon_core.environment:checking '/home/tarun_56/lmas_ws/install/ball_tracker' for CMake config files
[2.364s] Level 1:colcon.colcon_core.environment:checking '/home/tarun_56/lmas_ws/install/ball_tracker/lib'
[2.365s] Level 1:colcon.colcon_core.environment:checking '/home/tarun_56/lmas_ws/install/ball_tracker/bin'
[2.365s] Level 1:colcon.colcon_core.environment:checking '/home/tarun_56/lmas_ws/install/ball_tracker/lib/pkgconfig/ball_tracker.pc'
[2.365s] Level 1:colcon.colcon_core.environment:checking '/home/tarun_56/lmas_ws/install/ball_tracker/lib/python3.10/site-packages'
[2.365s] Level 1:colcon.colcon_core.shell:create_environment_hook('ball_tracker', 'pythonpath')
[2.365s] INFO:colcon.colcon_core.shell:Creating environment hook '/home/tarun_56/lmas_ws/install/ball_tracker/share/ball_tracker/hook/pythonpath.ps1'
[2.366s] INFO:colcon.colcon_core.shell:Creating environment descriptor '/home/tarun_56/lmas_ws/install/ball_tracker/share/ball_tracker/hook/pythonpath.dsv'
[2.366s] INFO:colcon.colcon_core.shell:Creating environment hook '/home/tarun_56/lmas_ws/install/ball_tracker/share/ball_tracker/hook/pythonpath.sh'
[2.367s] Level 1:colcon.colcon_core.environment:checking '/home/tarun_56/lmas_ws/install/ball_tracker/bin'
[2.367s] Level 1:colcon.colcon_core.environment:create_environment_scripts_only(ball_tracker)
[2.368s] INFO:colcon.colcon_core.shell:Creating package script '/home/tarun_56/lmas_ws/install/ball_tracker/share/ball_tracker/package.ps1'
[2.368s] INFO:colcon.colcon_core.shell:Creating package descriptor '/home/tarun_56/lmas_ws/install/ball_tracker/share/ball_tracker/package.dsv'
[2.369s] INFO:colcon.colcon_core.shell:Creating package script '/home/tarun_56/lmas_ws/install/ball_tracker/share/ball_tracker/package.sh'
[2.370s] INFO:colcon.colcon_core.shell:Creating package script '/home/tarun_56/lmas_ws/install/ball_tracker/share/ball_tracker/package.bash'
[2.370s] INFO:colcon.colcon_core.shell:Creating package script '/home/tarun_56/lmas_ws/install/ball_tracker/share/ball_tracker/package.zsh'
[2.371s] Level 1:colcon.colcon_core.environment:create_file_with_runtime_dependencies(/home/tarun_56/lmas_ws/install/ball_tracker/share/colcon-core/packages/ball_tracker)
[2.371s] DEBUG:colcon.colcon_parallel_executor.executor.parallel:closing loop
[2.371s] DEBUG:colcon.colcon_parallel_executor.executor.parallel:loop closed
[2.371s] DEBUG:colcon.colcon_parallel_executor.executor.parallel:run_until_complete finished with '0'
[2.372s] DEBUG:colcon.colcon_core.event_reactor:joining thread
[2.378s] INFO:colcon.colcon_core.plugin_system:Skipping extension 'colcon_notification.desktop_notification.terminal_notifier': Not used on non-Darwin systems
[2.378s] INFO:colcon.colcon_core.plugin_system:Skipping extension 'colcon_notification.desktop_notification.win32': Not used on non-Windows systems
[2.378s] INFO:colcon.colcon_notification.desktop_notification:Sending desktop notification using 'notify2'
[2.394s] DEBUG:colcon.colcon_core.event_reactor:joined thread
[2.394s] INFO:colcon.colcon_core.shell:Creating prefix script '/home/tarun_56/lmas_ws/install/local_setup.ps1'
[2.396s] INFO:colcon.colcon_core.shell:Creating prefix util module '/home/tarun_56/lmas_ws/install/_local_setup_util_ps1.py'
[2.398s] INFO:colcon.colcon_core.shell:Creating prefix chain script '/home/tarun_56/lmas_ws/install/setup.ps1'
[2.400s] INFO:colcon.colcon_core.shell:Creating prefix script '/home/tarun_56/lmas_ws/install/local_setup.sh'
[2.403s] INFO:colcon.colcon_core.shell:Creating prefix util module '/home/tarun_56/lmas_ws/install/_local_setup_util_sh.py'
[2.404s] INFO:colcon.colcon_core.shell:Creating prefix chain script '/home/tarun_56/lmas_ws/install/setup.sh'
[2.406s] INFO:colcon.colcon_core.shell:Creating prefix script '/home/tarun_56/lmas_ws/install/local_setup.bash'
[2.406s] INFO:colcon.colcon_core.shell:Creating prefix chain script '/home/tarun_56/lmas_ws/install/setup.bash'
[2.408s] INFO:colcon.colcon_core.shell:Creating prefix script '/home/tarun_56/lmas_ws/install/local_setup.zsh'
[2.409s] INFO:colcon.colcon_core.shell:Creating prefix chain script '/home/tarun_56/lmas_ws/install/setup.zsh'
