[0.141s] DEBUG:colcon:Command line arguments: ['/usr/bin/colcon', 'build', '--symlink-install']
[0.141s] DEBUG:colcon:Parsed command line arguments: Namespace(log_base=None, log_level=None, verb_name='build', build_base='build', install_base='install', merge_install=False, symlink_install=True, test_result_base=None, continue_on_error=False, executor='parallel', parallel_workers=4, event_handlers=None, ignore_user_meta=False, metas=['./colcon.meta'], base_paths=['.'], packages_ignore=None, packages_ignore_regex=None, paths=None, packages_up_to=None, packages_up_to_regex=None, packages_above=None, packages_above_and_dependencies=None, packages_above_depth=None, packages_select_by_dep=None, packages_skip_by_dep=None, packages_skip_up_to=None, packages_select_build_failed=False, packages_skip_build_finished=False, packages_select_test_failures=False, packages_skip_test_passed=False, packages_select=None, packages_skip=None, packages_select_regex=None, packages_skip_regex=None, packages_start=None, packages_end=None, allow_overriding=[], cmake_args=None, cmake_target=None, cmake_target_skip_unavailable=False, cmake_clean_cache=False, cmake_clean_first=False, cmake_force_configure=False, ament_cmake_args=None, catkin_cmake_args=None, catkin_skip_building_tests=False, verb_parser=<colcon_defaults.argument_parser.defaults.DefaultArgumentsDecorator object at 0x7ea4b5dfd330>, verb_extension=<colcon_core.verb.build.BuildVerb object at 0x7ea4b5dfcd30>, main=<bound method BuildVerb.main of <colcon_core.verb.build.BuildVerb object at 0x7ea4b5dfcd30>>)
[0.402s] Level 1:colcon.colcon_core.package_discovery:discover_packages(colcon_meta) check parameters
[0.402s] Level 1:colcon.colcon_core.package_discovery:discover_packages(recursive) check parameters
[0.402s] Level 1:colcon.colcon_core.package_discovery:discover_packages(ignore) check parameters
[0.402s] Level 1:colcon.colcon_core.package_discovery:discover_packages(path) check parameters
[0.402s] Level 1:colcon.colcon_core.package_discovery:discover_packages(colcon_meta) discover
[0.402s] Level 1:colcon.colcon_core.package_discovery:discover_packages(recursive) discover
[0.402s] INFO:colcon.colcon_core.package_discovery:Crawling recursively for packages in '/home/tarun_56/lmas_ws'
[0.402s] Level 1:colcon.colcon_core.package_identification:_identify(.) by extensions ['ignore', 'ignore_ament_install']
[0.403s] Level 1:colcon.colcon_core.package_identification:_identify(.) by extension 'ignore'
[0.403s] Level 1:colcon.colcon_core.package_identification:_identify(.) by extension 'ignore_ament_install'
[0.403s] Level 1:colcon.colcon_core.package_identification:_identify(.) by extensions ['colcon_pkg']
[0.403s] Level 1:colcon.colcon_core.package_identification:_identify(.) by extension 'colcon_pkg'
[0.403s] Level 1:colcon.colcon_core.package_identification:_identify(.) by extensions ['colcon_meta']
[0.403s] Level 1:colcon.colcon_core.package_identification:_identify(.) by extension 'colcon_meta'
[0.403s] Level 1:colcon.colcon_core.package_identification:_identify(.) by extensions ['ros']
[0.403s] Level 1:colcon.colcon_core.package_identification:_identify(.) by extension 'ros'
[0.415s] Level 1:colcon.colcon_core.package_identification:_identify(.) by extensions ['cmake', 'python']
[0.415s] Level 1:colcon.colcon_core.package_identification:_identify(.) by extension 'cmake'
[0.415s] Level 1:colcon.colcon_core.package_identification:_identify(.) by extension 'python'
[0.415s] Level 1:colcon.colcon_core.package_identification:_identify(.) by extensions ['python_setup_py']
[0.415s] Level 1:colcon.colcon_core.package_identification:_identify(.) by extension 'python_setup_py'
[0.415s] Level 1:colcon.colcon_core.package_identification:_identify(build) by extensions ['ignore', 'ignore_ament_install']
[0.416s] Level 1:colcon.colcon_core.package_identification:_identify(build) by extension 'ignore'
[0.416s] Level 1:colcon.colcon_core.package_identification:_identify(build) ignored
[0.416s] Level 1:colcon.colcon_core.package_identification:_identify(install) by extensions ['ignore', 'ignore_ament_install']
[0.416s] Level 1:colcon.colcon_core.package_identification:_identify(install) by extension 'ignore'
[0.416s] Level 1:colcon.colcon_core.package_identification:_identify(install) ignored
[0.416s] Level 1:colcon.colcon_core.package_identification:_identify(log) by extensions ['ignore', 'ignore_ament_install']
[0.416s] Level 1:colcon.colcon_core.package_identification:_identify(log) by extension 'ignore'
[0.417s] Level 1:colcon.colcon_core.package_identification:_identify(log) ignored
[0.417s] Level 1:colcon.colcon_core.package_identification:_identify(src) by extensions ['ignore', 'ignore_ament_install']
[0.417s] Level 1:colcon.colcon_core.package_identification:_identify(src) by extension 'ignore'
[0.417s] Level 1:colcon.colcon_core.package_identification:_identify(src) by extension 'ignore_ament_install'
[0.417s] Level 1:colcon.colcon_core.package_identification:_identify(src) by extensions ['colcon_pkg']
[0.417s] Level 1:colcon.colcon_core.package_identification:_identify(src) by extension 'colcon_pkg'
[0.417s] Level 1:colcon.colcon_core.package_identification:_identify(src) by extensions ['colcon_meta']
[0.417s] Level 1:colcon.colcon_core.package_identification:_identify(src) by extension 'colcon_meta'
[0.417s] Level 1:colcon.colcon_core.package_identification:_identify(src) by extensions ['ros']
[0.417s] Level 1:colcon.colcon_core.package_identification:_identify(src) by extension 'ros'
[0.417s] Level 1:colcon.colcon_core.package_identification:_identify(src) by extensions ['cmake', 'python']
[0.417s] Level 1:colcon.colcon_core.package_identification:_identify(src) by extension 'cmake'
[0.417s] Level 1:colcon.colcon_core.package_identification:_identify(src) by extension 'python'
[0.418s] Level 1:colcon.colcon_core.package_identification:_identify(src) by extensions ['python_setup_py']
[0.418s] Level 1:colcon.colcon_core.package_identification:_identify(src) by extension 'python_setup_py'
[0.418s] Level 1:colcon.colcon_core.package_identification:_identify(src/JobShopGA) by extensions ['ignore', 'ignore_ament_install']
[0.418s] Level 1:colcon.colcon_core.package_identification:_identify(src/JobShopGA) by extension 'ignore'
[0.418s] Level 1:colcon.colcon_core.package_identification:_identify(src/JobShopGA) by extension 'ignore_ament_install'
[0.418s] Level 1:colcon.colcon_core.package_identification:_identify(src/JobShopGA) by extensions ['colcon_pkg']
[0.418s] Level 1:colcon.colcon_core.package_identification:_identify(src/JobShopGA) by extension 'colcon_pkg'
[0.418s] Level 1:colcon.colcon_core.package_identification:_identify(src/JobShopGA) by extensions ['colcon_meta']
[0.418s] Level 1:colcon.colcon_core.package_identification:_identify(src/JobShopGA) by extension 'colcon_meta'
[0.418s] Level 1:colcon.colcon_core.package_identification:_identify(src/JobShopGA) by extensions ['ros']
[0.418s] Level 1:colcon.colcon_core.package_identification:_identify(src/JobShopGA) by extension 'ros'
[0.418s] Level 1:colcon.colcon_core.package_identification:_identify(src/JobShopGA) by extensions ['cmake', 'python']
[0.418s] Level 1:colcon.colcon_core.package_identification:_identify(src/JobShopGA) by extension 'cmake'
[0.418s] Level 1:colcon.colcon_core.package_identification:_identify(src/JobShopGA) by extension 'python'
[0.418s] Level 1:colcon.colcon_core.package_identification:_identify(src/JobShopGA) by extensions ['python_setup_py']
[0.419s] Level 1:colcon.colcon_core.package_identification:_identify(src/JobShopGA) by extension 'python_setup_py'
[0.419s] Level 1:colcon.colcon_core.package_identification:_identify(src/JobShopGA/Results) by extensions ['ignore', 'ignore_ament_install']
[0.419s] Level 1:colcon.colcon_core.package_identification:_identify(src/JobShopGA/Results) by extension 'ignore'
[0.419s] Level 1:colcon.colcon_core.package_identification:_identify(src/JobShopGA/Results) by extension 'ignore_ament_install'
[0.419s] Level 1:colcon.colcon_core.package_identification:_identify(src/JobShopGA/Results) by extensions ['colcon_pkg']
[0.419s] Level 1:colcon.colcon_core.package_identification:_identify(src/JobShopGA/Results) by extension 'colcon_pkg'
[0.419s] Level 1:colcon.colcon_core.package_identification:_identify(src/JobShopGA/Results) by extensions ['colcon_meta']
[0.419s] Level 1:colcon.colcon_core.package_identification:_identify(src/JobShopGA/Results) by extension 'colcon_meta'
[0.419s] Level 1:colcon.colcon_core.package_identification:_identify(src/JobShopGA/Results) by extensions ['ros']
[0.419s] Level 1:colcon.colcon_core.package_identification:_identify(src/JobShopGA/Results) by extension 'ros'
[0.419s] Level 1:colcon.colcon_core.package_identification:_identify(src/JobShopGA/Results) by extensions ['cmake', 'python']
[0.419s] Level 1:colcon.colcon_core.package_identification:_identify(src/JobShopGA/Results) by extension 'cmake'
[0.419s] Level 1:colcon.colcon_core.package_identification:_identify(src/JobShopGA/Results) by extension 'python'
[0.419s] Level 1:colcon.colcon_core.package_identification:_identify(src/JobShopGA/Results) by extensions ['python_setup_py']
[0.419s] Level 1:colcon.colcon_core.package_identification:_identify(src/JobShopGA/Results) by extension 'python_setup_py'
[0.420s] Level 1:colcon.colcon_core.package_identification:_identify(src/JobShopGA/Results/ft06) by extensions ['ignore', 'ignore_ament_install']
[0.420s] Level 1:colcon.colcon_core.package_identification:_identify(src/JobShopGA/Results/ft06) by extension 'ignore'
[0.420s] Level 1:colcon.colcon_core.package_identification:_identify(src/JobShopGA/Results/ft06) by extension 'ignore_ament_install'
[0.420s] Level 1:colcon.colcon_core.package_identification:_identify(src/JobShopGA/Results/ft06) by extensions ['colcon_pkg']
[0.420s] Level 1:colcon.colcon_core.package_identification:_identify(src/JobShopGA/Results/ft06) by extension 'colcon_pkg'
[0.420s] Level 1:colcon.colcon_core.package_identification:_identify(src/JobShopGA/Results/ft06) by extensions ['colcon_meta']
[0.420s] Level 1:colcon.colcon_core.package_identification:_identify(src/JobShopGA/Results/ft06) by extension 'colcon_meta'
[0.420s] Level 1:colcon.colcon_core.package_identification:_identify(src/JobShopGA/Results/ft06) by extensions ['ros']
[0.420s] Level 1:colcon.colcon_core.package_identification:_identify(src/JobShopGA/Results/ft06) by extension 'ros'
[0.420s] Level 1:colcon.colcon_core.package_identification:_identify(src/JobShopGA/Results/ft06) by extensions ['cmake', 'python']
[0.420s] Level 1:colcon.colcon_core.package_identification:_identify(src/JobShopGA/Results/ft06) by extension 'cmake'
[0.420s] Level 1:colcon.colcon_core.package_identification:_identify(src/JobShopGA/Results/ft06) by extension 'python'
[0.420s] Level 1:colcon.colcon_core.package_identification:_identify(src/JobShopGA/Results/ft06) by extensions ['python_setup_py']
[0.420s] Level 1:colcon.colcon_core.package_identification:_identify(src/JobShopGA/Results/ft06) by extension 'python_setup_py'
[0.421s] Level 1:colcon.colcon_core.package_identification:_identify(src/JobShopGA/Results/la01) by extensions ['ignore', 'ignore_ament_install']
[0.421s] Level 1:colcon.colcon_core.package_identification:_identify(src/JobShopGA/Results/la01) by extension 'ignore'
[0.421s] Level 1:colcon.colcon_core.package_identification:_identify(src/JobShopGA/Results/la01) by extension 'ignore_ament_install'
[0.421s] Level 1:colcon.colcon_core.package_identification:_identify(src/JobShopGA/Results/la01) by extensions ['colcon_pkg']
[0.421s] Level 1:colcon.colcon_core.package_identification:_identify(src/JobShopGA/Results/la01) by extension 'colcon_pkg'
[0.421s] Level 1:colcon.colcon_core.package_identification:_identify(src/JobShopGA/Results/la01) by extensions ['colcon_meta']
[0.421s] Level 1:colcon.colcon_core.package_identification:_identify(src/JobShopGA/Results/la01) by extension 'colcon_meta'
[0.421s] Level 1:colcon.colcon_core.package_identification:_identify(src/JobShopGA/Results/la01) by extensions ['ros']
[0.421s] Level 1:colcon.colcon_core.package_identification:_identify(src/JobShopGA/Results/la01) by extension 'ros'
[0.421s] Level 1:colcon.colcon_core.package_identification:_identify(src/JobShopGA/Results/la01) by extensions ['cmake', 'python']
[0.421s] Level 1:colcon.colcon_core.package_identification:_identify(src/JobShopGA/Results/la01) by extension 'cmake'
[0.421s] Level 1:colcon.colcon_core.package_identification:_identify(src/JobShopGA/Results/la01) by extension 'python'
[0.421s] Level 1:colcon.colcon_core.package_identification:_identify(src/JobShopGA/Results/la01) by extensions ['python_setup_py']
[0.421s] Level 1:colcon.colcon_core.package_identification:_identify(src/JobShopGA/Results/la01) by extension 'python_setup_py'
[0.422s] Level 1:colcon.colcon_core.package_identification:_identify(src/JobShopGA/Results/la02) by extensions ['ignore', 'ignore_ament_install']
[0.422s] Level 1:colcon.colcon_core.package_identification:_identify(src/JobShopGA/Results/la02) by extension 'ignore'
[0.422s] Level 1:colcon.colcon_core.package_identification:_identify(src/JobShopGA/Results/la02) by extension 'ignore_ament_install'
[0.422s] Level 1:colcon.colcon_core.package_identification:_identify(src/JobShopGA/Results/la02) by extensions ['colcon_pkg']
[0.422s] Level 1:colcon.colcon_core.package_identification:_identify(src/JobShopGA/Results/la02) by extension 'colcon_pkg'
[0.422s] Level 1:colcon.colcon_core.package_identification:_identify(src/JobShopGA/Results/la02) by extensions ['colcon_meta']
[0.422s] Level 1:colcon.colcon_core.package_identification:_identify(src/JobShopGA/Results/la02) by extension 'colcon_meta'
[0.422s] Level 1:colcon.colcon_core.package_identification:_identify(src/JobShopGA/Results/la02) by extensions ['ros']
[0.422s] Level 1:colcon.colcon_core.package_identification:_identify(src/JobShopGA/Results/la02) by extension 'ros'
[0.422s] Level 1:colcon.colcon_core.package_identification:_identify(src/JobShopGA/Results/la02) by extensions ['cmake', 'python']
[0.422s] Level 1:colcon.colcon_core.package_identification:_identify(src/JobShopGA/Results/la02) by extension 'cmake'
[0.422s] Level 1:colcon.colcon_core.package_identification:_identify(src/JobShopGA/Results/la02) by extension 'python'
[0.422s] Level 1:colcon.colcon_core.package_identification:_identify(src/JobShopGA/Results/la02) by extensions ['python_setup_py']
[0.422s] Level 1:colcon.colcon_core.package_identification:_identify(src/JobShopGA/Results/la02) by extension 'python_setup_py'
[0.423s] Level 1:colcon.colcon_core.package_identification:_identify(src/JobShopGA/Results/la03) by extensions ['ignore', 'ignore_ament_install']
[0.423s] Level 1:colcon.colcon_core.package_identification:_identify(src/JobShopGA/Results/la03) by extension 'ignore'
[0.423s] Level 1:colcon.colcon_core.package_identification:_identify(src/JobShopGA/Results/la03) by extension 'ignore_ament_install'
[0.423s] Level 1:colcon.colcon_core.package_identification:_identify(src/JobShopGA/Results/la03) by extensions ['colcon_pkg']
[0.423s] Level 1:colcon.colcon_core.package_identification:_identify(src/JobShopGA/Results/la03) by extension 'colcon_pkg'
[0.423s] Level 1:colcon.colcon_core.package_identification:_identify(src/JobShopGA/Results/la03) by extensions ['colcon_meta']
[0.423s] Level 1:colcon.colcon_core.package_identification:_identify(src/JobShopGA/Results/la03) by extension 'colcon_meta'
[0.423s] Level 1:colcon.colcon_core.package_identification:_identify(src/JobShopGA/Results/la03) by extensions ['ros']
[0.423s] Level 1:colcon.colcon_core.package_identification:_identify(src/JobShopGA/Results/la03) by extension 'ros'
[0.423s] Level 1:colcon.colcon_core.package_identification:_identify(src/JobShopGA/Results/la03) by extensions ['cmake', 'python']
[0.423s] Level 1:colcon.colcon_core.package_identification:_identify(src/JobShopGA/Results/la03) by extension 'cmake'
[0.423s] Level 1:colcon.colcon_core.package_identification:_identify(src/JobShopGA/Results/la03) by extension 'python'
[0.423s] Level 1:colcon.colcon_core.package_identification:_identify(src/JobShopGA/Results/la03) by extensions ['python_setup_py']
[0.423s] Level 1:colcon.colcon_core.package_identification:_identify(src/JobShopGA/Results/la03) by extension 'python_setup_py'
[0.424s] Level 1:colcon.colcon_core.package_identification:_identify(src/JobShopGA/Results/la04) by extensions ['ignore', 'ignore_ament_install']
[0.424s] Level 1:colcon.colcon_core.package_identification:_identify(src/JobShopGA/Results/la04) by extension 'ignore'
[0.424s] Level 1:colcon.colcon_core.package_identification:_identify(src/JobShopGA/Results/la04) by extension 'ignore_ament_install'
[0.424s] Level 1:colcon.colcon_core.package_identification:_identify(src/JobShopGA/Results/la04) by extensions ['colcon_pkg']
[0.424s] Level 1:colcon.colcon_core.package_identification:_identify(src/JobShopGA/Results/la04) by extension 'colcon_pkg'
[0.424s] Level 1:colcon.colcon_core.package_identification:_identify(src/JobShopGA/Results/la04) by extensions ['colcon_meta']
[0.424s] Level 1:colcon.colcon_core.package_identification:_identify(src/JobShopGA/Results/la04) by extension 'colcon_meta'
[0.424s] Level 1:colcon.colcon_core.package_identification:_identify(src/JobShopGA/Results/la04) by extensions ['ros']
[0.424s] Level 1:colcon.colcon_core.package_identification:_identify(src/JobShopGA/Results/la04) by extension 'ros'
[0.424s] Level 1:colcon.colcon_core.package_identification:_identify(src/JobShopGA/Results/la04) by extensions ['cmake', 'python']
[0.424s] Level 1:colcon.colcon_core.package_identification:_identify(src/JobShopGA/Results/la04) by extension 'cmake'
[0.424s] Level 1:colcon.colcon_core.package_identification:_identify(src/JobShopGA/Results/la04) by extension 'python'
[0.425s] Level 1:colcon.colcon_core.package_identification:_identify(src/JobShopGA/Results/la04) by extensions ['python_setup_py']
[0.425s] Level 1:colcon.colcon_core.package_identification:_identify(src/JobShopGA/Results/la04) by extension 'python_setup_py'
[0.425s] Level 1:colcon.colcon_core.package_identification:_identify(src/JobShopGA/Results/la05) by extensions ['ignore', 'ignore_ament_install']
[0.425s] Level 1:colcon.colcon_core.package_identification:_identify(src/JobShopGA/Results/la05) by extension 'ignore'
[0.425s] Level 1:colcon.colcon_core.package_identification:_identify(src/JobShopGA/Results/la05) by extension 'ignore_ament_install'
[0.425s] Level 1:colcon.colcon_core.package_identification:_identify(src/JobShopGA/Results/la05) by extensions ['colcon_pkg']
[0.425s] Level 1:colcon.colcon_core.package_identification:_identify(src/JobShopGA/Results/la05) by extension 'colcon_pkg'
[0.425s] Level 1:colcon.colcon_core.package_identification:_identify(src/JobShopGA/Results/la05) by extensions ['colcon_meta']
[0.425s] Level 1:colcon.colcon_core.package_identification:_identify(src/JobShopGA/Results/la05) by extension 'colcon_meta'
[0.425s] Level 1:colcon.colcon_core.package_identification:_identify(src/JobShopGA/Results/la05) by extensions ['ros']
[0.425s] Level 1:colcon.colcon_core.package_identification:_identify(src/JobShopGA/Results/la05) by extension 'ros'
[0.425s] Level 1:colcon.colcon_core.package_identification:_identify(src/JobShopGA/Results/la05) by extensions ['cmake', 'python']
[0.425s] Level 1:colcon.colcon_core.package_identification:_identify(src/JobShopGA/Results/la05) by extension 'cmake'
[0.425s] Level 1:colcon.colcon_core.package_identification:_identify(src/JobShopGA/Results/la05) by extension 'python'
[0.425s] Level 1:colcon.colcon_core.package_identification:_identify(src/JobShopGA/Results/la05) by extensions ['python_setup_py']
[0.426s] Level 1:colcon.colcon_core.package_identification:_identify(src/JobShopGA/Results/la05) by extension 'python_setup_py'
[0.426s] Level 1:colcon.colcon_core.package_identification:_identify(src/JobShopGA/__pycache__) by extensions ['ignore', 'ignore_ament_install']
[0.426s] Level 1:colcon.colcon_core.package_identification:_identify(src/JobShopGA/__pycache__) by extension 'ignore'
[0.426s] Level 1:colcon.colcon_core.package_identification:_identify(src/JobShopGA/__pycache__) by extension 'ignore_ament_install'
[0.426s] Level 1:colcon.colcon_core.package_identification:_identify(src/JobShopGA/__pycache__) by extensions ['colcon_pkg']
[0.426s] Level 1:colcon.colcon_core.package_identification:_identify(src/JobShopGA/__pycache__) by extension 'colcon_pkg'
[0.426s] Level 1:colcon.colcon_core.package_identification:_identify(src/JobShopGA/__pycache__) by extensions ['colcon_meta']
[0.426s] Level 1:colcon.colcon_core.package_identification:_identify(src/JobShopGA/__pycache__) by extension 'colcon_meta'
[0.426s] Level 1:colcon.colcon_core.package_identification:_identify(src/JobShopGA/__pycache__) by extensions ['ros']
[0.426s] Level 1:colcon.colcon_core.package_identification:_identify(src/JobShopGA/__pycache__) by extension 'ros'
[0.426s] Level 1:colcon.colcon_core.package_identification:_identify(src/JobShopGA/__pycache__) by extensions ['cmake', 'python']
[0.426s] Level 1:colcon.colcon_core.package_identification:_identify(src/JobShopGA/__pycache__) by extension 'cmake'
[0.426s] Level 1:colcon.colcon_core.package_identification:_identify(src/JobShopGA/__pycache__) by extension 'python'
[0.426s] Level 1:colcon.colcon_core.package_identification:_identify(src/JobShopGA/__pycache__) by extensions ['python_setup_py']
[0.426s] Level 1:colcon.colcon_core.package_identification:_identify(src/JobShopGA/__pycache__) by extension 'python_setup_py'
[0.427s] Level 1:colcon.colcon_core.package_identification:_identify(src/autobot) by extensions ['ignore', 'ignore_ament_install']
[0.427s] Level 1:colcon.colcon_core.package_identification:_identify(src/autobot) by extension 'ignore'
[0.427s] Level 1:colcon.colcon_core.package_identification:_identify(src/autobot) by extension 'ignore_ament_install'
[0.427s] Level 1:colcon.colcon_core.package_identification:_identify(src/autobot) by extensions ['colcon_pkg']
[0.427s] Level 1:colcon.colcon_core.package_identification:_identify(src/autobot) by extension 'colcon_pkg'
[0.427s] Level 1:colcon.colcon_core.package_identification:_identify(src/autobot) by extensions ['colcon_meta']
[0.427s] Level 1:colcon.colcon_core.package_identification:_identify(src/autobot) by extension 'colcon_meta'
[0.427s] Level 1:colcon.colcon_core.package_identification:_identify(src/autobot) by extensions ['ros']
[0.427s] Level 1:colcon.colcon_core.package_identification:_identify(src/autobot) by extension 'ros'
[0.430s] DEBUG:colcon.colcon_core.package_identification:Package 'src/autobot' with type 'ros.ament_cmake' and name 'autobot'
[0.430s] Level 1:colcon.colcon_core.package_identification:_identify(src/ball_tracker) by extensions ['ignore', 'ignore_ament_install']
[0.431s] Level 1:colcon.colcon_core.package_identification:_identify(src/ball_tracker) by extension 'ignore'
[0.431s] Level 1:colcon.colcon_core.package_identification:_identify(src/ball_tracker) by extension 'ignore_ament_install'
[0.431s] Level 1:colcon.colcon_core.package_identification:_identify(src/ball_tracker) by extensions ['colcon_pkg']
[0.431s] Level 1:colcon.colcon_core.package_identification:_identify(src/ball_tracker) by extension 'colcon_pkg'
[0.431s] Level 1:colcon.colcon_core.package_identification:_identify(src/ball_tracker) by extensions ['colcon_meta']
[0.431s] Level 1:colcon.colcon_core.package_identification:_identify(src/ball_tracker) by extension 'colcon_meta'
[0.431s] Level 1:colcon.colcon_core.package_identification:_identify(src/ball_tracker) by extensions ['ros']
[0.431s] Level 1:colcon.colcon_core.package_identification:_identify(src/ball_tracker) by extension 'ros'
[0.432s] DEBUG:colcon.colcon_core.package_identification:Package 'src/ball_tracker' with type 'ros.ament_python' and name 'ball_tracker'
[0.432s] Level 1:colcon.colcon_core.package_identification:_identify(src/follow_waypoints) by extensions ['ignore', 'ignore_ament_install']
[0.432s] Level 1:colcon.colcon_core.package_identification:_identify(src/follow_waypoints) by extension 'ignore'
[0.433s] Level 1:colcon.colcon_core.package_identification:_identify(src/follow_waypoints) by extension 'ignore_ament_install'
[0.433s] Level 1:colcon.colcon_core.package_identification:_identify(src/follow_waypoints) by extensions ['colcon_pkg']
[0.433s] Level 1:colcon.colcon_core.package_identification:_identify(src/follow_waypoints) by extension 'colcon_pkg'
[0.433s] Level 1:colcon.colcon_core.package_identification:_identify(src/follow_waypoints) by extensions ['colcon_meta']
[0.433s] Level 1:colcon.colcon_core.package_identification:_identify(src/follow_waypoints) by extension 'colcon_meta'
[0.433s] Level 1:colcon.colcon_core.package_identification:_identify(src/follow_waypoints) by extensions ['ros']
[0.433s] Level 1:colcon.colcon_core.package_identification:_identify(src/follow_waypoints) by extension 'ros'
[0.433s] DEBUG:colcon.colcon_core.package_identification:Package 'src/follow_waypoints' with type 'ros.ament_python' and name 'follow_waypoints'
[0.433s] Level 1:colcon.colcon_core.package_discovery:discover_packages(recursive) using defaults
[0.434s] Level 1:colcon.colcon_core.package_discovery:discover_packages(ignore) discover
[0.434s] Level 1:colcon.colcon_core.package_discovery:discover_packages(ignore) using defaults
[0.434s] Level 1:colcon.colcon_core.package_discovery:discover_packages(path) discover
[0.434s] Level 1:colcon.colcon_core.package_discovery:discover_packages(path) using defaults
[0.480s] Level 1:colcon.colcon_core.package_discovery:discover_packages(prefix_path) check parameters
[0.480s] Level 1:colcon.colcon_core.package_discovery:discover_packages(prefix_path) discover
[0.484s] DEBUG:colcon.colcon_installed_package_information.package_discovery:Found 404 installed packages in /opt/ros/humble
[0.487s] Level 1:colcon.colcon_core.package_discovery:discover_packages(prefix_path) using defaults
[0.548s] Level 5:colcon.colcon_core.verb:set package 'autobot' build argument 'cmake_args' from command line to 'None'
[0.549s] Level 5:colcon.colcon_core.verb:set package 'autobot' build argument 'cmake_target' from command line to 'None'
[0.549s] Level 5:colcon.colcon_core.verb:set package 'autobot' build argument 'cmake_target_skip_unavailable' from command line to 'False'
[0.549s] Level 5:colcon.colcon_core.verb:set package 'autobot' build argument 'cmake_clean_cache' from command line to 'False'
[0.549s] Level 5:colcon.colcon_core.verb:set package 'autobot' build argument 'cmake_clean_first' from command line to 'False'
[0.549s] Level 5:colcon.colcon_core.verb:set package 'autobot' build argument 'cmake_force_configure' from command line to 'False'
[0.549s] Level 5:colcon.colcon_core.verb:set package 'autobot' build argument 'ament_cmake_args' from command line to 'None'
[0.549s] Level 5:colcon.colcon_core.verb:set package 'autobot' build argument 'catkin_cmake_args' from command line to 'None'
[0.549s] Level 5:colcon.colcon_core.verb:set package 'autobot' build argument 'catkin_skip_building_tests' from command line to 'False'
[0.549s] DEBUG:colcon.colcon_core.verb:Building package 'autobot' with the following arguments: {'ament_cmake_args': None, 'build_base': '/home/tarun_56/lmas_ws/build/autobot', 'catkin_cmake_args': None, 'catkin_skip_building_tests': False, 'cmake_args': None, 'cmake_clean_cache': False, 'cmake_clean_first': False, 'cmake_force_configure': False, 'cmake_target': None, 'cmake_target_skip_unavailable': False, 'install_base': '/home/tarun_56/lmas_ws/install/autobot', 'merge_install': False, 'path': '/home/tarun_56/lmas_ws/src/autobot', 'symlink_install': True, 'test_result_base': None}
[0.549s] Level 5:colcon.colcon_core.verb:set package 'ball_tracker' build argument 'cmake_args' from command line to 'None'
[0.549s] Level 5:colcon.colcon_core.verb:set package 'ball_tracker' build argument 'cmake_target' from command line to 'None'
[0.549s] Level 5:colcon.colcon_core.verb:set package 'ball_tracker' build argument 'cmake_target_skip_unavailable' from command line to 'False'
[0.549s] Level 5:colcon.colcon_core.verb:set package 'ball_tracker' build argument 'cmake_clean_cache' from command line to 'False'
[0.549s] Level 5:colcon.colcon_core.verb:set package 'ball_tracker' build argument 'cmake_clean_first' from command line to 'False'
[0.549s] Level 5:colcon.colcon_core.verb:set package 'ball_tracker' build argument 'cmake_force_configure' from command line to 'False'
[0.549s] Level 5:colcon.colcon_core.verb:set package 'ball_tracker' build argument 'ament_cmake_args' from command line to 'None'
[0.549s] Level 5:colcon.colcon_core.verb:set package 'ball_tracker' build argument 'catkin_cmake_args' from command line to 'None'
[0.549s] Level 5:colcon.colcon_core.verb:set package 'ball_tracker' build argument 'catkin_skip_building_tests' from command line to 'False'
[0.549s] DEBUG:colcon.colcon_core.verb:Building package 'ball_tracker' with the following arguments: {'ament_cmake_args': None, 'build_base': '/home/tarun_56/lmas_ws/build/ball_tracker', 'catkin_cmake_args': None, 'catkin_skip_building_tests': False, 'cmake_args': None, 'cmake_clean_cache': False, 'cmake_clean_first': False, 'cmake_force_configure': False, 'cmake_target': None, 'cmake_target_skip_unavailable': False, 'install_base': '/home/tarun_56/lmas_ws/install/ball_tracker', 'merge_install': False, 'path': '/home/tarun_56/lmas_ws/src/ball_tracker', 'symlink_install': True, 'test_result_base': None}
[0.550s] Level 5:colcon.colcon_core.verb:set package 'follow_waypoints' build argument 'cmake_args' from command line to 'None'
[0.550s] Level 5:colcon.colcon_core.verb:set package 'follow_waypoints' build argument 'cmake_target' from command line to 'None'
[0.550s] Level 5:colcon.colcon_core.verb:set package 'follow_waypoints' build argument 'cmake_target_skip_unavailable' from command line to 'False'
[0.550s] Level 5:colcon.colcon_core.verb:set package 'follow_waypoints' build argument 'cmake_clean_cache' from command line to 'False'
[0.550s] Level 5:colcon.colcon_core.verb:set package 'follow_waypoints' build argument 'cmake_clean_first' from command line to 'False'
[0.550s] Level 5:colcon.colcon_core.verb:set package 'follow_waypoints' build argument 'cmake_force_configure' from command line to 'False'
[0.550s] Level 5:colcon.colcon_core.verb:set package 'follow_waypoints' build argument 'ament_cmake_args' from command line to 'None'
[0.550s] Level 5:colcon.colcon_core.verb:set package 'follow_waypoints' build argument 'catkin_cmake_args' from command line to 'None'
[0.550s] Level 5:colcon.colcon_core.verb:set package 'follow_waypoints' build argument 'catkin_skip_building_tests' from command line to 'False'
[0.550s] DEBUG:colcon.colcon_core.verb:Building package 'follow_waypoints' with the following arguments: {'ament_cmake_args': None, 'build_base': '/home/tarun_56/lmas_ws/build/follow_waypoints', 'catkin_cmake_args': None, 'catkin_skip_building_tests': False, 'cmake_args': None, 'cmake_clean_cache': False, 'cmake_clean_first': False, 'cmake_force_configure': False, 'cmake_target': None, 'cmake_target_skip_unavailable': False, 'install_base': '/home/tarun_56/lmas_ws/install/follow_waypoints', 'merge_install': False, 'path': '/home/tarun_56/lmas_ws/src/follow_waypoints', 'symlink_install': True, 'test_result_base': None}
[0.550s] INFO:colcon.colcon_core.executor:Executing jobs using 'parallel' executor
[0.555s] DEBUG:colcon.colcon_parallel_executor.executor.parallel:run_until_complete
[0.555s] INFO:colcon.colcon_ros.task.ament_cmake.build:Building ROS package in '/home/tarun_56/lmas_ws/src/autobot' with build type 'ament_cmake'
[0.555s] INFO:colcon.colcon_cmake.task.cmake.build:Building CMake package in '/home/tarun_56/lmas_ws/src/autobot'
[0.559s] INFO:colcon.colcon_core.plugin_system:Skipping extension 'colcon_core.shell.bat': Not used on non-Windows systems
[0.559s] INFO:colcon.colcon_core.shell:Skip shell extension 'powershell' for command environment: Not usable outside of PowerShell
[0.560s] DEBUG:colcon.colcon_core.shell:Skip shell extension 'dsv' for command environment
[0.572s] INFO:colcon.colcon_ros.task.ament_python.build:Building ROS package in '/home/tarun_56/lmas_ws/src/ball_tracker' with build type 'ament_python'
[0.572s] Level 1:colcon.colcon_core.shell:create_environment_hook('ball_tracker', 'ament_prefix_path')
[0.573s] INFO:colcon.colcon_core.shell:Creating environment hook '/home/tarun_56/lmas_ws/install/ball_tracker/share/ball_tracker/hook/ament_prefix_path.ps1'
[0.576s] INFO:colcon.colcon_core.shell:Creating environment descriptor '/home/tarun_56/lmas_ws/install/ball_tracker/share/ball_tracker/hook/ament_prefix_path.dsv'
[0.577s] INFO:colcon.colcon_core.shell:Creating environment hook '/home/tarun_56/lmas_ws/install/ball_tracker/share/ball_tracker/hook/ament_prefix_path.sh'
[0.579s] INFO:colcon.colcon_core.shell:Skip shell extension 'powershell' for command environment: Not usable outside of PowerShell
[0.579s] DEBUG:colcon.colcon_core.shell:Skip shell extension 'dsv' for command environment
[0.584s] INFO:colcon.colcon_ros.task.ament_python.build:Building ROS package in '/home/tarun_56/lmas_ws/src/follow_waypoints' with build type 'ament_python'
[0.584s] Level 1:colcon.colcon_core.shell:create_environment_hook('follow_waypoints', 'ament_prefix_path')
[0.585s] INFO:colcon.colcon_core.shell:Creating environment hook '/home/tarun_56/lmas_ws/install/follow_waypoints/share/follow_waypoints/hook/ament_prefix_path.ps1'
[0.586s] INFO:colcon.colcon_core.shell:Creating environment descriptor '/home/tarun_56/lmas_ws/install/follow_waypoints/share/follow_waypoints/hook/ament_prefix_path.dsv'
[0.587s] INFO:colcon.colcon_core.shell:Creating environment hook '/home/tarun_56/lmas_ws/install/follow_waypoints/share/follow_waypoints/hook/ament_prefix_path.sh'
[0.588s] INFO:colcon.colcon_core.shell:Skip shell extension 'powershell' for command environment: Not usable outside of PowerShell
[0.588s] DEBUG:colcon.colcon_core.shell:Skip shell extension 'dsv' for command environment
[0.607s] DEBUG:colcon.colcon_core.event_handler.log_command:Invoking command in '/home/tarun_56/lmas_ws/build/autobot': CMAKE_PREFIX_PATH=/opt/ros/humble /usr/bin/cmake --build /home/tarun_56/lmas_ws/build/autobot -- -j4 -l4
[1.040s] INFO:colcon.colcon_core.task.python.build:Building Python package in '/home/tarun_56/lmas_ws/src/ball_tracker'
[1.040s] INFO:colcon.colcon_core.shell:Skip shell extension 'powershell' for command environment: Not usable outside of PowerShell
[1.040s] DEBUG:colcon.colcon_core.shell:Skip shell extension 'dsv' for command environment
[1.470s] INFO:colcon.colcon_core.task.python.build:Building Python package in '/home/tarun_56/lmas_ws/src/follow_waypoints'
[1.470s] INFO:colcon.colcon_core.shell:Skip shell extension 'powershell' for command environment: Not usable outside of PowerShell
[1.471s] DEBUG:colcon.colcon_core.shell:Skip shell extension 'dsv' for command environment
[1.483s] DEBUG:colcon.colcon_core.event_handler.log_command:Invoked command in '/home/tarun_56/lmas_ws/build/autobot' returned '0': CMAKE_PREFIX_PATH=/opt/ros/humble /usr/bin/cmake --build /home/tarun_56/lmas_ws/build/autobot -- -j4 -l4
[1.613s] DEBUG:colcon.colcon_core.event_handler.log_command:Invoking command in '/home/tarun_56/lmas_ws/build/autobot': CMAKE_PREFIX_PATH=/opt/ros/humble /usr/bin/cmake --install /home/tarun_56/lmas_ws/build/autobot
[1.722s] Level 1:colcon.colcon_core.environment:create_environment_scripts_only(autobot)
[1.723s] DEBUG:colcon.colcon_core.event_handler.log_command:Invoked command in '/home/tarun_56/lmas_ws/build/autobot' returned '0': CMAKE_PREFIX_PATH=/opt/ros/humble /usr/bin/cmake --install /home/tarun_56/lmas_ws/build/autobot
[1.743s] Level 1:colcon.colcon_core.environment:checking '/home/tarun_56/lmas_ws/install/autobot' for CMake module files
[1.744s] Level 1:colcon.colcon_core.environment:checking '/home/tarun_56/lmas_ws/install/autobot' for CMake config files
[1.745s] Level 1:colcon.colcon_core.shell:create_environment_hook('autobot', 'cmake_prefix_path')
[1.752s] INFO:colcon.colcon_core.shell:Creating environment hook '/home/tarun_56/lmas_ws/install/autobot/share/autobot/hook/cmake_prefix_path.ps1'
[1.755s] INFO:colcon.colcon_core.shell:Creating environment descriptor '/home/tarun_56/lmas_ws/install/autobot/share/autobot/hook/cmake_prefix_path.dsv'
[1.757s] INFO:colcon.colcon_core.shell:Creating environment hook '/home/tarun_56/lmas_ws/install/autobot/share/autobot/hook/cmake_prefix_path.sh'
[1.759s] Level 1:colcon.colcon_core.environment:checking '/home/tarun_56/lmas_ws/install/autobot/bin'
[1.759s] Level 1:colcon.colcon_core.environment:checking '/home/tarun_56/lmas_ws/install/autobot/lib/pkgconfig/autobot.pc'
[1.760s] Level 1:colcon.colcon_core.environment:checking '/home/tarun_56/lmas_ws/install/autobot/lib/python3.10/site-packages'
[1.760s] Level 1:colcon.colcon_core.environment:checking '/home/tarun_56/lmas_ws/install/autobot/bin'
[1.761s] INFO:colcon.colcon_core.shell:Creating package script '/home/tarun_56/lmas_ws/install/autobot/share/autobot/package.ps1'
[1.763s] INFO:colcon.colcon_core.shell:Creating package descriptor '/home/tarun_56/lmas_ws/install/autobot/share/autobot/package.dsv'
[1.764s] INFO:colcon.colcon_core.shell:Creating package script '/home/tarun_56/lmas_ws/install/autobot/share/autobot/package.sh'
[1.765s] INFO:colcon.colcon_core.shell:Creating package script '/home/tarun_56/lmas_ws/install/autobot/share/autobot/package.bash'
[1.766s] INFO:colcon.colcon_core.shell:Creating package script '/home/tarun_56/lmas_ws/install/autobot/share/autobot/package.zsh'
[1.767s] Level 1:colcon.colcon_core.environment:create_file_with_runtime_dependencies(/home/tarun_56/lmas_ws/install/autobot/share/colcon-core/packages/autobot)
[1.902s] Level 1:colcon.colcon_core.environment:create_environment_scripts_only(autobot)
[1.903s] Level 1:colcon.colcon_core.environment:checking '/home/tarun_56/lmas_ws/install/autobot' for CMake module files
[1.907s] Level 1:colcon.colcon_core.environment:checking '/home/tarun_56/lmas_ws/install/autobot' for CMake config files
[1.912s] Level 1:colcon.colcon_core.shell:create_environment_hook('autobot', 'cmake_prefix_path')
[1.914s] INFO:colcon.colcon_core.shell:Creating environment hook '/home/tarun_56/lmas_ws/install/autobot/share/autobot/hook/cmake_prefix_path.ps1'
[1.919s] INFO:colcon.colcon_core.shell:Creating environment descriptor '/home/tarun_56/lmas_ws/install/autobot/share/autobot/hook/cmake_prefix_path.dsv'
[1.921s] INFO:colcon.colcon_core.shell:Creating environment hook '/home/tarun_56/lmas_ws/install/autobot/share/autobot/hook/cmake_prefix_path.sh'
[1.922s] Level 1:colcon.colcon_core.environment:checking '/home/tarun_56/lmas_ws/install/autobot/bin'
[1.922s] Level 1:colcon.colcon_core.environment:checking '/home/tarun_56/lmas_ws/install/autobot/lib/pkgconfig/autobot.pc'
[1.926s] Level 1:colcon.colcon_core.environment:checking '/home/tarun_56/lmas_ws/install/autobot/lib/python3.10/site-packages'
[1.927s] Level 1:colcon.colcon_core.environment:checking '/home/tarun_56/lmas_ws/install/autobot/bin'
[1.928s] INFO:colcon.colcon_core.shell:Creating package script '/home/tarun_56/lmas_ws/install/autobot/share/autobot/package.ps1'
[1.929s] INFO:colcon.colcon_core.shell:Creating package descriptor '/home/tarun_56/lmas_ws/install/autobot/share/autobot/package.dsv'
[1.931s] INFO:colcon.colcon_core.shell:Creating package script '/home/tarun_56/lmas_ws/install/autobot/share/autobot/package.sh'
[1.935s] INFO:colcon.colcon_core.shell:Creating package script '/home/tarun_56/lmas_ws/install/autobot/share/autobot/package.bash'
[1.941s] INFO:colcon.colcon_core.shell:Creating package script '/home/tarun_56/lmas_ws/install/autobot/share/autobot/package.zsh'
[1.945s] Level 1:colcon.colcon_core.environment:create_file_with_runtime_dependencies(/home/tarun_56/lmas_ws/install/autobot/share/colcon-core/packages/autobot)
[2.279s] DEBUG:colcon.colcon_core.event_handler.log_command:Invoking command in '/home/tarun_56/lmas_ws/build/follow_waypoints': PYTHONPATH=/home/tarun_56/lmas_ws/build/follow_waypoints/prefix_override:/home/tarun_56/lmas_ws/install/follow_waypoints/lib/python3.10/site-packages:${PYTHONPATH} /usr/bin/python3 -W ignore:setup.py install is deprecated setup.py develop --editable --build-directory /home/tarun_56/lmas_ws/build/follow_waypoints/build --no-deps symlink_data
[2.310s] DEBUG:colcon.colcon_core.event_handler.log_command:Invoking command in '/home/tarun_56/lmas_ws/build/ball_tracker': PYTHONPATH=/home/tarun_56/lmas_ws/build/ball_tracker/prefix_override:/home/tarun_56/lmas_ws/install/ball_tracker/lib/python3.10/site-packages:${PYTHONPATH} /usr/bin/python3 -W ignore:setup.py install is deprecated setup.py develop --editable --build-directory /home/tarun_56/lmas_ws/build/ball_tracker/build --no-deps symlink_data
[3.085s] Level 1:colcon.colcon_core.shell:create_environment_hook('follow_waypoints', 'pythonpath_develop')
[3.085s] INFO:colcon.colcon_core.shell:Creating environment hook '/home/tarun_56/lmas_ws/build/follow_waypoints/share/follow_waypoints/hook/pythonpath_develop.ps1'
[3.087s] INFO:colcon.colcon_core.shell:Creating environment descriptor '/home/tarun_56/lmas_ws/build/follow_waypoints/share/follow_waypoints/hook/pythonpath_develop.dsv'
[3.087s] INFO:colcon.colcon_core.shell:Creating environment hook '/home/tarun_56/lmas_ws/build/follow_waypoints/share/follow_waypoints/hook/pythonpath_develop.sh'
[3.090s] Level 1:colcon.colcon_core.environment:checking '/home/tarun_56/lmas_ws/install/follow_waypoints' for CMake module files
[3.091s] Level 1:colcon.colcon_core.environment:checking '/home/tarun_56/lmas_ws/install/follow_waypoints' for CMake config files
[3.092s] Level 1:colcon.colcon_core.environment:checking '/home/tarun_56/lmas_ws/install/follow_waypoints/lib'
[3.092s] Level 1:colcon.colcon_core.environment:checking '/home/tarun_56/lmas_ws/install/follow_waypoints/bin'
[3.092s] Level 1:colcon.colcon_core.environment:checking '/home/tarun_56/lmas_ws/install/follow_waypoints/lib/pkgconfig/follow_waypoints.pc'
[3.092s] Level 1:colcon.colcon_core.environment:checking '/home/tarun_56/lmas_ws/install/follow_waypoints/lib/python3.10/site-packages'
[3.093s] Level 1:colcon.colcon_core.shell:create_environment_hook('follow_waypoints', 'pythonpath')
[3.093s] INFO:colcon.colcon_core.shell:Creating environment hook '/home/tarun_56/lmas_ws/install/follow_waypoints/share/follow_waypoints/hook/pythonpath.ps1'
[3.094s] DEBUG:colcon.colcon_core.event_handler.log_command:Invoked command in '/home/tarun_56/lmas_ws/build/follow_waypoints' returned '0': PYTHONPATH=/home/tarun_56/lmas_ws/build/follow_waypoints/prefix_override:/home/tarun_56/lmas_ws/install/follow_waypoints/lib/python3.10/site-packages:${PYTHONPATH} /usr/bin/python3 -W ignore:setup.py install is deprecated setup.py develop --editable --build-directory /home/tarun_56/lmas_ws/build/follow_waypoints/build --no-deps symlink_data
[3.096s] INFO:colcon.colcon_core.shell:Creating environment descriptor '/home/tarun_56/lmas_ws/install/follow_waypoints/share/follow_waypoints/hook/pythonpath.dsv'
[3.097s] INFO:colcon.colcon_core.shell:Creating environment hook '/home/tarun_56/lmas_ws/install/follow_waypoints/share/follow_waypoints/hook/pythonpath.sh'
[3.098s] Level 1:colcon.colcon_core.environment:checking '/home/tarun_56/lmas_ws/install/follow_waypoints/bin'
[3.098s] Level 1:colcon.colcon_core.environment:create_environment_scripts_only(follow_waypoints)
[3.099s] INFO:colcon.colcon_core.shell:Creating package script '/home/tarun_56/lmas_ws/install/follow_waypoints/share/follow_waypoints/package.ps1'
[3.100s] INFO:colcon.colcon_core.shell:Creating package descriptor '/home/tarun_56/lmas_ws/install/follow_waypoints/share/follow_waypoints/package.dsv'
[3.102s] INFO:colcon.colcon_core.shell:Creating package script '/home/tarun_56/lmas_ws/install/follow_waypoints/share/follow_waypoints/package.sh'
[3.106s] INFO:colcon.colcon_core.shell:Creating package script '/home/tarun_56/lmas_ws/install/follow_waypoints/share/follow_waypoints/package.bash'
[3.109s] INFO:colcon.colcon_core.shell:Creating package script '/home/tarun_56/lmas_ws/install/follow_waypoints/share/follow_waypoints/package.zsh'
[3.110s] Level 1:colcon.colcon_core.environment:create_file_with_runtime_dependencies(/home/tarun_56/lmas_ws/install/follow_waypoints/share/colcon-core/packages/follow_waypoints)
[3.163s] Level 1:colcon.colcon_core.shell:create_environment_hook('ball_tracker', 'pythonpath_develop')
[3.163s] DEBUG:colcon.colcon_core.event_handler.log_command:Invoked command in '/home/tarun_56/lmas_ws/build/ball_tracker' returned '0': PYTHONPATH=/home/tarun_56/lmas_ws/build/ball_tracker/prefix_override:/home/tarun_56/lmas_ws/install/ball_tracker/lib/python3.10/site-packages:${PYTHONPATH} /usr/bin/python3 -W ignore:setup.py install is deprecated setup.py develop --editable --build-directory /home/tarun_56/lmas_ws/build/ball_tracker/build --no-deps symlink_data
[3.164s] INFO:colcon.colcon_core.shell:Creating environment hook '/home/tarun_56/lmas_ws/build/ball_tracker/share/ball_tracker/hook/pythonpath_develop.ps1'
[3.165s] INFO:colcon.colcon_core.shell:Creating environment descriptor '/home/tarun_56/lmas_ws/build/ball_tracker/share/ball_tracker/hook/pythonpath_develop.dsv'
[3.166s] INFO:colcon.colcon_core.shell:Creating environment hook '/home/tarun_56/lmas_ws/build/ball_tracker/share/ball_tracker/hook/pythonpath_develop.sh'
[3.167s] Level 1:colcon.colcon_core.environment:checking '/home/tarun_56/lmas_ws/install/ball_tracker' for CMake module files
[3.168s] Level 1:colcon.colcon_core.environment:checking '/home/tarun_56/lmas_ws/install/ball_tracker' for CMake config files
[3.168s] Level 1:colcon.colcon_core.environment:checking '/home/tarun_56/lmas_ws/install/ball_tracker/lib'
[3.168s] Level 1:colcon.colcon_core.environment:checking '/home/tarun_56/lmas_ws/install/ball_tracker/bin'
[3.168s] Level 1:colcon.colcon_core.environment:checking '/home/tarun_56/lmas_ws/install/ball_tracker/lib/pkgconfig/ball_tracker.pc'
[3.169s] Level 1:colcon.colcon_core.environment:checking '/home/tarun_56/lmas_ws/install/ball_tracker/lib/python3.10/site-packages'
[3.169s] Level 1:colcon.colcon_core.shell:create_environment_hook('ball_tracker', 'pythonpath')
[3.170s] INFO:colcon.colcon_core.shell:Creating environment hook '/home/tarun_56/lmas_ws/install/ball_tracker/share/ball_tracker/hook/pythonpath.ps1'
[3.171s] INFO:colcon.colcon_core.shell:Creating environment descriptor '/home/tarun_56/lmas_ws/install/ball_tracker/share/ball_tracker/hook/pythonpath.dsv'
[3.172s] INFO:colcon.colcon_core.shell:Creating environment hook '/home/tarun_56/lmas_ws/install/ball_tracker/share/ball_tracker/hook/pythonpath.sh'
[3.173s] Level 1:colcon.colcon_core.environment:checking '/home/tarun_56/lmas_ws/install/ball_tracker/bin'
[3.173s] Level 1:colcon.colcon_core.environment:create_environment_scripts_only(ball_tracker)
[3.173s] INFO:colcon.colcon_core.shell:Creating package script '/home/tarun_56/lmas_ws/install/ball_tracker/share/ball_tracker/package.ps1'
[3.174s] INFO:colcon.colcon_core.shell:Creating package descriptor '/home/tarun_56/lmas_ws/install/ball_tracker/share/ball_tracker/package.dsv'
[3.176s] INFO:colcon.colcon_core.shell:Creating package script '/home/tarun_56/lmas_ws/install/ball_tracker/share/ball_tracker/package.sh'
[3.177s] INFO:colcon.colcon_core.shell:Creating package script '/home/tarun_56/lmas_ws/install/ball_tracker/share/ball_tracker/package.bash'
[3.177s] INFO:colcon.colcon_core.shell:Creating package script '/home/tarun_56/lmas_ws/install/ball_tracker/share/ball_tracker/package.zsh'
[3.178s] Level 1:colcon.colcon_core.environment:create_file_with_runtime_dependencies(/home/tarun_56/lmas_ws/install/ball_tracker/share/colcon-core/packages/ball_tracker)
[3.182s] DEBUG:colcon.colcon_parallel_executor.executor.parallel:closing loop
[3.182s] DEBUG:colcon.colcon_parallel_executor.executor.parallel:loop closed
[3.182s] DEBUG:colcon.colcon_parallel_executor.executor.parallel:run_until_complete finished with '0'
[3.182s] DEBUG:colcon.colcon_core.event_reactor:joining thread
[3.197s] INFO:colcon.colcon_core.plugin_system:Skipping extension 'colcon_notification.desktop_notification.terminal_notifier': Not used on non-Darwin systems
[3.197s] INFO:colcon.colcon_core.plugin_system:Skipping extension 'colcon_notification.desktop_notification.win32': Not used on non-Windows systems
[3.197s] INFO:colcon.colcon_notification.desktop_notification:Sending desktop notification using 'notify2'
[3.218s] DEBUG:colcon.colcon_core.event_reactor:joined thread
[3.219s] INFO:colcon.colcon_core.shell:Creating prefix script '/home/tarun_56/lmas_ws/install/local_setup.ps1'
[3.221s] INFO:colcon.colcon_core.shell:Creating prefix util module '/home/tarun_56/lmas_ws/install/_local_setup_util_ps1.py'
[3.228s] INFO:colcon.colcon_core.shell:Creating prefix chain script '/home/tarun_56/lmas_ws/install/setup.ps1'
[3.231s] INFO:colcon.colcon_core.shell:Creating prefix script '/home/tarun_56/lmas_ws/install/local_setup.sh'
[3.233s] INFO:colcon.colcon_core.shell:Creating prefix util module '/home/tarun_56/lmas_ws/install/_local_setup_util_sh.py'
[3.235s] INFO:colcon.colcon_core.shell:Creating prefix chain script '/home/tarun_56/lmas_ws/install/setup.sh'
[3.237s] INFO:colcon.colcon_core.shell:Creating prefix script '/home/tarun_56/lmas_ws/install/local_setup.bash'
[3.239s] INFO:colcon.colcon_core.shell:Creating prefix chain script '/home/tarun_56/lmas_ws/install/setup.bash'
[3.243s] INFO:colcon.colcon_core.shell:Creating prefix script '/home/tarun_56/lmas_ws/install/local_setup.zsh'
[3.245s] INFO:colcon.colcon_core.shell:Creating prefix chain script '/home/tarun_56/lmas_ws/install/setup.zsh'
