[0.034s] Invoking command in '/home/tarun_56/lmas_ws/build/autobot': CMAKE_PREFIX_PATH=/opt/ros/humble /usr/bin/cmake /home/tarun_56/lmas_ws/src/autobot -DAMENT_CMAKE_SYMLINK_INSTALL=1 -DCMAKE_INSTALL_PREFIX=/home/tarun_56/lmas_ws/install/autobot
[0.407s] -- Found ament_cmake: 1.3.9 (/opt/ros/humble/share/ament_cmake/cmake)
[0.407s] -- Override CMake install command with custom implementation using symlinks instead of copying resources
[0.407s] -- Found ament_lint_auto: 0.12.11 (/opt/ros/humble/share/ament_lint_auto/cmake)
[0.500s] -- Added test 'copyright' to check source files copyright and LICENSE
[0.510s] -- Added test 'flake8' to check Python code syntax and style conventions
[0.513s] -- Added test 'lint_cmake' to check CMake code style
[0.514s] -- Added test 'pep257' to check Python code against some of the docstring style conventions in PEP 257
[0.522s] -- Added test 'xmllint' to check XML markup files
[0.528s] -- Configuring done
[0.547s] -- Generating done
[0.550s] -- Build files have been written to: /home/tarun_56/lmas_ws/build/autobot
[0.781s] Invoked command in '/home/tarun_56/lmas_ws/build/autobot' returned '0': CMAKE_PREFIX_PATH=/opt/ros/humble /usr/bin/cmake /home/tarun_56/lmas_ws/src/autobot -DAMENT_CMAKE_SYMLINK_INSTALL=1 -DCMAKE_INSTALL_PREFIX=/home/tarun_56/lmas_ws/install/autobot
[0.786s] Invoking command in '/home/tarun_56/lmas_ws/build/autobot': CMAKE_PREFIX_PATH=/opt/ros/humble /usr/bin/cmake --build /home/tarun_56/lmas_ws/build/autobot -- -j4 -l4
[0.840s] Invoked command in '/home/tarun_56/lmas_ws/build/autobot' returned '0': CMAKE_PREFIX_PATH=/opt/ros/humble /usr/bin/cmake --build /home/tarun_56/lmas_ws/build/autobot -- -j4 -l4
[0.903s] Invoking command in '/home/tarun_56/lmas_ws/build/autobot': CMAKE_PREFIX_PATH=/opt/ros/humble /usr/bin/cmake --install /home/tarun_56/lmas_ws/build/autobot
[0.916s] -- Install configuration: ""
[0.917s] -- Execute custom install script
[0.918s] -- Symlinking: /home/tarun_56/lmas_ws/install/autobot/share/autobot/config/ball_tracker_params_robot.yaml
[0.936s] -- Symlinking: /home/tarun_56/lmas_ws/install/autobot/share/autobot/config/ball_tracker_params_sim.yaml
[0.952s] -- Symlinking: /home/tarun_56/lmas_ws/install/autobot/share/autobot/config/drive_bot.rviz
[0.964s] -- Symlinking: /home/tarun_56/lmas_ws/install/autobot/share/autobot/config/empty.yaml
[0.976s] -- Symlinking: /home/tarun_56/lmas_ws/install/autobot/share/autobot/config/gaz_ros2_ctl_use_sim.yaml
[0.987s] -- Symlinking: /home/tarun_56/lmas_ws/install/autobot/share/autobot/config/gazebo_params.yaml
[0.999s] -- Symlinking: /home/tarun_56/lmas_ws/install/autobot/share/autobot/config/joystick.yaml
[1.011s] -- Symlinking: /home/tarun_56/lmas_ws/install/autobot/share/autobot/config/main.rviz
[1.024s] -- Symlinking: /home/tarun_56/lmas_ws/install/autobot/share/autobot/config/map.rviz
[1.035s] -- Symlinking: /home/tarun_56/lmas_ws/install/autobot/share/autobot/config/map_filter_params.yaml
[1.049s] -- Symlinking: /home/tarun_56/lmas_ws/install/autobot/share/autobot/config/mapper_params_online_async.yaml
[1.063s] -- Symlinking: /home/tarun_56/lmas_ws/install/autobot/share/autobot/config/my_controllers.yaml
[1.080s] -- Symlinking: /home/tarun_56/lmas_ws/install/autobot/share/autobot/config/nav2_params.yaml
[1.095s] -- Symlinking: /home/tarun_56/lmas_ws/install/autobot/share/autobot/config/twist_mux.yaml
[1.112s] -- Symlinking: /home/tarun_56/lmas_ws/install/autobot/share/autobot/config/view_bot.rviz
[1.128s] -- Symlinking: /home/tarun_56/lmas_ws/install/autobot/share/autobot/config/warehouse.rviz
[1.158s] -- Symlinking: /home/tarun_56/lmas_ws/install/autobot/share/autobot/description/camera.xacro
[1.171s] -- Symlinking: /home/tarun_56/lmas_ws/install/autobot/share/autobot/description/depth_camera.xacro
[1.191s] -- Symlinking: /home/tarun_56/lmas_ws/install/autobot/share/autobot/description/face.xacro
[1.210s] -- Symlinking: /home/tarun_56/lmas_ws/install/autobot/share/autobot/description/gazebo_control.xacro
[1.225s] -- Symlinking: /home/tarun_56/lmas_ws/install/autobot/share/autobot/description/inertial_macros.xacro
[1.245s] -- Symlinking: /home/tarun_56/lmas_ws/install/autobot/share/autobot/description/lidar.xacro
[1.262s] -- Symlinking: /home/tarun_56/lmas_ws/install/autobot/share/autobot/description/robot.urdf.xacro
[1.280s] -- Symlinking: /home/tarun_56/lmas_ws/install/autobot/share/autobot/description/robot_core.xacro
[1.297s] -- Symlinking: /home/tarun_56/lmas_ws/install/autobot/share/autobot/description/ros2_control.xacro
[1.312s] -- Symlinking: /home/tarun_56/lmas_ws/install/autobot/share/autobot/launch/ball_tracker.launch.py
[1.327s] -- Symlinking: /home/tarun_56/lmas_ws/install/autobot/share/autobot/launch/camera.launch.py
[1.340s] -- Symlinking: /home/tarun_56/lmas_ws/install/autobot/share/autobot/launch/detect_robot_launch.py
[1.358s] -- Symlinking: /home/tarun_56/lmas_ws/install/autobot/share/autobot/launch/joystick.launch.py
[1.375s] -- Symlinking: /home/tarun_56/lmas_ws/install/autobot/share/autobot/launch/launch_robot.launch.py
[1.390s] -- Symlinking: /home/tarun_56/lmas_ws/install/autobot/share/autobot/launch/launch_sim.launch.py
[1.406s] -- Symlinking: /home/tarun_56/lmas_ws/install/autobot/share/autobot/launch/localization_launch.py
[1.432s] -- Symlinking: /home/tarun_56/lmas_ws/install/autobot/share/autobot/launch/main_two_robots.launch.xml
[1.447s] -- Symlinking: /home/tarun_56/lmas_ws/install/autobot/share/autobot/launch/map_filters_launch.py
[1.460s] -- Symlinking: /home/tarun_56/lmas_ws/install/autobot/share/autobot/launch/navigation_launch.py
[1.476s] -- Symlinking: /home/tarun_56/lmas_ws/install/autobot/share/autobot/launch/online_async_launch.py
[1.489s] -- Symlinking: /home/tarun_56/lmas_ws/install/autobot/share/autobot/launch/rplidar.launch.py
[1.502s] -- Symlinking: /home/tarun_56/lmas_ws/install/autobot/share/autobot/launch/rsp.launch.py
[1.516s] -- Symlinking: /home/tarun_56/lmas_ws/install/autobot/share/autobot/launch/start_world_standalone.launch.py
[1.530s] -- Symlinking: /home/tarun_56/lmas_ws/install/autobot/share/autobot/launch/test_launch.py
[1.543s] -- Symlinking: /home/tarun_56/lmas_ws/install/autobot/share/autobot/worlds/empty.world
[1.559s] -- Symlinking: /home/tarun_56/lmas_ws/install/autobot/share/autobot/worlds/obstacles.world
[1.571s] -- Symlinking: /home/tarun_56/lmas_ws/install/autobot/share/autobot/worlds/room.world/model.config
[1.586s] -- Symlinking: /home/tarun_56/lmas_ws/install/autobot/share/autobot/worlds/room.world/model.sdf
[1.605s] -- Symlinking: /home/tarun_56/lmas_ws/install/autobot/share/autobot/worlds/test.world
[1.626s] -- Symlinking: /home/tarun_56/lmas_ws/install/autobot/share/autobot/worlds/track.world
[1.650s] -- Symlinking: /home/tarun_56/lmas_ws/install/autobot/share/autobot/worlds/warehouse.world
[1.666s] -- Symlinking: /home/tarun_56/lmas_ws/install/autobot/share/ament_index/resource_index/package_run_dependencies/autobot
[1.686s] -- Symlinking: /home/tarun_56/lmas_ws/install/autobot/share/ament_index/resource_index/parent_prefix_path/autobot
[1.705s] -- Symlinking: /home/tarun_56/lmas_ws/install/autobot/share/autobot/environment/ament_prefix_path.sh
[1.725s] -- Symlinking: /home/tarun_56/lmas_ws/install/autobot/share/autobot/environment/ament_prefix_path.dsv
[1.744s] -- Symlinking: /home/tarun_56/lmas_ws/install/autobot/share/autobot/environment/path.sh
[1.760s] -- Symlinking: /home/tarun_56/lmas_ws/install/autobot/share/autobot/environment/path.dsv
[1.775s] -- Symlinking: /home/tarun_56/lmas_ws/install/autobot/share/autobot/local_setup.bash
[1.790s] -- Symlinking: /home/tarun_56/lmas_ws/install/autobot/share/autobot/local_setup.sh
[1.804s] -- Symlinking: /home/tarun_56/lmas_ws/install/autobot/share/autobot/local_setup.zsh
[1.818s] -- Symlinking: /home/tarun_56/lmas_ws/install/autobot/share/autobot/local_setup.dsv
[1.834s] -- Symlinking: /home/tarun_56/lmas_ws/install/autobot/share/autobot/package.dsv
[1.872s] -- Symlinking: /home/tarun_56/lmas_ws/install/autobot/share/ament_index/resource_index/packages/autobot
[1.899s] -- Symlinking: /home/tarun_56/lmas_ws/install/autobot/share/autobot/cmake/autobotConfig.cmake
[1.912s] -- Symlinking: /home/tarun_56/lmas_ws/install/autobot/share/autobot/cmake/autobotConfig-version.cmake
[1.928s] -- Symlinking: /home/tarun_56/lmas_ws/install/autobot/share/autobot/package.xml
[1.950s] Invoked command in '/home/tarun_56/lmas_ws/build/autobot' returned '0': CMAKE_PREFIX_PATH=/opt/ros/humble /usr/bin/cmake --install /home/tarun_56/lmas_ws/build/autobot
