[1.049s] Invoking command in '/home/tarun_56/lmas_ws/src/ball_tracker': PYTHONPATH=/home/tarun_56/lmas_ws/build/ball_tracker/prefix_override:/home/tarun_56/lmas_ws/install/ball_tracker/lib/python3.10/site-packages:${PYTHONPATH} /usr/bin/python3 -W ignore:setup.py install is deprecated setup.py egg_info --egg-base ../../build/ball_tracker build --build-base /home/tarun_56/lmas_ws/build/ball_tracker/build install --record /home/tarun_56/lmas_ws/build/ball_tracker/install.log --install-scripts $base/lib/ball_tracker --single-version-externally-managed install_data
[1.290s] /home/tarun_56/.local/lib/python3.10/site-packages/setuptools/dist.py:717: UserWarning: Usage of dash-separated 'script-dir' will not be supported in future versions. Please use the underscore name 'script_dir' instead
[1.290s]   warnings.warn(
[1.317s] running egg_info
[1.318s] writing ../../build/ball_tracker/ball_tracker.egg-info/PKG-INFO
[1.318s] writing dependency_links to ../../build/ball_tracker/ball_tracker.egg-info/dependency_links.txt
[1.319s] writing entry points to ../../build/ball_tracker/ball_tracker.egg-info/entry_points.txt
[1.319s] writing requirements to ../../build/ball_tracker/ball_tracker.egg-info/requires.txt
[1.320s] writing top-level names to ../../build/ball_tracker/ball_tracker.egg-info/top_level.txt
[1.322s] reading manifest file '../../build/ball_tracker/ball_tracker.egg-info/SOURCES.txt'
[1.323s] writing manifest file '../../build/ball_tracker/ball_tracker.egg-info/SOURCES.txt'
[1.323s] running build
[1.323s] running build_py
[1.324s] running install
[1.324s] running install_lib
[1.326s] running install_data
[1.327s] running install_egg_info
[1.328s] removing '/home/tarun_56/lmas_ws/install/ball_tracker/lib/python3.10/site-packages/ball_tracker-0.0.0-py3.10.egg-info' (and everything under it)
[1.329s] Copying ../../build/ball_tracker/ball_tracker.egg-info to /home/tarun_56/lmas_ws/install/ball_tracker/lib/python3.10/site-packages/ball_tracker-0.0.0-py3.10.egg-info
[1.331s] running install_scripts
[1.351s] Installing detect_ball script to /home/tarun_56/lmas_ws/install/ball_tracker/lib/ball_tracker
[1.352s] Installing detect_ball_3d script to /home/tarun_56/lmas_ws/install/ball_tracker/lib/ball_tracker
[1.352s] Installing detect_robot_exe script to /home/tarun_56/lmas_ws/install/ball_tracker/lib/ball_tracker
[1.353s] Installing follow_ball script to /home/tarun_56/lmas_ws/install/ball_tracker/lib/ball_tracker
[1.353s] writing list of installed files to '/home/tarun_56/lmas_ws/build/ball_tracker/install.log'
[1.378s] Invoked command in '/home/tarun_56/lmas_ws/src/ball_tracker' returned '0': PYTHONPATH=/home/tarun_56/lmas_ws/build/ball_tracker/prefix_override:/home/tarun_56/lmas_ws/install/ball_tracker/lib/python3.10/site-packages:${PYTHONPATH} /usr/bin/python3 -W ignore:setup.py install is deprecated setup.py egg_info --egg-base ../../build/ball_tracker build --build-base /home/tarun_56/lmas_ws/build/ball_tracker/build install --record /home/tarun_56/lmas_ws/build/ball_tracker/install.log --install-scripts $base/lib/ball_tracker --single-version-externally-managed install_data
