[1.315s] Invoking command in '/home/tarun_56/lmas_ws/build/ball_tracker': PYTHONPATH=/home/tarun_56/lmas_ws/build/ball_tracker/prefix_override:/home/tarun_56/lmas_ws/install/ball_tracker/lib/python3.10/site-packages:${PYTHONPATH} /usr/bin/python3 -W ignore:setup.py install is deprecated setup.py develop --editable --build-directory /home/tarun_56/lmas_ws/build/ball_tracker/build --no-deps symlink_data --force
[1.632s] /home/tarun_56/.local/lib/python3.10/site-packages/setuptools/dist.py:717: UserWarning: Usage of dash-separated 'script-dir' will not be supported in future versions. Please use the underscore name 'script_dir' instead
[1.632s]   warnings.warn(
[1.698s] running develop
[1.956s] running egg_info
[1.958s] writing ball_tracker.egg-info/PKG-INFO
[1.962s] writing dependency_links to ball_tracker.egg-info/dependency_links.txt
[1.963s] writing entry points to ball_tracker.egg-info/entry_points.txt
[1.963s] writing requirements to ball_tracker.egg-info/requires.txt
[1.964s] writing top-level names to ball_tracker.egg-info/top_level.txt
[1.964s] reading manifest file 'ball_tracker.egg-info/SOURCES.txt'
[1.964s] writing manifest file 'ball_tracker.egg-info/SOURCES.txt'
[1.964s] running build_ext
[1.964s] Creating /home/tarun_56/lmas_ws/install/ball_tracker/lib/python3.10/site-packages/ball-tracker.egg-link (link to .)
[1.964s] Installing detect_ball script to /home/tarun_56/lmas_ws/install/ball_tracker/lib/ball_tracker
[1.964s] Installing detect_ball_3d script to /home/tarun_56/lmas_ws/install/ball_tracker/lib/ball_tracker
[1.964s] Installing detect_robot_exe script to /home/tarun_56/lmas_ws/install/ball_tracker/lib/ball_tracker
[1.964s] Installing follow_ball script to /home/tarun_56/lmas_ws/install/ball_tracker/lib/ball_tracker
[1.964s] 
[1.965s] Installed /home/tarun_56/lmas_ws/build/ball_tracker
[1.965s] running symlink_data
[1.965s] symbolically linking /home/tarun_56/lmas_ws/build/ball_tracker/resource/ball_tracker -> /home/tarun_56/lmas_ws/install/ball_tracker/share/ament_index/resource_index/packages
[1.965s] symbolically linking /home/tarun_56/lmas_ws/build/ball_tracker/package.xml -> /home/tarun_56/lmas_ws/install/ball_tracker/share/ball_tracker
[1.965s] symbolically linking /home/tarun_56/lmas_ws/build/ball_tracker/launch/example_launch_include.launch.py -> /home/tarun_56/lmas_ws/install/ball_tracker/share/ball_tracker/launch
[1.965s] symbolically linking /home/tarun_56/lmas_ws/build/ball_tracker/launch/ball_tracker.launch.py -> /home/tarun_56/lmas_ws/install/ball_tracker/share/ball_tracker/launch
[1.965s] symbolically linking /home/tarun_56/lmas_ws/build/ball_tracker/launch/detect_robot_launch.py -> /home/tarun_56/lmas_ws/install/ball_tracker/share/ball_tracker/launch
[1.965s] symbolically linking /home/tarun_56/lmas_ws/build/ball_tracker/config/ball_tracker_params_example.yaml -> /home/tarun_56/lmas_ws/install/ball_tracker/share/ball_tracker/config
[2.012s] Invoked command in '/home/tarun_56/lmas_ws/build/ball_tracker' returned '0': PYTHONPATH=/home/tarun_56/lmas_ws/build/ball_tracker/prefix_override:/home/tarun_56/lmas_ws/install/ball_tracker/lib/python3.10/site-packages:${PYTHONPATH} /usr/bin/python3 -W ignore:setup.py install is deprecated setup.py develop --editable --build-directory /home/tarun_56/lmas_ws/build/ball_tracker/build --no-deps symlink_data --force
