[0.048s] Invoking command in '/home/tarun_56/lmas_ws/build/autobot': CMAKE_PREFIX_PATH=/opt/ros/humble /usr/bin/cmake --build /home/tarun_56/lmas_ws/build/autobot -- -j4 -l4
[0.924s] Invoked command in '/home/tarun_56/lmas_ws/build/autobot' returned '0': CMAKE_PREFIX_PATH=/opt/ros/humble /usr/bin/cmake --build /home/tarun_56/lmas_ws/build/autobot -- -j4 -l4
[1.055s] Invoking command in '/home/tarun_56/lmas_ws/build/autobot': CMAKE_PREFIX_PATH=/opt/ros/humble /usr/bin/cmake --install /home/tarun_56/lmas_ws/build/autobot
[1.079s] -- Install configuration: ""
[1.084s] -- Execute custom install script
[1.086s] -- Up-to-date symlink: /home/tarun_56/lmas_ws/install/autobot/share/autobot/config/ball_tracker_params_robot.yaml
[1.086s] -- Up-to-date symlink: /home/tarun_56/lmas_ws/install/autobot/share/autobot/config/ball_tracker_params_sim.yaml
[1.087s] -- Up-to-date symlink: /home/tarun_56/lmas_ws/install/autobot/share/autobot/config/drive_bot.rviz
[1.088s] -- Up-to-date symlink: /home/tarun_56/lmas_ws/install/autobot/share/autobot/config/empty.yaml
[1.089s] -- Up-to-date symlink: /home/tarun_56/lmas_ws/install/autobot/share/autobot/config/gaz_ros2_ctl_use_sim.yaml
[1.090s] -- Up-to-date symlink: /home/tarun_56/lmas_ws/install/autobot/share/autobot/config/gazebo_params.yaml
[1.091s] -- Up-to-date symlink: /home/tarun_56/lmas_ws/install/autobot/share/autobot/config/joystick.yaml
[1.092s] -- Up-to-date symlink: /home/tarun_56/lmas_ws/install/autobot/share/autobot/config/main.rviz
[1.093s] -- Up-to-date symlink: /home/tarun_56/lmas_ws/install/autobot/share/autobot/config/map.rviz
[1.094s] -- Up-to-date symlink: /home/tarun_56/lmas_ws/install/autobot/share/autobot/config/map_filter_params.yaml
[1.095s] -- Up-to-date symlink: /home/tarun_56/lmas_ws/install/autobot/share/autobot/config/mapper_params_online_async.yaml
[1.096s] -- Up-to-date symlink: /home/tarun_56/lmas_ws/install/autobot/share/autobot/config/my_controllers.yaml
[1.098s] -- Up-to-date symlink: /home/tarun_56/lmas_ws/install/autobot/share/autobot/config/nav2_params.yaml
[1.099s] -- Up-to-date symlink: /home/tarun_56/lmas_ws/install/autobot/share/autobot/config/twist_mux.yaml
[1.099s] -- Up-to-date symlink: /home/tarun_56/lmas_ws/install/autobot/share/autobot/config/view_bot.rviz
[1.099s] -- Up-to-date symlink: /home/tarun_56/lmas_ws/install/autobot/share/autobot/config/warehouse.rviz
[1.101s] -- Up-to-date symlink: /home/tarun_56/lmas_ws/install/autobot/share/autobot/description/camera.xacro
[1.102s] -- Up-to-date symlink: /home/tarun_56/lmas_ws/install/autobot/share/autobot/description/depth_camera.xacro
[1.102s] -- Up-to-date symlink: /home/tarun_56/lmas_ws/install/autobot/share/autobot/description/face.xacro
[1.103s] -- Up-to-date symlink: /home/tarun_56/lmas_ws/install/autobot/share/autobot/description/gazebo_control.xacro
[1.103s] -- Up-to-date symlink: /home/tarun_56/lmas_ws/install/autobot/share/autobot/description/inertial_macros.xacro
[1.104s] -- Up-to-date symlink: /home/tarun_56/lmas_ws/install/autobot/share/autobot/description/lidar.xacro
[1.104s] -- Up-to-date symlink: /home/tarun_56/lmas_ws/install/autobot/share/autobot/description/robot.urdf.xacro
[1.105s] -- Up-to-date symlink: /home/tarun_56/lmas_ws/install/autobot/share/autobot/description/robot_core.xacro
[1.105s] -- Up-to-date symlink: /home/tarun_56/lmas_ws/install/autobot/share/autobot/description/ros2_control.xacro
[1.106s] -- Up-to-date symlink: /home/tarun_56/lmas_ws/install/autobot/share/autobot/launch/ball_tracker.launch.py
[1.106s] -- Up-to-date symlink: /home/tarun_56/lmas_ws/install/autobot/share/autobot/launch/camera.launch.py
[1.107s] -- Up-to-date symlink: /home/tarun_56/lmas_ws/install/autobot/share/autobot/launch/detect_robot_launch.py
[1.108s] -- Up-to-date symlink: /home/tarun_56/lmas_ws/install/autobot/share/autobot/launch/joystick.launch.py
[1.108s] -- Up-to-date symlink: /home/tarun_56/lmas_ws/install/autobot/share/autobot/launch/launch_robot.launch.py
[1.109s] -- Up-to-date symlink: /home/tarun_56/lmas_ws/install/autobot/share/autobot/launch/launch_sim.launch.py
[1.110s] -- Up-to-date symlink: /home/tarun_56/lmas_ws/install/autobot/share/autobot/launch/localization_launch.py
[1.112s] -- Up-to-date symlink: /home/tarun_56/lmas_ws/install/autobot/share/autobot/launch/main_two_robots.launch.xml
[1.112s] -- Up-to-date symlink: /home/tarun_56/lmas_ws/install/autobot/share/autobot/launch/map_filters_launch.py
[1.113s] -- Up-to-date symlink: /home/tarun_56/lmas_ws/install/autobot/share/autobot/launch/navigation_launch.py
[1.114s] -- Up-to-date symlink: /home/tarun_56/lmas_ws/install/autobot/share/autobot/launch/online_async_launch.py
[1.114s] -- Up-to-date symlink: /home/tarun_56/lmas_ws/install/autobot/share/autobot/launch/rplidar.launch.py
[1.115s] -- Up-to-date symlink: /home/tarun_56/lmas_ws/install/autobot/share/autobot/launch/rsp.launch.py
[1.116s] -- Up-to-date symlink: /home/tarun_56/lmas_ws/install/autobot/share/autobot/launch/start_world_standalone.launch.py
[1.117s] -- Up-to-date symlink: /home/tarun_56/lmas_ws/install/autobot/share/autobot/launch/test_launch.py
[1.119s] -- Up-to-date symlink: /home/tarun_56/lmas_ws/install/autobot/share/autobot/worlds/empty.world
[1.119s] -- Up-to-date symlink: /home/tarun_56/lmas_ws/install/autobot/share/autobot/worlds/new_warehouse.world
[1.119s] -- Up-to-date symlink: /home/tarun_56/lmas_ws/install/autobot/share/autobot/worlds/obstacles.world
[1.120s] -- Up-to-date symlink: /home/tarun_56/lmas_ws/install/autobot/share/autobot/worlds/room.world/model.config
[1.120s] -- Up-to-date symlink: /home/tarun_56/lmas_ws/install/autobot/share/autobot/worlds/room.world/model.sdf
[1.121s] -- Up-to-date symlink: /home/tarun_56/lmas_ws/install/autobot/share/autobot/worlds/test.world
[1.123s] -- Up-to-date symlink: /home/tarun_56/lmas_ws/install/autobot/share/autobot/worlds/track.world
[1.123s] -- Up-to-date symlink: /home/tarun_56/lmas_ws/install/autobot/share/autobot/worlds/warehouse.world
[1.124s] -- Up-to-date symlink: /home/tarun_56/lmas_ws/install/autobot/share/autobot/worlds/warehouse0.world
[1.124s] -- Up-to-date symlink: /home/tarun_56/lmas_ws/install/autobot/share/ament_index/resource_index/package_run_dependencies/autobot
[1.125s] -- Up-to-date symlink: /home/tarun_56/lmas_ws/install/autobot/share/ament_index/resource_index/parent_prefix_path/autobot
[1.125s] -- Up-to-date symlink: /home/tarun_56/lmas_ws/install/autobot/share/autobot/environment/ament_prefix_path.sh
[1.125s] -- Up-to-date symlink: /home/tarun_56/lmas_ws/install/autobot/share/autobot/environment/ament_prefix_path.dsv
[1.126s] -- Up-to-date symlink: /home/tarun_56/lmas_ws/install/autobot/share/autobot/environment/path.sh
[1.127s] -- Up-to-date symlink: /home/tarun_56/lmas_ws/install/autobot/share/autobot/environment/path.dsv
[1.128s] -- Up-to-date symlink: /home/tarun_56/lmas_ws/install/autobot/share/autobot/local_setup.bash
[1.128s] -- Up-to-date symlink: /home/tarun_56/lmas_ws/install/autobot/share/autobot/local_setup.sh
[1.129s] -- Up-to-date symlink: /home/tarun_56/lmas_ws/install/autobot/share/autobot/local_setup.zsh
[1.129s] -- Up-to-date symlink: /home/tarun_56/lmas_ws/install/autobot/share/autobot/local_setup.dsv
[1.130s] -- Symlinking: /home/tarun_56/lmas_ws/install/autobot/share/autobot/package.dsv
[1.155s] -- Up-to-date symlink: /home/tarun_56/lmas_ws/install/autobot/share/ament_index/resource_index/packages/autobot
[1.156s] -- Up-to-date symlink: /home/tarun_56/lmas_ws/install/autobot/share/autobot/cmake/autobotConfig.cmake
[1.156s] -- Up-to-date symlink: /home/tarun_56/lmas_ws/install/autobot/share/autobot/cmake/autobotConfig-version.cmake
[1.157s] -- Up-to-date symlink: /home/tarun_56/lmas_ws/install/autobot/share/autobot/package.xml
[1.165s] Invoked command in '/home/tarun_56/lmas_ws/build/autobot' returned '0': CMAKE_PREFIX_PATH=/opt/ros/humble /usr/bin/cmake --install /home/tarun_56/lmas_ws/build/autobot
