[0.143s] DEBUG:colcon:Command line arguments: ['/usr/bin/colcon', 'build', '--symlink-install']
[0.143s] DEBUG:colcon:Parsed command line arguments: Namespace(log_base=None, log_level=None, verb_name='build', build_base='build', install_base='install', merge_install=False, symlink_install=True, test_result_base=None, continue_on_error=False, executor='parallel', parallel_workers=4, event_handlers=None, ignore_user_meta=False, metas=['./colcon.meta'], base_paths=['.'], packages_ignore=None, packages_ignore_regex=None, paths=None, packages_up_to=None, packages_up_to_regex=None, packages_above=None, packages_above_and_dependencies=None, packages_above_depth=None, packages_select_by_dep=None, packages_skip_by_dep=None, packages_skip_up_to=None, packages_select_build_failed=False, packages_skip_build_finished=False, packages_select_test_failures=False, packages_skip_test_passed=False, packages_select=None, packages_skip=None, packages_select_regex=None, packages_skip_regex=None, packages_start=None, packages_end=None, allow_overriding=[], cmake_args=None, cmake_target=None, cmake_target_skip_unavailable=False, cmake_clean_cache=False, cmake_clean_first=False, cmake_force_configure=False, ament_cmake_args=None, catkin_cmake_args=None, catkin_skip_building_tests=False, verb_parser=<colcon_defaults.argument_parser.defaults.DefaultArgumentsDecorator object at 0x7c6552129360>, verb_extension=<colcon_core.verb.build.BuildVerb object at 0x7c6552128d60>, main=<bound method BuildVerb.main of <colcon_core.verb.build.BuildVerb object at 0x7c6552128d60>>)
[0.380s] Level 1:colcon.colcon_core.package_discovery:discover_packages(colcon_meta) check parameters
[0.380s] Level 1:colcon.colcon_core.package_discovery:discover_packages(recursive) check parameters
[0.380s] Level 1:colcon.colcon_core.package_discovery:discover_packages(ignore) check parameters
[0.380s] Level 1:colcon.colcon_core.package_discovery:discover_packages(path) check parameters
[0.380s] Level 1:colcon.colcon_core.package_discovery:discover_packages(colcon_meta) discover
[0.380s] Level 1:colcon.colcon_core.package_discovery:discover_packages(recursive) discover
[0.380s] INFO:colcon.colcon_core.package_discovery:Crawling recursively for packages in '/home/tarun_56/lmas_ws'
[0.380s] Level 1:colcon.colcon_core.package_identification:_identify(.) by extensions ['ignore', 'ignore_ament_install']
[0.380s] Level 1:colcon.colcon_core.package_identification:_identify(.) by extension 'ignore'
[0.380s] Level 1:colcon.colcon_core.package_identification:_identify(.) by extension 'ignore_ament_install'
[0.380s] Level 1:colcon.colcon_core.package_identification:_identify(.) by extensions ['colcon_pkg']
[0.380s] Level 1:colcon.colcon_core.package_identification:_identify(.) by extension 'colcon_pkg'
[0.380s] Level 1:colcon.colcon_core.package_identification:_identify(.) by extensions ['colcon_meta']
[0.380s] Level 1:colcon.colcon_core.package_identification:_identify(.) by extension 'colcon_meta'
[0.380s] Level 1:colcon.colcon_core.package_identification:_identify(.) by extensions ['ros']
[0.380s] Level 1:colcon.colcon_core.package_identification:_identify(.) by extension 'ros'
[0.390s] Level 1:colcon.colcon_core.package_identification:_identify(.) by extensions ['cmake', 'python']
[0.390s] Level 1:colcon.colcon_core.package_identification:_identify(.) by extension 'cmake'
[0.390s] Level 1:colcon.colcon_core.package_identification:_identify(.) by extension 'python'
[0.390s] Level 1:colcon.colcon_core.package_identification:_identify(.) by extensions ['python_setup_py']
[0.390s] Level 1:colcon.colcon_core.package_identification:_identify(.) by extension 'python_setup_py'
[0.390s] Level 1:colcon.colcon_core.package_identification:_identify(build) by extensions ['ignore', 'ignore_ament_install']
[0.390s] Level 1:colcon.colcon_core.package_identification:_identify(build) by extension 'ignore'
[0.390s] Level 1:colcon.colcon_core.package_identification:_identify(build) ignored
[0.391s] Level 1:colcon.colcon_core.package_identification:_identify(install) by extensions ['ignore', 'ignore_ament_install']
[0.391s] Level 1:colcon.colcon_core.package_identification:_identify(install) by extension 'ignore'
[0.391s] Level 1:colcon.colcon_core.package_identification:_identify(install) ignored
[0.391s] Level 1:colcon.colcon_core.package_identification:_identify(log) by extensions ['ignore', 'ignore_ament_install']
[0.391s] Level 1:colcon.colcon_core.package_identification:_identify(log) by extension 'ignore'
[0.391s] Level 1:colcon.colcon_core.package_identification:_identify(log) ignored
[0.391s] Level 1:colcon.colcon_core.package_identification:_identify(src) by extensions ['ignore', 'ignore_ament_install']
[0.391s] Level 1:colcon.colcon_core.package_identification:_identify(src) by extension 'ignore'
[0.391s] Level 1:colcon.colcon_core.package_identification:_identify(src) by extension 'ignore_ament_install'
[0.391s] Level 1:colcon.colcon_core.package_identification:_identify(src) by extensions ['colcon_pkg']
[0.391s] Level 1:colcon.colcon_core.package_identification:_identify(src) by extension 'colcon_pkg'
[0.391s] Level 1:colcon.colcon_core.package_identification:_identify(src) by extensions ['colcon_meta']
[0.391s] Level 1:colcon.colcon_core.package_identification:_identify(src) by extension 'colcon_meta'
[0.392s] Level 1:colcon.colcon_core.package_identification:_identify(src) by extensions ['ros']
[0.392s] Level 1:colcon.colcon_core.package_identification:_identify(src) by extension 'ros'
[0.392s] Level 1:colcon.colcon_core.package_identification:_identify(src) by extensions ['cmake', 'python']
[0.392s] Level 1:colcon.colcon_core.package_identification:_identify(src) by extension 'cmake'
[0.392s] Level 1:colcon.colcon_core.package_identification:_identify(src) by extension 'python'
[0.392s] Level 1:colcon.colcon_core.package_identification:_identify(src) by extensions ['python_setup_py']
[0.392s] Level 1:colcon.colcon_core.package_identification:_identify(src) by extension 'python_setup_py'
[0.392s] Level 1:colcon.colcon_core.package_identification:_identify(src/JS_tt) by extensions ['ignore', 'ignore_ament_install']
[0.392s] Level 1:colcon.colcon_core.package_identification:_identify(src/JS_tt) by extension 'ignore'
[0.392s] Level 1:colcon.colcon_core.package_identification:_identify(src/JS_tt) by extension 'ignore_ament_install'
[0.393s] Level 1:colcon.colcon_core.package_identification:_identify(src/JS_tt) by extensions ['colcon_pkg']
[0.393s] Level 1:colcon.colcon_core.package_identification:_identify(src/JS_tt) by extension 'colcon_pkg'
[0.393s] Level 1:colcon.colcon_core.package_identification:_identify(src/JS_tt) by extensions ['colcon_meta']
[0.393s] Level 1:colcon.colcon_core.package_identification:_identify(src/JS_tt) by extension 'colcon_meta'
[0.393s] Level 1:colcon.colcon_core.package_identification:_identify(src/JS_tt) by extensions ['ros']
[0.393s] Level 1:colcon.colcon_core.package_identification:_identify(src/JS_tt) by extension 'ros'
[0.393s] Level 1:colcon.colcon_core.package_identification:_identify(src/JS_tt) by extensions ['cmake', 'python']
[0.393s] Level 1:colcon.colcon_core.package_identification:_identify(src/JS_tt) by extension 'cmake'
[0.393s] Level 1:colcon.colcon_core.package_identification:_identify(src/JS_tt) by extension 'python'
[0.393s] Level 1:colcon.colcon_core.package_identification:_identify(src/JS_tt) by extensions ['python_setup_py']
[0.393s] Level 1:colcon.colcon_core.package_identification:_identify(src/JS_tt) by extension 'python_setup_py'
[0.393s] Level 1:colcon.colcon_core.package_identification:_identify(src/JS_tt/JobShopGA) by extensions ['ignore', 'ignore_ament_install']
[0.393s] Level 1:colcon.colcon_core.package_identification:_identify(src/JS_tt/JobShopGA) by extension 'ignore'
[0.393s] Level 1:colcon.colcon_core.package_identification:_identify(src/JS_tt/JobShopGA) by extension 'ignore_ament_install'
[0.393s] Level 1:colcon.colcon_core.package_identification:_identify(src/JS_tt/JobShopGA) by extensions ['colcon_pkg']
[0.393s] Level 1:colcon.colcon_core.package_identification:_identify(src/JS_tt/JobShopGA) by extension 'colcon_pkg'
[0.393s] Level 1:colcon.colcon_core.package_identification:_identify(src/JS_tt/JobShopGA) by extensions ['colcon_meta']
[0.393s] Level 1:colcon.colcon_core.package_identification:_identify(src/JS_tt/JobShopGA) by extension 'colcon_meta'
[0.393s] Level 1:colcon.colcon_core.package_identification:_identify(src/JS_tt/JobShopGA) by extensions ['ros']
[0.393s] Level 1:colcon.colcon_core.package_identification:_identify(src/JS_tt/JobShopGA) by extension 'ros'
[0.394s] Level 1:colcon.colcon_core.package_identification:_identify(src/JS_tt/JobShopGA) by extensions ['cmake', 'python']
[0.394s] Level 1:colcon.colcon_core.package_identification:_identify(src/JS_tt/JobShopGA) by extension 'cmake'
[0.394s] Level 1:colcon.colcon_core.package_identification:_identify(src/JS_tt/JobShopGA) by extension 'python'
[0.394s] Level 1:colcon.colcon_core.package_identification:_identify(src/JS_tt/JobShopGA) by extensions ['python_setup_py']
[0.394s] Level 1:colcon.colcon_core.package_identification:_identify(src/JS_tt/JobShopGA) by extension 'python_setup_py'
[0.394s] Level 1:colcon.colcon_core.package_identification:_identify(src/JS_tt/JobShopGA/__pycache__) by extensions ['ignore', 'ignore_ament_install']
[0.394s] Level 1:colcon.colcon_core.package_identification:_identify(src/JS_tt/JobShopGA/__pycache__) by extension 'ignore'
[0.394s] Level 1:colcon.colcon_core.package_identification:_identify(src/JS_tt/JobShopGA/__pycache__) by extension 'ignore_ament_install'
[0.394s] Level 1:colcon.colcon_core.package_identification:_identify(src/JS_tt/JobShopGA/__pycache__) by extensions ['colcon_pkg']
[0.394s] Level 1:colcon.colcon_core.package_identification:_identify(src/JS_tt/JobShopGA/__pycache__) by extension 'colcon_pkg'
[0.394s] Level 1:colcon.colcon_core.package_identification:_identify(src/JS_tt/JobShopGA/__pycache__) by extensions ['colcon_meta']
[0.394s] Level 1:colcon.colcon_core.package_identification:_identify(src/JS_tt/JobShopGA/__pycache__) by extension 'colcon_meta'
[0.394s] Level 1:colcon.colcon_core.package_identification:_identify(src/JS_tt/JobShopGA/__pycache__) by extensions ['ros']
[0.394s] Level 1:colcon.colcon_core.package_identification:_identify(src/JS_tt/JobShopGA/__pycache__) by extension 'ros'
[0.394s] Level 1:colcon.colcon_core.package_identification:_identify(src/JS_tt/JobShopGA/__pycache__) by extensions ['cmake', 'python']
[0.394s] Level 1:colcon.colcon_core.package_identification:_identify(src/JS_tt/JobShopGA/__pycache__) by extension 'cmake'
[0.394s] Level 1:colcon.colcon_core.package_identification:_identify(src/JS_tt/JobShopGA/__pycache__) by extension 'python'
[0.394s] Level 1:colcon.colcon_core.package_identification:_identify(src/JS_tt/JobShopGA/__pycache__) by extensions ['python_setup_py']
[0.394s] Level 1:colcon.colcon_core.package_identification:_identify(src/JS_tt/JobShopGA/__pycache__) by extension 'python_setup_py'
[0.395s] Level 1:colcon.colcon_core.package_identification:_identify(src/JobShopGA) by extensions ['ignore', 'ignore_ament_install']
[0.395s] Level 1:colcon.colcon_core.package_identification:_identify(src/JobShopGA) by extension 'ignore'
[0.395s] Level 1:colcon.colcon_core.package_identification:_identify(src/JobShopGA) by extension 'ignore_ament_install'
[0.395s] Level 1:colcon.colcon_core.package_identification:_identify(src/JobShopGA) by extensions ['colcon_pkg']
[0.395s] Level 1:colcon.colcon_core.package_identification:_identify(src/JobShopGA) by extension 'colcon_pkg'
[0.395s] Level 1:colcon.colcon_core.package_identification:_identify(src/JobShopGA) by extensions ['colcon_meta']
[0.395s] Level 1:colcon.colcon_core.package_identification:_identify(src/JobShopGA) by extension 'colcon_meta'
[0.395s] Level 1:colcon.colcon_core.package_identification:_identify(src/JobShopGA) by extensions ['ros']
[0.395s] Level 1:colcon.colcon_core.package_identification:_identify(src/JobShopGA) by extension 'ros'
[0.395s] Level 1:colcon.colcon_core.package_identification:_identify(src/JobShopGA) by extensions ['cmake', 'python']
[0.395s] Level 1:colcon.colcon_core.package_identification:_identify(src/JobShopGA) by extension 'cmake'
[0.395s] Level 1:colcon.colcon_core.package_identification:_identify(src/JobShopGA) by extension 'python'
[0.395s] Level 1:colcon.colcon_core.package_identification:_identify(src/JobShopGA) by extensions ['python_setup_py']
[0.395s] Level 1:colcon.colcon_core.package_identification:_identify(src/JobShopGA) by extension 'python_setup_py'
[0.395s] Level 1:colcon.colcon_core.package_identification:_identify(src/JobShopGA/Results) by extensions ['ignore', 'ignore_ament_install']
[0.395s] Level 1:colcon.colcon_core.package_identification:_identify(src/JobShopGA/Results) by extension 'ignore'
[0.396s] Level 1:colcon.colcon_core.package_identification:_identify(src/JobShopGA/Results) by extension 'ignore_ament_install'
[0.396s] Level 1:colcon.colcon_core.package_identification:_identify(src/JobShopGA/Results) by extensions ['colcon_pkg']
[0.396s] Level 1:colcon.colcon_core.package_identification:_identify(src/JobShopGA/Results) by extension 'colcon_pkg'
[0.396s] Level 1:colcon.colcon_core.package_identification:_identify(src/JobShopGA/Results) by extensions ['colcon_meta']
[0.396s] Level 1:colcon.colcon_core.package_identification:_identify(src/JobShopGA/Results) by extension 'colcon_meta'
[0.396s] Level 1:colcon.colcon_core.package_identification:_identify(src/JobShopGA/Results) by extensions ['ros']
[0.396s] Level 1:colcon.colcon_core.package_identification:_identify(src/JobShopGA/Results) by extension 'ros'
[0.396s] Level 1:colcon.colcon_core.package_identification:_identify(src/JobShopGA/Results) by extensions ['cmake', 'python']
[0.396s] Level 1:colcon.colcon_core.package_identification:_identify(src/JobShopGA/Results) by extension 'cmake'
[0.396s] Level 1:colcon.colcon_core.package_identification:_identify(src/JobShopGA/Results) by extension 'python'
[0.396s] Level 1:colcon.colcon_core.package_identification:_identify(src/JobShopGA/Results) by extensions ['python_setup_py']
[0.396s] Level 1:colcon.colcon_core.package_identification:_identify(src/JobShopGA/Results) by extension 'python_setup_py'
[0.396s] Level 1:colcon.colcon_core.package_identification:_identify(src/JobShopGA/Results/ft06) by extensions ['ignore', 'ignore_ament_install']
[0.396s] Level 1:colcon.colcon_core.package_identification:_identify(src/JobShopGA/Results/ft06) by extension 'ignore'
[0.397s] Level 1:colcon.colcon_core.package_identification:_identify(src/JobShopGA/Results/ft06) by extension 'ignore_ament_install'
[0.397s] Level 1:colcon.colcon_core.package_identification:_identify(src/JobShopGA/Results/ft06) by extensions ['colcon_pkg']
[0.397s] Level 1:colcon.colcon_core.package_identification:_identify(src/JobShopGA/Results/ft06) by extension 'colcon_pkg'
[0.397s] Level 1:colcon.colcon_core.package_identification:_identify(src/JobShopGA/Results/ft06) by extensions ['colcon_meta']
[0.397s] Level 1:colcon.colcon_core.package_identification:_identify(src/JobShopGA/Results/ft06) by extension 'colcon_meta'
[0.397s] Level 1:colcon.colcon_core.package_identification:_identify(src/JobShopGA/Results/ft06) by extensions ['ros']
[0.397s] Level 1:colcon.colcon_core.package_identification:_identify(src/JobShopGA/Results/ft06) by extension 'ros'
[0.397s] Level 1:colcon.colcon_core.package_identification:_identify(src/JobShopGA/Results/ft06) by extensions ['cmake', 'python']
[0.397s] Level 1:colcon.colcon_core.package_identification:_identify(src/JobShopGA/Results/ft06) by extension 'cmake'
[0.397s] Level 1:colcon.colcon_core.package_identification:_identify(src/JobShopGA/Results/ft06) by extension 'python'
[0.397s] Level 1:colcon.colcon_core.package_identification:_identify(src/JobShopGA/Results/ft06) by extensions ['python_setup_py']
[0.397s] Level 1:colcon.colcon_core.package_identification:_identify(src/JobShopGA/Results/ft06) by extension 'python_setup_py'
[0.397s] Level 1:colcon.colcon_core.package_identification:_identify(src/JobShopGA/Results/la01) by extensions ['ignore', 'ignore_ament_install']
[0.397s] Level 1:colcon.colcon_core.package_identification:_identify(src/JobShopGA/Results/la01) by extension 'ignore'
[0.397s] Level 1:colcon.colcon_core.package_identification:_identify(src/JobShopGA/Results/la01) by extension 'ignore_ament_install'
[0.397s] Level 1:colcon.colcon_core.package_identification:_identify(src/JobShopGA/Results/la01) by extensions ['colcon_pkg']
[0.397s] Level 1:colcon.colcon_core.package_identification:_identify(src/JobShopGA/Results/la01) by extension 'colcon_pkg'
[0.397s] Level 1:colcon.colcon_core.package_identification:_identify(src/JobShopGA/Results/la01) by extensions ['colcon_meta']
[0.397s] Level 1:colcon.colcon_core.package_identification:_identify(src/JobShopGA/Results/la01) by extension 'colcon_meta'
[0.397s] Level 1:colcon.colcon_core.package_identification:_identify(src/JobShopGA/Results/la01) by extensions ['ros']
[0.398s] Level 1:colcon.colcon_core.package_identification:_identify(src/JobShopGA/Results/la01) by extension 'ros'
[0.398s] Level 1:colcon.colcon_core.package_identification:_identify(src/JobShopGA/Results/la01) by extensions ['cmake', 'python']
[0.398s] Level 1:colcon.colcon_core.package_identification:_identify(src/JobShopGA/Results/la01) by extension 'cmake'
[0.398s] Level 1:colcon.colcon_core.package_identification:_identify(src/JobShopGA/Results/la01) by extension 'python'
[0.398s] Level 1:colcon.colcon_core.package_identification:_identify(src/JobShopGA/Results/la01) by extensions ['python_setup_py']
[0.398s] Level 1:colcon.colcon_core.package_identification:_identify(src/JobShopGA/Results/la01) by extension 'python_setup_py'
[0.398s] Level 1:colcon.colcon_core.package_identification:_identify(src/JobShopGA/Results/la02) by extensions ['ignore', 'ignore_ament_install']
[0.398s] Level 1:colcon.colcon_core.package_identification:_identify(src/JobShopGA/Results/la02) by extension 'ignore'
[0.398s] Level 1:colcon.colcon_core.package_identification:_identify(src/JobShopGA/Results/la02) by extension 'ignore_ament_install'
[0.398s] Level 1:colcon.colcon_core.package_identification:_identify(src/JobShopGA/Results/la02) by extensions ['colcon_pkg']
[0.398s] Level 1:colcon.colcon_core.package_identification:_identify(src/JobShopGA/Results/la02) by extension 'colcon_pkg'
[0.398s] Level 1:colcon.colcon_core.package_identification:_identify(src/JobShopGA/Results/la02) by extensions ['colcon_meta']
[0.398s] Level 1:colcon.colcon_core.package_identification:_identify(src/JobShopGA/Results/la02) by extension 'colcon_meta'
[0.398s] Level 1:colcon.colcon_core.package_identification:_identify(src/JobShopGA/Results/la02) by extensions ['ros']
[0.398s] Level 1:colcon.colcon_core.package_identification:_identify(src/JobShopGA/Results/la02) by extension 'ros'
[0.399s] Level 1:colcon.colcon_core.package_identification:_identify(src/JobShopGA/Results/la02) by extensions ['cmake', 'python']
[0.399s] Level 1:colcon.colcon_core.package_identification:_identify(src/JobShopGA/Results/la02) by extension 'cmake'
[0.399s] Level 1:colcon.colcon_core.package_identification:_identify(src/JobShopGA/Results/la02) by extension 'python'
[0.399s] Level 1:colcon.colcon_core.package_identification:_identify(src/JobShopGA/Results/la02) by extensions ['python_setup_py']
[0.399s] Level 1:colcon.colcon_core.package_identification:_identify(src/JobShopGA/Results/la02) by extension 'python_setup_py'
[0.399s] Level 1:colcon.colcon_core.package_identification:_identify(src/JobShopGA/Results/la03) by extensions ['ignore', 'ignore_ament_install']
[0.399s] Level 1:colcon.colcon_core.package_identification:_identify(src/JobShopGA/Results/la03) by extension 'ignore'
[0.399s] Level 1:colcon.colcon_core.package_identification:_identify(src/JobShopGA/Results/la03) by extension 'ignore_ament_install'
[0.399s] Level 1:colcon.colcon_core.package_identification:_identify(src/JobShopGA/Results/la03) by extensions ['colcon_pkg']
[0.399s] Level 1:colcon.colcon_core.package_identification:_identify(src/JobShopGA/Results/la03) by extension 'colcon_pkg'
[0.399s] Level 1:colcon.colcon_core.package_identification:_identify(src/JobShopGA/Results/la03) by extensions ['colcon_meta']
[0.399s] Level 1:colcon.colcon_core.package_identification:_identify(src/JobShopGA/Results/la03) by extension 'colcon_meta'
[0.399s] Level 1:colcon.colcon_core.package_identification:_identify(src/JobShopGA/Results/la03) by extensions ['ros']
[0.399s] Level 1:colcon.colcon_core.package_identification:_identify(src/JobShopGA/Results/la03) by extension 'ros'
[0.399s] Level 1:colcon.colcon_core.package_identification:_identify(src/JobShopGA/Results/la03) by extensions ['cmake', 'python']
[0.399s] Level 1:colcon.colcon_core.package_identification:_identify(src/JobShopGA/Results/la03) by extension 'cmake'
[0.399s] Level 1:colcon.colcon_core.package_identification:_identify(src/JobShopGA/Results/la03) by extension 'python'
[0.399s] Level 1:colcon.colcon_core.package_identification:_identify(src/JobShopGA/Results/la03) by extensions ['python_setup_py']
[0.399s] Level 1:colcon.colcon_core.package_identification:_identify(src/JobShopGA/Results/la03) by extension 'python_setup_py'
[0.400s] Level 1:colcon.colcon_core.package_identification:_identify(src/JobShopGA/Results/la04) by extensions ['ignore', 'ignore_ament_install']
[0.400s] Level 1:colcon.colcon_core.package_identification:_identify(src/JobShopGA/Results/la04) by extension 'ignore'
[0.400s] Level 1:colcon.colcon_core.package_identification:_identify(src/JobShopGA/Results/la04) by extension 'ignore_ament_install'
[0.400s] Level 1:colcon.colcon_core.package_identification:_identify(src/JobShopGA/Results/la04) by extensions ['colcon_pkg']
[0.400s] Level 1:colcon.colcon_core.package_identification:_identify(src/JobShopGA/Results/la04) by extension 'colcon_pkg'
[0.400s] Level 1:colcon.colcon_core.package_identification:_identify(src/JobShopGA/Results/la04) by extensions ['colcon_meta']
[0.400s] Level 1:colcon.colcon_core.package_identification:_identify(src/JobShopGA/Results/la04) by extension 'colcon_meta'
[0.400s] Level 1:colcon.colcon_core.package_identification:_identify(src/JobShopGA/Results/la04) by extensions ['ros']
[0.400s] Level 1:colcon.colcon_core.package_identification:_identify(src/JobShopGA/Results/la04) by extension 'ros'
[0.400s] Level 1:colcon.colcon_core.package_identification:_identify(src/JobShopGA/Results/la04) by extensions ['cmake', 'python']
[0.401s] Level 1:colcon.colcon_core.package_identification:_identify(src/JobShopGA/Results/la04) by extension 'cmake'
[0.401s] Level 1:colcon.colcon_core.package_identification:_identify(src/JobShopGA/Results/la04) by extension 'python'
[0.401s] Level 1:colcon.colcon_core.package_identification:_identify(src/JobShopGA/Results/la04) by extensions ['python_setup_py']
[0.401s] Level 1:colcon.colcon_core.package_identification:_identify(src/JobShopGA/Results/la04) by extension 'python_setup_py'
[0.401s] Level 1:colcon.colcon_core.package_identification:_identify(src/JobShopGA/Results/la05) by extensions ['ignore', 'ignore_ament_install']
[0.401s] Level 1:colcon.colcon_core.package_identification:_identify(src/JobShopGA/Results/la05) by extension 'ignore'
[0.401s] Level 1:colcon.colcon_core.package_identification:_identify(src/JobShopGA/Results/la05) by extension 'ignore_ament_install'
[0.401s] Level 1:colcon.colcon_core.package_identification:_identify(src/JobShopGA/Results/la05) by extensions ['colcon_pkg']
[0.401s] Level 1:colcon.colcon_core.package_identification:_identify(src/JobShopGA/Results/la05) by extension 'colcon_pkg'
[0.401s] Level 1:colcon.colcon_core.package_identification:_identify(src/JobShopGA/Results/la05) by extensions ['colcon_meta']
[0.401s] Level 1:colcon.colcon_core.package_identification:_identify(src/JobShopGA/Results/la05) by extension 'colcon_meta'
[0.401s] Level 1:colcon.colcon_core.package_identification:_identify(src/JobShopGA/Results/la05) by extensions ['ros']
[0.401s] Level 1:colcon.colcon_core.package_identification:_identify(src/JobShopGA/Results/la05) by extension 'ros'
[0.401s] Level 1:colcon.colcon_core.package_identification:_identify(src/JobShopGA/Results/la05) by extensions ['cmake', 'python']
[0.401s] Level 1:colcon.colcon_core.package_identification:_identify(src/JobShopGA/Results/la05) by extension 'cmake'
[0.401s] Level 1:colcon.colcon_core.package_identification:_identify(src/JobShopGA/Results/la05) by extension 'python'
[0.401s] Level 1:colcon.colcon_core.package_identification:_identify(src/JobShopGA/Results/la05) by extensions ['python_setup_py']
[0.401s] Level 1:colcon.colcon_core.package_identification:_identify(src/JobShopGA/Results/la05) by extension 'python_setup_py'
[0.402s] Level 1:colcon.colcon_core.package_identification:_identify(src/JobShopGA/__pycache__) by extensions ['ignore', 'ignore_ament_install']
[0.402s] Level 1:colcon.colcon_core.package_identification:_identify(src/JobShopGA/__pycache__) by extension 'ignore'
[0.402s] Level 1:colcon.colcon_core.package_identification:_identify(src/JobShopGA/__pycache__) by extension 'ignore_ament_install'
[0.402s] Level 1:colcon.colcon_core.package_identification:_identify(src/JobShopGA/__pycache__) by extensions ['colcon_pkg']
[0.402s] Level 1:colcon.colcon_core.package_identification:_identify(src/JobShopGA/__pycache__) by extension 'colcon_pkg'
[0.402s] Level 1:colcon.colcon_core.package_identification:_identify(src/JobShopGA/__pycache__) by extensions ['colcon_meta']
[0.402s] Level 1:colcon.colcon_core.package_identification:_identify(src/JobShopGA/__pycache__) by extension 'colcon_meta'
[0.402s] Level 1:colcon.colcon_core.package_identification:_identify(src/JobShopGA/__pycache__) by extensions ['ros']
[0.402s] Level 1:colcon.colcon_core.package_identification:_identify(src/JobShopGA/__pycache__) by extension 'ros'
[0.402s] Level 1:colcon.colcon_core.package_identification:_identify(src/JobShopGA/__pycache__) by extensions ['cmake', 'python']
[0.402s] Level 1:colcon.colcon_core.package_identification:_identify(src/JobShopGA/__pycache__) by extension 'cmake'
[0.402s] Level 1:colcon.colcon_core.package_identification:_identify(src/JobShopGA/__pycache__) by extension 'python'
[0.402s] Level 1:colcon.colcon_core.package_identification:_identify(src/JobShopGA/__pycache__) by extensions ['python_setup_py']
[0.402s] Level 1:colcon.colcon_core.package_identification:_identify(src/JobShopGA/__pycache__) by extension 'python_setup_py'
[0.402s] Level 1:colcon.colcon_core.package_identification:_identify(src/autobot) by extensions ['ignore', 'ignore_ament_install']
[0.402s] Level 1:colcon.colcon_core.package_identification:_identify(src/autobot) by extension 'ignore'
[0.402s] Level 1:colcon.colcon_core.package_identification:_identify(src/autobot) by extension 'ignore_ament_install'
[0.403s] Level 1:colcon.colcon_core.package_identification:_identify(src/autobot) by extensions ['colcon_pkg']
[0.403s] Level 1:colcon.colcon_core.package_identification:_identify(src/autobot) by extension 'colcon_pkg'
[0.403s] Level 1:colcon.colcon_core.package_identification:_identify(src/autobot) by extensions ['colcon_meta']
[0.403s] Level 1:colcon.colcon_core.package_identification:_identify(src/autobot) by extension 'colcon_meta'
[0.403s] Level 1:colcon.colcon_core.package_identification:_identify(src/autobot) by extensions ['ros']
[0.403s] Level 1:colcon.colcon_core.package_identification:_identify(src/autobot) by extension 'ros'
[0.405s] DEBUG:colcon.colcon_core.package_identification:Package 'src/autobot' with type 'ros.ament_cmake' and name 'autobot'
[0.405s] Level 1:colcon.colcon_core.package_identification:_identify(src/ball_tracker) by extensions ['ignore', 'ignore_ament_install']
[0.405s] Level 1:colcon.colcon_core.package_identification:_identify(src/ball_tracker) by extension 'ignore'
[0.406s] Level 1:colcon.colcon_core.package_identification:_identify(src/ball_tracker) by extension 'ignore_ament_install'
[0.406s] Level 1:colcon.colcon_core.package_identification:_identify(src/ball_tracker) by extensions ['colcon_pkg']
[0.406s] Level 1:colcon.colcon_core.package_identification:_identify(src/ball_tracker) by extension 'colcon_pkg'
[0.406s] Level 1:colcon.colcon_core.package_identification:_identify(src/ball_tracker) by extensions ['colcon_meta']
[0.406s] Level 1:colcon.colcon_core.package_identification:_identify(src/ball_tracker) by extension 'colcon_meta'
[0.406s] Level 1:colcon.colcon_core.package_identification:_identify(src/ball_tracker) by extensions ['ros']
[0.406s] Level 1:colcon.colcon_core.package_identification:_identify(src/ball_tracker) by extension 'ros'
[0.411s] DEBUG:colcon.colcon_core.package_identification:Package 'src/ball_tracker' with type 'ros.ament_python' and name 'ball_tracker'
[0.411s] Level 1:colcon.colcon_core.package_identification:_identify(src/follow_waypoints) by extensions ['ignore', 'ignore_ament_install']
[0.411s] Level 1:colcon.colcon_core.package_identification:_identify(src/follow_waypoints) by extension 'ignore'
[0.411s] Level 1:colcon.colcon_core.package_identification:_identify(src/follow_waypoints) by extension 'ignore_ament_install'
[0.411s] Level 1:colcon.colcon_core.package_identification:_identify(src/follow_waypoints) by extensions ['colcon_pkg']
[0.411s] Level 1:colcon.colcon_core.package_identification:_identify(src/follow_waypoints) by extension 'colcon_pkg'
[0.412s] Level 1:colcon.colcon_core.package_identification:_identify(src/follow_waypoints) by extensions ['colcon_meta']
[0.412s] Level 1:colcon.colcon_core.package_identification:_identify(src/follow_waypoints) by extension 'colcon_meta'
[0.412s] Level 1:colcon.colcon_core.package_identification:_identify(src/follow_waypoints) by extensions ['ros']
[0.412s] Level 1:colcon.colcon_core.package_identification:_identify(src/follow_waypoints) by extension 'ros'
[0.413s] DEBUG:colcon.colcon_core.package_identification:Package 'src/follow_waypoints' with type 'ros.ament_python' and name 'follow_waypoints'
[0.413s] Level 1:colcon.colcon_core.package_discovery:discover_packages(recursive) using defaults
[0.413s] Level 1:colcon.colcon_core.package_discovery:discover_packages(ignore) discover
[0.413s] Level 1:colcon.colcon_core.package_discovery:discover_packages(ignore) using defaults
[0.413s] Level 1:colcon.colcon_core.package_discovery:discover_packages(path) discover
[0.413s] Level 1:colcon.colcon_core.package_discovery:discover_packages(path) using defaults
[0.443s] Level 1:colcon.colcon_core.package_discovery:discover_packages(prefix_path) check parameters
[0.444s] Level 1:colcon.colcon_core.package_discovery:discover_packages(prefix_path) discover
[0.450s] DEBUG:colcon.colcon_installed_package_information.package_discovery:Found 404 installed packages in /opt/ros/humble
[0.453s] Level 1:colcon.colcon_core.package_discovery:discover_packages(prefix_path) using defaults
[0.526s] Level 5:colcon.colcon_core.verb:set package 'autobot' build argument 'cmake_args' from command line to 'None'
[0.527s] Level 5:colcon.colcon_core.verb:set package 'autobot' build argument 'cmake_target' from command line to 'None'
[0.527s] Level 5:colcon.colcon_core.verb:set package 'autobot' build argument 'cmake_target_skip_unavailable' from command line to 'False'
[0.527s] Level 5:colcon.colcon_core.verb:set package 'autobot' build argument 'cmake_clean_cache' from command line to 'False'
[0.527s] Level 5:colcon.colcon_core.verb:set package 'autobot' build argument 'cmake_clean_first' from command line to 'False'
[0.528s] Level 5:colcon.colcon_core.verb:set package 'autobot' build argument 'cmake_force_configure' from command line to 'False'
[0.528s] Level 5:colcon.colcon_core.verb:set package 'autobot' build argument 'ament_cmake_args' from command line to 'None'
[0.528s] Level 5:colcon.colcon_core.verb:set package 'autobot' build argument 'catkin_cmake_args' from command line to 'None'
[0.528s] Level 5:colcon.colcon_core.verb:set package 'autobot' build argument 'catkin_skip_building_tests' from command line to 'False'
[0.528s] DEBUG:colcon.colcon_core.verb:Building package 'autobot' with the following arguments: {'ament_cmake_args': None, 'build_base': '/home/tarun_56/lmas_ws/build/autobot', 'catkin_cmake_args': None, 'catkin_skip_building_tests': False, 'cmake_args': None, 'cmake_clean_cache': False, 'cmake_clean_first': False, 'cmake_force_configure': False, 'cmake_target': None, 'cmake_target_skip_unavailable': False, 'install_base': '/home/tarun_56/lmas_ws/install/autobot', 'merge_install': False, 'path': '/home/tarun_56/lmas_ws/src/autobot', 'symlink_install': True, 'test_result_base': None}
[0.529s] Level 5:colcon.colcon_core.verb:set package 'ball_tracker' build argument 'cmake_args' from command line to 'None'
[0.529s] Level 5:colcon.colcon_core.verb:set package 'ball_tracker' build argument 'cmake_target' from command line to 'None'
[0.529s] Level 5:colcon.colcon_core.verb:set package 'ball_tracker' build argument 'cmake_target_skip_unavailable' from command line to 'False'
[0.530s] Level 5:colcon.colcon_core.verb:set package 'ball_tracker' build argument 'cmake_clean_cache' from command line to 'False'
[0.530s] Level 5:colcon.colcon_core.verb:set package 'ball_tracker' build argument 'cmake_clean_first' from command line to 'False'
[0.530s] Level 5:colcon.colcon_core.verb:set package 'ball_tracker' build argument 'cmake_force_configure' from command line to 'False'
[0.530s] Level 5:colcon.colcon_core.verb:set package 'ball_tracker' build argument 'ament_cmake_args' from command line to 'None'
[0.530s] Level 5:colcon.colcon_core.verb:set package 'ball_tracker' build argument 'catkin_cmake_args' from command line to 'None'
[0.530s] Level 5:colcon.colcon_core.verb:set package 'ball_tracker' build argument 'catkin_skip_building_tests' from command line to 'False'
[0.531s] DEBUG:colcon.colcon_core.verb:Building package 'ball_tracker' with the following arguments: {'ament_cmake_args': None, 'build_base': '/home/tarun_56/lmas_ws/build/ball_tracker', 'catkin_cmake_args': None, 'catkin_skip_building_tests': False, 'cmake_args': None, 'cmake_clean_cache': False, 'cmake_clean_first': False, 'cmake_force_configure': False, 'cmake_target': None, 'cmake_target_skip_unavailable': False, 'install_base': '/home/tarun_56/lmas_ws/install/ball_tracker', 'merge_install': False, 'path': '/home/tarun_56/lmas_ws/src/ball_tracker', 'symlink_install': True, 'test_result_base': None}
[0.531s] Level 5:colcon.colcon_core.verb:set package 'follow_waypoints' build argument 'cmake_args' from command line to 'None'
[0.531s] Level 5:colcon.colcon_core.verb:set package 'follow_waypoints' build argument 'cmake_target' from command line to 'None'
[0.532s] Level 5:colcon.colcon_core.verb:set package 'follow_waypoints' build argument 'cmake_target_skip_unavailable' from command line to 'False'
[0.532s] Level 5:colcon.colcon_core.verb:set package 'follow_waypoints' build argument 'cmake_clean_cache' from command line to 'False'
[0.532s] Level 5:colcon.colcon_core.verb:set package 'follow_waypoints' build argument 'cmake_clean_first' from command line to 'False'
[0.532s] Level 5:colcon.colcon_core.verb:set package 'follow_waypoints' build argument 'cmake_force_configure' from command line to 'False'
[0.533s] Level 5:colcon.colcon_core.verb:set package 'follow_waypoints' build argument 'ament_cmake_args' from command line to 'None'
[0.533s] Level 5:colcon.colcon_core.verb:set package 'follow_waypoints' build argument 'catkin_cmake_args' from command line to 'None'
[0.533s] Level 5:colcon.colcon_core.verb:set package 'follow_waypoints' build argument 'catkin_skip_building_tests' from command line to 'False'
[0.533s] DEBUG:colcon.colcon_core.verb:Building package 'follow_waypoints' with the following arguments: {'ament_cmake_args': None, 'build_base': '/home/tarun_56/lmas_ws/build/follow_waypoints', 'catkin_cmake_args': None, 'catkin_skip_building_tests': False, 'cmake_args': None, 'cmake_clean_cache': False, 'cmake_clean_first': False, 'cmake_force_configure': False, 'cmake_target': None, 'cmake_target_skip_unavailable': False, 'install_base': '/home/tarun_56/lmas_ws/install/follow_waypoints', 'merge_install': False, 'path': '/home/tarun_56/lmas_ws/src/follow_waypoints', 'symlink_install': True, 'test_result_base': None}
[0.533s] INFO:colcon.colcon_core.executor:Executing jobs using 'parallel' executor
[0.535s] DEBUG:colcon.colcon_parallel_executor.executor.parallel:run_until_complete
[0.536s] INFO:colcon.colcon_ros.task.ament_cmake.build:Building ROS package in '/home/tarun_56/lmas_ws/src/autobot' with build type 'ament_cmake'
[0.536s] INFO:colcon.colcon_cmake.task.cmake.build:Building CMake package in '/home/tarun_56/lmas_ws/src/autobot'
[0.548s] INFO:colcon.colcon_core.plugin_system:Skipping extension 'colcon_core.shell.bat': Not used on non-Windows systems
[0.549s] INFO:colcon.colcon_core.shell:Skip shell extension 'powershell' for command environment: Not usable outside of PowerShell
[0.549s] DEBUG:colcon.colcon_core.shell:Skip shell extension 'dsv' for command environment
[0.554s] INFO:colcon.colcon_ros.task.ament_python.build:Building ROS package in '/home/tarun_56/lmas_ws/src/ball_tracker' with build type 'ament_python'
[0.555s] Level 1:colcon.colcon_core.shell:create_environment_hook('ball_tracker', 'ament_prefix_path')
[0.555s] INFO:colcon.colcon_core.shell:Creating environment hook '/home/tarun_56/lmas_ws/install/ball_tracker/share/ball_tracker/hook/ament_prefix_path.ps1'
[0.557s] INFO:colcon.colcon_core.shell:Creating environment descriptor '/home/tarun_56/lmas_ws/install/ball_tracker/share/ball_tracker/hook/ament_prefix_path.dsv'
[0.558s] INFO:colcon.colcon_core.shell:Creating environment hook '/home/tarun_56/lmas_ws/install/ball_tracker/share/ball_tracker/hook/ament_prefix_path.sh'
[0.559s] INFO:colcon.colcon_core.shell:Skip shell extension 'powershell' for command environment: Not usable outside of PowerShell
[0.559s] DEBUG:colcon.colcon_core.shell:Skip shell extension 'dsv' for command environment
[0.562s] INFO:colcon.colcon_ros.task.ament_python.build:Building ROS package in '/home/tarun_56/lmas_ws/src/follow_waypoints' with build type 'ament_python'
[0.563s] Level 1:colcon.colcon_core.shell:create_environment_hook('follow_waypoints', 'ament_prefix_path')
[0.563s] INFO:colcon.colcon_core.shell:Creating environment hook '/home/tarun_56/lmas_ws/install/follow_waypoints/share/follow_waypoints/hook/ament_prefix_path.ps1'
[0.564s] INFO:colcon.colcon_core.shell:Creating environment descriptor '/home/tarun_56/lmas_ws/install/follow_waypoints/share/follow_waypoints/hook/ament_prefix_path.dsv'
[0.564s] INFO:colcon.colcon_core.shell:Creating environment hook '/home/tarun_56/lmas_ws/install/follow_waypoints/share/follow_waypoints/hook/ament_prefix_path.sh'
[0.566s] INFO:colcon.colcon_core.shell:Skip shell extension 'powershell' for command environment: Not usable outside of PowerShell
[0.566s] DEBUG:colcon.colcon_core.shell:Skip shell extension 'dsv' for command environment
[0.579s] DEBUG:colcon.colcon_core.event_handler.log_command:Invoking command in '/home/tarun_56/lmas_ws/build/autobot': CMAKE_PREFIX_PATH=/opt/ros/humble /usr/bin/cmake --build /home/tarun_56/lmas_ws/build/autobot -- -j4 -l4
[0.982s] INFO:colcon.colcon_core.task.python.build:Building Python package in '/home/tarun_56/lmas_ws/src/ball_tracker'
[0.982s] INFO:colcon.colcon_core.shell:Skip shell extension 'powershell' for command environment: Not usable outside of PowerShell
[0.982s] DEBUG:colcon.colcon_core.shell:Skip shell extension 'dsv' for command environment
[1.308s] INFO:colcon.colcon_core.task.python.build:Building Python package in '/home/tarun_56/lmas_ws/src/follow_waypoints'
[1.308s] INFO:colcon.colcon_core.shell:Skip shell extension 'powershell' for command environment: Not usable outside of PowerShell
[1.308s] DEBUG:colcon.colcon_core.shell:Skip shell extension 'dsv' for command environment
[1.313s] DEBUG:colcon.colcon_core.event_handler.log_command:Invoked command in '/home/tarun_56/lmas_ws/build/autobot' returned '0': CMAKE_PREFIX_PATH=/opt/ros/humble /usr/bin/cmake --build /home/tarun_56/lmas_ws/build/autobot -- -j4 -l4
[1.377s] DEBUG:colcon.colcon_core.event_handler.log_command:Invoking command in '/home/tarun_56/lmas_ws/build/autobot': CMAKE_PREFIX_PATH=/opt/ros/humble /usr/bin/cmake --install /home/tarun_56/lmas_ws/build/autobot
[1.447s] Level 1:colcon.colcon_core.environment:create_environment_scripts_only(autobot)
[1.447s] DEBUG:colcon.colcon_core.event_handler.log_command:Invoked command in '/home/tarun_56/lmas_ws/build/autobot' returned '0': CMAKE_PREFIX_PATH=/opt/ros/humble /usr/bin/cmake --install /home/tarun_56/lmas_ws/build/autobot
[1.454s] Level 1:colcon.colcon_core.environment:checking '/home/tarun_56/lmas_ws/install/autobot' for CMake module files
[1.455s] Level 1:colcon.colcon_core.environment:checking '/home/tarun_56/lmas_ws/install/autobot' for CMake config files
[1.456s] Level 1:colcon.colcon_core.shell:create_environment_hook('autobot', 'cmake_prefix_path')
[1.456s] INFO:colcon.colcon_core.shell:Creating environment hook '/home/tarun_56/lmas_ws/install/autobot/share/autobot/hook/cmake_prefix_path.ps1'
[1.456s] INFO:colcon.colcon_core.shell:Creating environment descriptor '/home/tarun_56/lmas_ws/install/autobot/share/autobot/hook/cmake_prefix_path.dsv'
[1.457s] INFO:colcon.colcon_core.shell:Creating environment hook '/home/tarun_56/lmas_ws/install/autobot/share/autobot/hook/cmake_prefix_path.sh'
[1.458s] Level 1:colcon.colcon_core.environment:checking '/home/tarun_56/lmas_ws/install/autobot/bin'
[1.458s] Level 1:colcon.colcon_core.environment:checking '/home/tarun_56/lmas_ws/install/autobot/lib/pkgconfig/autobot.pc'
[1.458s] Level 1:colcon.colcon_core.environment:checking '/home/tarun_56/lmas_ws/install/autobot/lib/python3.10/site-packages'
[1.458s] Level 1:colcon.colcon_core.environment:checking '/home/tarun_56/lmas_ws/install/autobot/bin'
[1.459s] INFO:colcon.colcon_core.shell:Creating package script '/home/tarun_56/lmas_ws/install/autobot/share/autobot/package.ps1'
[1.460s] INFO:colcon.colcon_core.shell:Creating package descriptor '/home/tarun_56/lmas_ws/install/autobot/share/autobot/package.dsv'
[1.461s] INFO:colcon.colcon_core.shell:Creating package script '/home/tarun_56/lmas_ws/install/autobot/share/autobot/package.sh'
[1.462s] INFO:colcon.colcon_core.shell:Creating package script '/home/tarun_56/lmas_ws/install/autobot/share/autobot/package.bash'
[1.463s] INFO:colcon.colcon_core.shell:Creating package script '/home/tarun_56/lmas_ws/install/autobot/share/autobot/package.zsh'
[1.465s] Level 1:colcon.colcon_core.environment:create_file_with_runtime_dependencies(/home/tarun_56/lmas_ws/install/autobot/share/colcon-core/packages/autobot)
[1.504s] Level 1:colcon.colcon_core.environment:create_environment_scripts_only(autobot)
[1.504s] Level 1:colcon.colcon_core.environment:checking '/home/tarun_56/lmas_ws/install/autobot' for CMake module files
[1.505s] Level 1:colcon.colcon_core.environment:checking '/home/tarun_56/lmas_ws/install/autobot' for CMake config files
[1.506s] Level 1:colcon.colcon_core.shell:create_environment_hook('autobot', 'cmake_prefix_path')
[1.506s] INFO:colcon.colcon_core.shell:Creating environment hook '/home/tarun_56/lmas_ws/install/autobot/share/autobot/hook/cmake_prefix_path.ps1'
[1.507s] INFO:colcon.colcon_core.shell:Creating environment descriptor '/home/tarun_56/lmas_ws/install/autobot/share/autobot/hook/cmake_prefix_path.dsv'
[1.508s] INFO:colcon.colcon_core.shell:Creating environment hook '/home/tarun_56/lmas_ws/install/autobot/share/autobot/hook/cmake_prefix_path.sh'
[1.508s] Level 1:colcon.colcon_core.environment:checking '/home/tarun_56/lmas_ws/install/autobot/bin'
[1.509s] Level 1:colcon.colcon_core.environment:checking '/home/tarun_56/lmas_ws/install/autobot/lib/pkgconfig/autobot.pc'
[1.509s] Level 1:colcon.colcon_core.environment:checking '/home/tarun_56/lmas_ws/install/autobot/lib/python3.10/site-packages'
[1.509s] Level 1:colcon.colcon_core.environment:checking '/home/tarun_56/lmas_ws/install/autobot/bin'
[1.510s] INFO:colcon.colcon_core.shell:Creating package script '/home/tarun_56/lmas_ws/install/autobot/share/autobot/package.ps1'
[1.510s] INFO:colcon.colcon_core.shell:Creating package descriptor '/home/tarun_56/lmas_ws/install/autobot/share/autobot/package.dsv'
[1.511s] INFO:colcon.colcon_core.shell:Creating package script '/home/tarun_56/lmas_ws/install/autobot/share/autobot/package.sh'
[1.512s] INFO:colcon.colcon_core.shell:Creating package script '/home/tarun_56/lmas_ws/install/autobot/share/autobot/package.bash'
[1.512s] INFO:colcon.colcon_core.shell:Creating package script '/home/tarun_56/lmas_ws/install/autobot/share/autobot/package.zsh'
[1.513s] Level 1:colcon.colcon_core.environment:create_file_with_runtime_dependencies(/home/tarun_56/lmas_ws/install/autobot/share/colcon-core/packages/autobot)
[2.050s] DEBUG:colcon.colcon_core.event_handler.log_command:Invoking command in '/home/tarun_56/lmas_ws/build/ball_tracker': PYTHONPATH=/home/tarun_56/lmas_ws/build/ball_tracker/prefix_override:/home/tarun_56/lmas_ws/install/ball_tracker/lib/python3.10/site-packages:${PYTHONPATH} /usr/bin/python3 -W ignore:setup.py install is deprecated setup.py develop --editable --build-directory /home/tarun_56/lmas_ws/build/ball_tracker/build --no-deps symlink_data
[2.056s] DEBUG:colcon.colcon_core.event_handler.log_command:Invoking command in '/home/tarun_56/lmas_ws/build/follow_waypoints': PYTHONPATH=/home/tarun_56/lmas_ws/build/follow_waypoints/prefix_override:/home/tarun_56/lmas_ws/install/follow_waypoints/lib/python3.10/site-packages:${PYTHONPATH} /usr/bin/python3 -W ignore:setup.py install is deprecated setup.py develop --editable --build-directory /home/tarun_56/lmas_ws/build/follow_waypoints/build --no-deps symlink_data
[2.693s] Level 1:colcon.colcon_core.shell:create_environment_hook('follow_waypoints', 'pythonpath_develop')
[2.693s] INFO:colcon.colcon_core.shell:Creating environment hook '/home/tarun_56/lmas_ws/build/follow_waypoints/share/follow_waypoints/hook/pythonpath_develop.ps1'
[2.694s] DEBUG:colcon.colcon_core.event_handler.log_command:Invoked command in '/home/tarun_56/lmas_ws/build/follow_waypoints' returned '0': PYTHONPATH=/home/tarun_56/lmas_ws/build/follow_waypoints/prefix_override:/home/tarun_56/lmas_ws/install/follow_waypoints/lib/python3.10/site-packages:${PYTHONPATH} /usr/bin/python3 -W ignore:setup.py install is deprecated setup.py develop --editable --build-directory /home/tarun_56/lmas_ws/build/follow_waypoints/build --no-deps symlink_data
[2.695s] INFO:colcon.colcon_core.shell:Creating environment descriptor '/home/tarun_56/lmas_ws/build/follow_waypoints/share/follow_waypoints/hook/pythonpath_develop.dsv'
[2.696s] INFO:colcon.colcon_core.shell:Creating environment hook '/home/tarun_56/lmas_ws/build/follow_waypoints/share/follow_waypoints/hook/pythonpath_develop.sh'
[2.697s] Level 1:colcon.colcon_core.environment:checking '/home/tarun_56/lmas_ws/install/follow_waypoints' for CMake module files
[2.698s] Level 1:colcon.colcon_core.environment:checking '/home/tarun_56/lmas_ws/install/follow_waypoints' for CMake config files
[2.699s] Level 1:colcon.colcon_core.environment:checking '/home/tarun_56/lmas_ws/install/follow_waypoints/lib'
[2.699s] Level 1:colcon.colcon_core.environment:checking '/home/tarun_56/lmas_ws/install/follow_waypoints/bin'
[2.699s] Level 1:colcon.colcon_core.environment:checking '/home/tarun_56/lmas_ws/install/follow_waypoints/lib/pkgconfig/follow_waypoints.pc'
[2.700s] Level 1:colcon.colcon_core.environment:checking '/home/tarun_56/lmas_ws/install/follow_waypoints/lib/python3.10/site-packages'
[2.700s] Level 1:colcon.colcon_core.shell:create_environment_hook('follow_waypoints', 'pythonpath')
[2.700s] INFO:colcon.colcon_core.shell:Creating environment hook '/home/tarun_56/lmas_ws/install/follow_waypoints/share/follow_waypoints/hook/pythonpath.ps1'
[2.701s] INFO:colcon.colcon_core.shell:Creating environment descriptor '/home/tarun_56/lmas_ws/install/follow_waypoints/share/follow_waypoints/hook/pythonpath.dsv'
[2.701s] INFO:colcon.colcon_core.shell:Creating environment hook '/home/tarun_56/lmas_ws/install/follow_waypoints/share/follow_waypoints/hook/pythonpath.sh'
[2.702s] Level 1:colcon.colcon_core.environment:checking '/home/tarun_56/lmas_ws/install/follow_waypoints/bin'
[2.702s] Level 1:colcon.colcon_core.environment:create_environment_scripts_only(follow_waypoints)
[2.703s] INFO:colcon.colcon_core.shell:Creating package script '/home/tarun_56/lmas_ws/install/follow_waypoints/share/follow_waypoints/package.ps1'
[2.704s] INFO:colcon.colcon_core.shell:Creating package descriptor '/home/tarun_56/lmas_ws/install/follow_waypoints/share/follow_waypoints/package.dsv'
[2.704s] INFO:colcon.colcon_core.shell:Creating package script '/home/tarun_56/lmas_ws/install/follow_waypoints/share/follow_waypoints/package.sh'
[2.705s] INFO:colcon.colcon_core.shell:Creating package script '/home/tarun_56/lmas_ws/install/follow_waypoints/share/follow_waypoints/package.bash'
[2.706s] INFO:colcon.colcon_core.shell:Creating package script '/home/tarun_56/lmas_ws/install/follow_waypoints/share/follow_waypoints/package.zsh'
[2.706s] Level 1:colcon.colcon_core.environment:create_file_with_runtime_dependencies(/home/tarun_56/lmas_ws/install/follow_waypoints/share/colcon-core/packages/follow_waypoints)
[2.714s] Level 1:colcon.colcon_core.shell:create_environment_hook('ball_tracker', 'pythonpath_develop')
[2.715s] INFO:colcon.colcon_core.shell:Creating environment hook '/home/tarun_56/lmas_ws/build/ball_tracker/share/ball_tracker/hook/pythonpath_develop.ps1'
[2.715s] DEBUG:colcon.colcon_core.event_handler.log_command:Invoked command in '/home/tarun_56/lmas_ws/build/ball_tracker' returned '0': PYTHONPATH=/home/tarun_56/lmas_ws/build/ball_tracker/prefix_override:/home/tarun_56/lmas_ws/install/ball_tracker/lib/python3.10/site-packages:${PYTHONPATH} /usr/bin/python3 -W ignore:setup.py install is deprecated setup.py develop --editable --build-directory /home/tarun_56/lmas_ws/build/ball_tracker/build --no-deps symlink_data
[2.716s] INFO:colcon.colcon_core.shell:Creating environment descriptor '/home/tarun_56/lmas_ws/build/ball_tracker/share/ball_tracker/hook/pythonpath_develop.dsv'
[2.717s] INFO:colcon.colcon_core.shell:Creating environment hook '/home/tarun_56/lmas_ws/build/ball_tracker/share/ball_tracker/hook/pythonpath_develop.sh'
[2.718s] Level 1:colcon.colcon_core.environment:checking '/home/tarun_56/lmas_ws/install/ball_tracker' for CMake module files
[2.719s] Level 1:colcon.colcon_core.environment:checking '/home/tarun_56/lmas_ws/install/ball_tracker' for CMake config files
[2.720s] Level 1:colcon.colcon_core.environment:checking '/home/tarun_56/lmas_ws/install/ball_tracker/lib'
[2.720s] Level 1:colcon.colcon_core.environment:checking '/home/tarun_56/lmas_ws/install/ball_tracker/bin'
[2.720s] Level 1:colcon.colcon_core.environment:checking '/home/tarun_56/lmas_ws/install/ball_tracker/lib/pkgconfig/ball_tracker.pc'
[2.720s] Level 1:colcon.colcon_core.environment:checking '/home/tarun_56/lmas_ws/install/ball_tracker/lib/python3.10/site-packages'
[2.720s] Level 1:colcon.colcon_core.shell:create_environment_hook('ball_tracker', 'pythonpath')
[2.721s] INFO:colcon.colcon_core.shell:Creating environment hook '/home/tarun_56/lmas_ws/install/ball_tracker/share/ball_tracker/hook/pythonpath.ps1'
[2.723s] INFO:colcon.colcon_core.shell:Creating environment descriptor '/home/tarun_56/lmas_ws/install/ball_tracker/share/ball_tracker/hook/pythonpath.dsv'
[2.724s] INFO:colcon.colcon_core.shell:Creating environment hook '/home/tarun_56/lmas_ws/install/ball_tracker/share/ball_tracker/hook/pythonpath.sh'
[2.725s] Level 1:colcon.colcon_core.environment:checking '/home/tarun_56/lmas_ws/install/ball_tracker/bin'
[2.725s] Level 1:colcon.colcon_core.environment:create_environment_scripts_only(ball_tracker)
[2.726s] INFO:colcon.colcon_core.shell:Creating package script '/home/tarun_56/lmas_ws/install/ball_tracker/share/ball_tracker/package.ps1'
[2.726s] INFO:colcon.colcon_core.shell:Creating package descriptor '/home/tarun_56/lmas_ws/install/ball_tracker/share/ball_tracker/package.dsv'
[2.727s] INFO:colcon.colcon_core.shell:Creating package script '/home/tarun_56/lmas_ws/install/ball_tracker/share/ball_tracker/package.sh'
[2.728s] INFO:colcon.colcon_core.shell:Creating package script '/home/tarun_56/lmas_ws/install/ball_tracker/share/ball_tracker/package.bash'
[2.729s] INFO:colcon.colcon_core.shell:Creating package script '/home/tarun_56/lmas_ws/install/ball_tracker/share/ball_tracker/package.zsh'
[2.729s] Level 1:colcon.colcon_core.environment:create_file_with_runtime_dependencies(/home/tarun_56/lmas_ws/install/ball_tracker/share/colcon-core/packages/ball_tracker)
[2.730s] DEBUG:colcon.colcon_parallel_executor.executor.parallel:closing loop
[2.730s] DEBUG:colcon.colcon_parallel_executor.executor.parallel:loop closed
[2.730s] DEBUG:colcon.colcon_parallel_executor.executor.parallel:run_until_complete finished with '0'
[2.731s] DEBUG:colcon.colcon_core.event_reactor:joining thread
[2.744s] INFO:colcon.colcon_core.plugin_system:Skipping extension 'colcon_notification.desktop_notification.terminal_notifier': Not used on non-Darwin systems
[2.744s] INFO:colcon.colcon_core.plugin_system:Skipping extension 'colcon_notification.desktop_notification.win32': Not used on non-Windows systems
[2.744s] INFO:colcon.colcon_notification.desktop_notification:Sending desktop notification using 'notify2'
[2.763s] DEBUG:colcon.colcon_core.event_reactor:joined thread
[2.764s] INFO:colcon.colcon_core.shell:Creating prefix script '/home/tarun_56/lmas_ws/install/local_setup.ps1'
[2.766s] INFO:colcon.colcon_core.shell:Creating prefix util module '/home/tarun_56/lmas_ws/install/_local_setup_util_ps1.py'
[2.768s] INFO:colcon.colcon_core.shell:Creating prefix chain script '/home/tarun_56/lmas_ws/install/setup.ps1'
[2.770s] INFO:colcon.colcon_core.shell:Creating prefix script '/home/tarun_56/lmas_ws/install/local_setup.sh'
[2.771s] INFO:colcon.colcon_core.shell:Creating prefix util module '/home/tarun_56/lmas_ws/install/_local_setup_util_sh.py'
[2.772s] INFO:colcon.colcon_core.shell:Creating prefix chain script '/home/tarun_56/lmas_ws/install/setup.sh'
[2.774s] INFO:colcon.colcon_core.shell:Creating prefix script '/home/tarun_56/lmas_ws/install/local_setup.bash'
[2.775s] INFO:colcon.colcon_core.shell:Creating prefix chain script '/home/tarun_56/lmas_ws/install/setup.bash'
[2.777s] INFO:colcon.colcon_core.shell:Creating prefix script '/home/tarun_56/lmas_ws/install/local_setup.zsh'
[2.778s] INFO:colcon.colcon_core.shell:Creating prefix chain script '/home/tarun_56/lmas_ws/install/setup.zsh'
