[1.537s] Invoking command in '/home/tarun_56/lmas_ws/build/ball_tracker': PYTHONPATH=/home/tarun_56/lmas_ws/build/ball_tracker/prefix_override:/home/tarun_56/lmas_ws/install/ball_tracker/lib/python3.10/site-packages:${PYTHONPATH} /usr/bin/python3 -W ignore:setup.py install is deprecated setup.py develop --editable --build-directory /home/tarun_56/lmas_ws/build/ball_tracker/build --no-deps symlink_data
[1.844s] /home/tarun_56/.local/lib/python3.10/site-packages/setuptools/dist.py:717: UserWarning: Usage of dash-separated 'script-dir' will not be supported in future versions. Please use the underscore name 'script_dir' instead
[1.844s]   warnings.warn(
[1.910s] running develop
[2.147s] running egg_info
[2.147s] writing ball_tracker.egg-info/PKG-INFO
[2.147s] writing dependency_links to ball_tracker.egg-info/dependency_links.txt
[2.148s] writing entry points to ball_tracker.egg-info/entry_points.txt
[2.149s] writing requirements to ball_tracker.egg-info/requires.txt
[2.149s] writing top-level names to ball_tracker.egg-info/top_level.txt
[2.151s] reading manifest file 'ball_tracker.egg-info/SOURCES.txt'
[2.153s] writing manifest file 'ball_tracker.egg-info/SOURCES.txt'
[2.154s] running build_ext
[2.155s] Creating /home/tarun_56/lmas_ws/install/ball_tracker/lib/python3.10/site-packages/ball-tracker.egg-link (link to .)
[2.156s] Installing detect_ball script to /home/tarun_56/lmas_ws/install/ball_tracker/lib/ball_tracker
[2.156s] Installing detect_ball_3d script to /home/tarun_56/lmas_ws/install/ball_tracker/lib/ball_tracker
[2.157s] Installing detect_robot_exe script to /home/tarun_56/lmas_ws/install/ball_tracker/lib/ball_tracker
[2.157s] Installing follow_ball script to /home/tarun_56/lmas_ws/install/ball_tracker/lib/ball_tracker
[2.157s] 
[2.157s] Installed /home/tarun_56/lmas_ws/build/ball_tracker
[2.157s] running symlink_data
[2.207s] Invoked command in '/home/tarun_56/lmas_ws/build/ball_tracker' returned '0': PYTHONPATH=/home/tarun_56/lmas_ws/build/ball_tracker/prefix_override:/home/tarun_56/lmas_ws/install/ball_tracker/lib/python3.10/site-packages:${PYTHONPATH} /usr/bin/python3 -W ignore:setup.py install is deprecated setup.py develop --editable --build-directory /home/tarun_56/lmas_ws/build/ball_tracker/build --no-deps symlink_data
