[1.506s] Invoking command in '/home/tarun_56/lmas_ws/build/ball_tracker': PYTHONPATH=/home/tarun_56/lmas_ws/build/ball_tracker/prefix_override:/home/tarun_56/lmas_ws/install/ball_tracker/lib/python3.10/site-packages:${PYTHONPATH} /usr/bin/python3 -W ignore:setup.py install is deprecated setup.py develop --editable --build-directory /home/tarun_56/lmas_ws/build/ball_tracker/build --no-deps symlink_data
[1.789s] /home/tarun_56/.local/lib/python3.10/site-packages/setuptools/dist.py:717: UserWarning: Usage of dash-separated 'script-dir' will not be supported in future versions. Please use the underscore name 'script_dir' instead
[1.789s]   warnings.warn(
[1.849s] running develop
[2.076s] running egg_info
[2.077s] writing ball_tracker.egg-info/PKG-INFO
[2.077s] writing dependency_links to ball_tracker.egg-info/dependency_links.txt
[2.077s] writing entry points to ball_tracker.egg-info/entry_points.txt
[2.078s] writing requirements to ball_tracker.egg-info/requires.txt
[2.079s] writing top-level names to ball_tracker.egg-info/top_level.txt
[2.081s] reading manifest file 'ball_tracker.egg-info/SOURCES.txt'
[2.083s] writing manifest file 'ball_tracker.egg-info/SOURCES.txt'
[2.085s] running build_ext
[2.085s] Creating /home/tarun_56/lmas_ws/install/ball_tracker/lib/python3.10/site-packages/ball-tracker.egg-link (link to .)
[2.087s] Installing detect_ball script to /home/tarun_56/lmas_ws/install/ball_tracker/lib/ball_tracker
[2.087s] Installing detect_ball_3d script to /home/tarun_56/lmas_ws/install/ball_tracker/lib/ball_tracker
[2.088s] Installing detect_robot_exe script to /home/tarun_56/lmas_ws/install/ball_tracker/lib/ball_tracker
[2.088s] Installing follow_ball script to /home/tarun_56/lmas_ws/install/ball_tracker/lib/ball_tracker
[2.089s] 
[2.089s] Installed /home/tarun_56/lmas_ws/build/ball_tracker
[2.089s] running symlink_data
[2.134s] Invoked command in '/home/tarun_56/lmas_ws/build/ball_tracker' returned '0': PYTHONPATH=/home/tarun_56/lmas_ws/build/ball_tracker/prefix_override:/home/tarun_56/lmas_ws/install/ball_tracker/lib/python3.10/site-packages:${PYTHONPATH} /usr/bin/python3 -W ignore:setup.py install is deprecated setup.py develop --editable --build-directory /home/tarun_56/lmas_ws/build/ball_tracker/build --no-deps symlink_data
