[1.144s] Invoking command in '/home/tarun_56/lmas_ws/src/follow_waypoints': PYTHONPATH=/home/tarun_56/lmas_ws/build/follow_waypoints/prefix_override:/home/tarun_56/lmas_ws/install/follow_waypoints/lib/python3.10/site-packages:${PYTHONPATH} /usr/bin/python3 -W ignore:setup.py install is deprecated setup.py egg_info --egg-base ../../build/follow_waypoints build --build-base /home/tarun_56/lmas_ws/build/follow_waypoints/build install --record /home/tarun_56/lmas_ws/build/follow_waypoints/install.log --single-version-externally-managed install_data
[1.472s] running egg_info
[1.472s] creating ../../build/follow_waypoints/follow_waypoints.egg-info
[1.472s] writing ../../build/follow_waypoints/follow_waypoints.egg-info/PKG-INFO
[1.473s] writing dependency_links to ../../build/follow_waypoints/follow_waypoints.egg-info/dependency_links.txt
[1.473s] writing entry points to ../../build/follow_waypoints/follow_waypoints.egg-info/entry_points.txt
[1.473s] writing requirements to ../../build/follow_waypoints/follow_waypoints.egg-info/requires.txt
[1.474s] writing top-level names to ../../build/follow_waypoints/follow_waypoints.egg-info/top_level.txt
[1.474s] writing manifest file '../../build/follow_waypoints/follow_waypoints.egg-info/SOURCES.txt'
[1.475s] reading manifest file '../../build/follow_waypoints/follow_waypoints.egg-info/SOURCES.txt'
[1.478s] writing manifest file '../../build/follow_waypoints/follow_waypoints.egg-info/SOURCES.txt'
[1.478s] running build
[1.478s] running build_py
[1.478s] creating /home/tarun_56/lmas_ws/build/follow_waypoints/build
[1.478s] creating /home/tarun_56/lmas_ws/build/follow_waypoints/build/lib
[1.479s] creating /home/tarun_56/lmas_ws/build/follow_waypoints/build/lib/follow_waypoints
[1.479s] copying follow_waypoints/__init__.py -> /home/tarun_56/lmas_ws/build/follow_waypoints/build/lib/follow_waypoints
[1.479s] copying follow_waypoints/follow_waypoints.py -> /home/tarun_56/lmas_ws/build/follow_waypoints/build/lib/follow_waypoints
[1.479s] copying follow_waypoints/go_to_points.py -> /home/tarun_56/lmas_ws/build/follow_waypoints/build/lib/follow_waypoints
[1.480s] running install
[1.480s] running install_lib
[1.480s] creating /home/tarun_56/lmas_ws/install/follow_waypoints/lib/python3.10/site-packages/follow_waypoints
[1.480s] copying /home/tarun_56/lmas_ws/build/follow_waypoints/build/lib/follow_waypoints/__init__.py -> /home/tarun_56/lmas_ws/install/follow_waypoints/lib/python3.10/site-packages/follow_waypoints
[1.480s] copying /home/tarun_56/lmas_ws/build/follow_waypoints/build/lib/follow_waypoints/follow_waypoints.py -> /home/tarun_56/lmas_ws/install/follow_waypoints/lib/python3.10/site-packages/follow_waypoints
[1.480s] copying /home/tarun_56/lmas_ws/build/follow_waypoints/build/lib/follow_waypoints/go_to_points.py -> /home/tarun_56/lmas_ws/install/follow_waypoints/lib/python3.10/site-packages/follow_waypoints
[1.481s] byte-compiling /home/tarun_56/lmas_ws/install/follow_waypoints/lib/python3.10/site-packages/follow_waypoints/__init__.py to __init__.cpython-310.pyc
[1.481s] byte-compiling /home/tarun_56/lmas_ws/install/follow_waypoints/lib/python3.10/site-packages/follow_waypoints/follow_waypoints.py to follow_waypoints.cpython-310.pyc
[1.482s] byte-compiling /home/tarun_56/lmas_ws/install/follow_waypoints/lib/python3.10/site-packages/follow_waypoints/go_to_points.py to go_to_points.cpython-310.pyc
[1.483s] running install_data
[1.483s] creating /home/tarun_56/lmas_ws/install/follow_waypoints/share/ament_index
[1.484s] creating /home/tarun_56/lmas_ws/install/follow_waypoints/share/ament_index/resource_index
[1.484s] creating /home/tarun_56/lmas_ws/install/follow_waypoints/share/ament_index/resource_index/packages
[1.484s] copying resource/follow_waypoints -> /home/tarun_56/lmas_ws/install/follow_waypoints/share/ament_index/resource_index/packages
[1.484s] copying package.xml -> /home/tarun_56/lmas_ws/install/follow_waypoints/share/follow_waypoints
[1.484s] creating /home/tarun_56/lmas_ws/install/follow_waypoints/share/follow_waypoints/config
[1.484s] copying config/follow_waypoints.yaml -> /home/tarun_56/lmas_ws/install/follow_waypoints/share/follow_waypoints/config
[1.484s] running install_egg_info
[1.486s] Copying ../../build/follow_waypoints/follow_waypoints.egg-info to /home/tarun_56/lmas_ws/install/follow_waypoints/lib/python3.10/site-packages/follow_waypoints-0.0.0-py3.10.egg-info
[1.487s] running install_scripts
[1.507s] Installing follow_waypoints_exe script to /home/tarun_56/lmas_ws/install/follow_waypoints/lib/follow_waypoints
[1.507s] Installing go_to_points_exe script to /home/tarun_56/lmas_ws/install/follow_waypoints/lib/follow_waypoints
[1.507s] writing list of installed files to '/home/tarun_56/lmas_ws/build/follow_waypoints/install.log'
[1.543s] Invoked command in '/home/tarun_56/lmas_ws/src/follow_waypoints' returned '0': PYTHONPATH=/home/tarun_56/lmas_ws/build/follow_waypoints/prefix_override:/home/tarun_56/lmas_ws/install/follow_waypoints/lib/python3.10/site-packages:${PYTHONPATH} /usr/bin/python3 -W ignore:setup.py install is deprecated setup.py egg_info --egg-base ../../build/follow_waypoints build --build-base /home/tarun_56/lmas_ws/build/follow_waypoints/build install --record /home/tarun_56/lmas_ws/build/follow_waypoints/install.log --single-version-externally-managed install_data
