[1.171s] Invoking command in '/home/tarun_56/lmas_ws/src/ball_tracker': PYTHONPATH=/home/tarun_56/lmas_ws/build/ball_tracker/prefix_override:/home/tarun_56/lmas_ws/install/ball_tracker/lib/python3.10/site-packages:${PYTHONPATH} /usr/bin/python3 -W ignore:setup.py install is deprecated setup.py egg_info --egg-base ../../build/ball_tracker build --build-base /home/tarun_56/lmas_ws/build/ball_tracker/build install --record /home/tarun_56/lmas_ws/build/ball_tracker/install.log --install-scripts $base/lib/ball_tracker --single-version-externally-managed install_data
[1.482s] /home/tarun_56/.local/lib/python3.10/site-packages/setuptools/dist.py:717: UserWarning: Usage of dash-separated 'script-dir' will not be supported in future versions. Please use the underscore name 'script_dir' instead
[1.483s]   warnings.warn(
[1.514s] running egg_info
[1.514s] creating ../../build/ball_tracker/ball_tracker.egg-info
[1.514s] writing ../../build/ball_tracker/ball_tracker.egg-info/PKG-INFO
[1.515s] writing dependency_links to ../../build/ball_tracker/ball_tracker.egg-info/dependency_links.txt
[1.515s] writing entry points to ../../build/ball_tracker/ball_tracker.egg-info/entry_points.txt
[1.515s] writing requirements to ../../build/ball_tracker/ball_tracker.egg-info/requires.txt
[1.516s] writing top-level names to ../../build/ball_tracker/ball_tracker.egg-info/top_level.txt
[1.516s] writing manifest file '../../build/ball_tracker/ball_tracker.egg-info/SOURCES.txt'
[1.518s] reading manifest file '../../build/ball_tracker/ball_tracker.egg-info/SOURCES.txt'
[1.518s] writing manifest file '../../build/ball_tracker/ball_tracker.egg-info/SOURCES.txt'
[1.519s] running build
[1.519s] running build_py
[1.519s] creating /home/tarun_56/lmas_ws/build/ball_tracker/build
[1.519s] creating /home/tarun_56/lmas_ws/build/ball_tracker/build/lib
[1.520s] creating /home/tarun_56/lmas_ws/build/ball_tracker/build/lib/ball_tracker
[1.520s] copying ball_tracker/__init__.py -> /home/tarun_56/lmas_ws/build/ball_tracker/build/lib/ball_tracker
[1.520s] copying ball_tracker/stop_behind_robot.py -> /home/tarun_56/lmas_ws/build/ball_tracker/build/lib/ball_tracker
[1.520s] copying ball_tracker/follow_ball.py -> /home/tarun_56/lmas_ws/build/ball_tracker/build/lib/ball_tracker
[1.521s] copying ball_tracker/process_image.py -> /home/tarun_56/lmas_ws/build/ball_tracker/build/lib/ball_tracker
[1.521s] copying ball_tracker/detect_ball.py -> /home/tarun_56/lmas_ws/build/ball_tracker/build/lib/ball_tracker
[1.521s] copying ball_tracker/detect_ball_3d.py -> /home/tarun_56/lmas_ws/build/ball_tracker/build/lib/ball_tracker
[1.521s] running install
[1.521s] running install_lib
[1.522s] creating /home/tarun_56/lmas_ws/install/ball_tracker/lib/python3.10/site-packages/ball_tracker
[1.522s] copying /home/tarun_56/lmas_ws/build/ball_tracker/build/lib/ball_tracker/__init__.py -> /home/tarun_56/lmas_ws/install/ball_tracker/lib/python3.10/site-packages/ball_tracker
[1.522s] copying /home/tarun_56/lmas_ws/build/ball_tracker/build/lib/ball_tracker/stop_behind_robot.py -> /home/tarun_56/lmas_ws/install/ball_tracker/lib/python3.10/site-packages/ball_tracker
[1.522s] copying /home/tarun_56/lmas_ws/build/ball_tracker/build/lib/ball_tracker/follow_ball.py -> /home/tarun_56/lmas_ws/install/ball_tracker/lib/python3.10/site-packages/ball_tracker
[1.523s] copying /home/tarun_56/lmas_ws/build/ball_tracker/build/lib/ball_tracker/process_image.py -> /home/tarun_56/lmas_ws/install/ball_tracker/lib/python3.10/site-packages/ball_tracker
[1.523s] copying /home/tarun_56/lmas_ws/build/ball_tracker/build/lib/ball_tracker/detect_ball.py -> /home/tarun_56/lmas_ws/install/ball_tracker/lib/python3.10/site-packages/ball_tracker
[1.524s] copying /home/tarun_56/lmas_ws/build/ball_tracker/build/lib/ball_tracker/detect_ball_3d.py -> /home/tarun_56/lmas_ws/install/ball_tracker/lib/python3.10/site-packages/ball_tracker
[1.525s] byte-compiling /home/tarun_56/lmas_ws/install/ball_tracker/lib/python3.10/site-packages/ball_tracker/__init__.py to __init__.cpython-310.pyc
[1.525s] byte-compiling /home/tarun_56/lmas_ws/install/ball_tracker/lib/python3.10/site-packages/ball_tracker/stop_behind_robot.py to stop_behind_robot.cpython-310.pyc
[1.525s] byte-compiling /home/tarun_56/lmas_ws/install/ball_tracker/lib/python3.10/site-packages/ball_tracker/follow_ball.py to follow_ball.cpython-310.pyc
[1.526s] byte-compiling /home/tarun_56/lmas_ws/install/ball_tracker/lib/python3.10/site-packages/ball_tracker/process_image.py to process_image.cpython-310.pyc
[1.528s] byte-compiling /home/tarun_56/lmas_ws/install/ball_tracker/lib/python3.10/site-packages/ball_tracker/detect_ball.py to detect_ball.cpython-310.pyc
[1.528s] byte-compiling /home/tarun_56/lmas_ws/install/ball_tracker/lib/python3.10/site-packages/ball_tracker/detect_ball_3d.py to detect_ball_3d.cpython-310.pyc
[1.529s] running install_data
[1.529s] creating /home/tarun_56/lmas_ws/install/ball_tracker/share/ament_index
[1.529s] creating /home/tarun_56/lmas_ws/install/ball_tracker/share/ament_index/resource_index
[1.530s] creating /home/tarun_56/lmas_ws/install/ball_tracker/share/ament_index/resource_index/packages
[1.530s] copying resource/ball_tracker -> /home/tarun_56/lmas_ws/install/ball_tracker/share/ament_index/resource_index/packages
[1.530s] copying package.xml -> /home/tarun_56/lmas_ws/install/ball_tracker/share/ball_tracker
[1.530s] creating /home/tarun_56/lmas_ws/install/ball_tracker/share/ball_tracker/launch
[1.530s] copying launch/example_launch_include.launch.py -> /home/tarun_56/lmas_ws/install/ball_tracker/share/ball_tracker/launch
[1.530s] copying launch/ball_tracker.launch.py -> /home/tarun_56/lmas_ws/install/ball_tracker/share/ball_tracker/launch
[1.530s] copying launch/detect_robot_launch.py -> /home/tarun_56/lmas_ws/install/ball_tracker/share/ball_tracker/launch
[1.531s] creating /home/tarun_56/lmas_ws/install/ball_tracker/share/ball_tracker/config
[1.531s] copying config/ball_tracker_params_example.yaml -> /home/tarun_56/lmas_ws/install/ball_tracker/share/ball_tracker/config
[1.531s] running install_egg_info
[1.533s] Copying ../../build/ball_tracker/ball_tracker.egg-info to /home/tarun_56/lmas_ws/install/ball_tracker/lib/python3.10/site-packages/ball_tracker-0.0.0-py3.10.egg-info
[1.535s] running install_scripts
[1.560s] Installing detect_ball script to /home/tarun_56/lmas_ws/install/ball_tracker/lib/ball_tracker
[1.560s] Installing detect_ball_3d script to /home/tarun_56/lmas_ws/install/ball_tracker/lib/ball_tracker
[1.561s] Installing detect_robot_exe script to /home/tarun_56/lmas_ws/install/ball_tracker/lib/ball_tracker
[1.561s] Installing follow_ball script to /home/tarun_56/lmas_ws/install/ball_tracker/lib/ball_tracker
[1.561s] writing list of installed files to '/home/tarun_56/lmas_ws/build/ball_tracker/install.log'
[1.589s] Invoked command in '/home/tarun_56/lmas_ws/src/ball_tracker' returned '0': PYTHONPATH=/home/tarun_56/lmas_ws/build/ball_tracker/prefix_override:/home/tarun_56/lmas_ws/install/ball_tracker/lib/python3.10/site-packages:${PYTHONPATH} /usr/bin/python3 -W ignore:setup.py install is deprecated setup.py egg_info --egg-base ../../build/ball_tracker build --build-base /home/tarun_56/lmas_ws/build/ball_tracker/build install --record /home/tarun_56/lmas_ws/build/ball_tracker/install.log --install-scripts $base/lib/ball_tracker --single-version-externally-managed install_data
